2026-05-13T13:36:49.193-04:00  INFO 4864 --- [cart] [main] cl.gestion.ventas.cart.CartApplication   : Starting CartApplication using Java 25 with PID 4864 (C:\Users\user\Documents\DUOC\Desarrollo Fullstack I\gestion-de-ventas-online\cart\target\classes started by user in C:\Users\user\Documents\DUOC\Desarrollo Fullstack I\gestion-de-ventas-online\cart)
2026-05-13T13:36:49.195-04:00  INFO 4864 --- [cart] [main] cl.gestion.ventas.cart.CartApplication   : No active profile set, falling back to 1 default profile: "default"
2026-05-13T13:36:50.189-04:00  INFO 4864 --- [cart] [main] .s.d.r.c.RepositoryConfigurationDelegate : Bootstrapping Spring Data JPA repositories in DEFAULT mode.
2026-05-13T13:36:50.309-04:00  INFO 4864 --- [cart] [main] .s.d.r.c.RepositoryConfigurationDelegate : Finished Spring Data repository scanning in 111 ms. Found 1 JPA repository interface.
2026-05-13T13:36:50.535-04:00  INFO 4864 --- [cart] [main] o.s.cloud.context.scope.GenericScope     : BeanFactory id=25897730-bea5-3f38-960f-66a0e6b77898
2026-05-13T13:36:50.995-04:00  INFO 4864 --- [cart] [main] o.s.boot.tomcat.TomcatWebServer          : Tomcat initialized with port 8082 (http)
2026-05-13T13:36:51.013-04:00  INFO 4864 --- [cart] [main] o.apache.catalina.core.StandardService   : Starting service [Tomcat]
2026-05-13T13:36:51.013-04:00  INFO 4864 --- [cart] [main] o.apache.catalina.core.StandardEngine    : Starting Servlet engine: [Apache Tomcat/11.0.21]
2026-05-13T13:36:51.081-04:00  INFO 4864 --- [cart] [main] b.w.c.s.WebApplicationContextInitializer : Root WebApplicationContext: initialization completed in 1845 ms
2026-05-13T13:36:51.478-04:00  INFO 4864 --- [cart] [main] com.zaxxer.hikari.HikariDataSource       : HikariPool-1 - Starting...
2026-05-13T13:36:51.827-04:00  INFO 4864 --- [cart] [main] com.zaxxer.hikari.pool.HikariPool        : HikariPool-1 - Added connection com.mysql.cj.jdbc.ConnectionImpl@f48a080
2026-05-13T13:36:51.829-04:00  INFO 4864 --- [cart] [main] com.zaxxer.hikari.HikariDataSource       : HikariPool-1 - Start completed.
2026-05-13T13:36:51.866-04:00  INFO 4864 --- [cart] [main] org.flywaydb.core.FlywayExecutor         : Database: jdbc:mysql://localhost:3306/cart_db (MySQL 8.4)
2026-05-13T13:36:51.876-04:00  WARN 4864 --- [cart] [main] o.f.c.internal.database.base.Database    : Using MySQL 8.4 which is newer than the version Flyway has been verified with. The latest verified version of MySQL is 8.1.
2026-05-13T13:36:51.927-04:00  INFO 4864 --- [cart] [main] o.f.core.internal.command.DbValidate     : Successfully validated 2 migrations (execution time 00:00.038s)
2026-05-13T13:36:51.946-04:00  INFO 4864 --- [cart] [main] o.f.core.internal.command.DbMigrate      : Current version of schema `cart_db`: 2
2026-05-13T13:36:51.951-04:00  INFO 4864 --- [cart] [main] o.f.core.internal.command.DbMigrate      : Schema `cart_db` is up to date. No migration necessary.
2026-05-13T13:36:52.060-04:00  INFO 4864 --- [cart] [main] org.hibernate.orm.jpa                    : HHH008540: Processing PersistenceUnitInfo [name: default]
2026-05-13T13:36:52.113-04:00  INFO 4864 --- [cart] [main] org.hibernate.orm.core                   : HHH000001: Hibernate ORM core version 7.2.12.Final
2026-05-13T13:36:52.472-04:00  INFO 4864 --- [cart] [main] o.s.o.j.p.SpringPersistenceUnitInfo      : No LoadTimeWeaver setup: ignoring JPA class transformer
2026-05-13T13:36:52.533-04:00  INFO 4864 --- [cart] [main] org.hibernate.orm.connections.pooling    : HHH10001005: Database info:
	Database JDBC URL [jdbc:mysql://localhost:3306/cart_db]
	Database driver: MySQL Connector/J
	Database dialect: MySQLDialect
	Database version: 8.4.3
	Default catalog/schema: cart_db/undefined
	Autocommit mode: undefined/unknown
	Isolation level: REPEATABLE_READ [default REPEATABLE_READ]
	JDBC fetch size: none
	Pool: DataSourceConnectionProvider
	Minimum pool size: undefined/unknown
	Maximum pool size: undefined/unknown
2026-05-13T13:36:53.165-04:00  INFO 4864 --- [cart] [main] org.hibernate.orm.core                   : HHH000489: No JTA platform available (set 'hibernate.transaction.jta.platform' to enable JTA platform integration)
2026-05-13T13:36:53.192-04:00  INFO 4864 --- [cart] [main] j.LocalContainerEntityManagerFactoryBean : Initialized JPA EntityManagerFactory for persistence unit 'default'
2026-05-13T13:36:53.253-04:00  INFO 4864 --- [cart] [main] o.s.d.j.r.query.QueryEnhancerFactories   : Hibernate is in classpath; If applicable, HQL parser will be used.
2026-05-13T13:36:53.688-04:00  WARN 4864 --- [cart] [main] .s.a.UserDetailsServiceAutoConfiguration : 

Using generated security password: 9ecf454a-7019-4017-94cd-88fe890fd799

This generated password is for development use only. Your security configuration must be updated before running your application in production.

2026-05-13T13:36:53.696-04:00  INFO 4864 --- [cart] [main] r$InitializeUserDetailsManagerConfigurer : Global AuthenticationManager configured with UserDetailsService bean with name inMemoryUserDetailsManager
2026-05-13T13:36:54.136-04:00  WARN 4864 --- [cart] [main] ConfigServletWebServerApplicationContext : Exception encountered during context initialization - cancelling refresh attempt: org.springframework.context.ApplicationContextException: Failed to start bean 'webServerStartStop'
2026-05-13T13:36:54.139-04:00  INFO 4864 --- [cart] [main] j.LocalContainerEntityManagerFactoryBean : Closing JPA EntityManagerFactory for persistence unit 'default'
2026-05-13T13:36:54.141-04:00  INFO 4864 --- [cart] [main] com.zaxxer.hikari.HikariDataSource       : HikariPool-1 - Shutdown initiated...
2026-05-13T13:36:54.149-04:00  INFO 4864 --- [cart] [main] com.zaxxer.hikari.HikariDataSource       : HikariPool-1 - Shutdown completed.
2026-05-13T13:36:54.169-04:00  INFO 4864 --- [cart] [main] .s.b.a.l.ConditionEvaluationReportLogger : 

Error starting ApplicationContext. To display the condition evaluation report re-run your application with 'debug' enabled.
2026-05-13T13:36:54.184-04:00 ERROR 4864 --- [cart] [main] o.s.b.d.LoggingFailureAnalysisReporter   : 

***************************
APPLICATION FAILED TO START
***************************

Description:

Web server failed to start. Port 8082 was already in use.

Action:

Identify and stop the process that's listening on port 8082 or configure this application to listen on another port.

