2026-05-16T15:24:54.045-04:00  INFO 17032 --- [cart] [main] cl.gestion.ventas.cart.CartApplication   : Starting CartApplication using Java 21.0.10 with PID 17032 (C:\Users\ferdi\Documents\gestion-de-ventas-online\cart\target\classes started by ferdi in C:\Users\ferdi\Documents\gestion-de-ventas-online)
2026-05-16T15:24:54.048-04:00 DEBUG 17032 --- [cart] [main] cl.gestion.ventas.cart.CartApplication   : Running with Spring Boot v4.0.6, Spring v7.0.7
2026-05-16T15:24:54.049-04:00  INFO 17032 --- [cart] [main] cl.gestion.ventas.cart.CartApplication   : No active profile set, falling back to 1 default profile: "default"
2026-05-16T15:24:54.806-04:00  INFO 17032 --- [cart] [main] .s.d.r.c.RepositoryConfigurationDelegate : Bootstrapping Spring Data JPA repositories in DEFAULT mode.
2026-05-16T15:24:54.920-04:00  INFO 17032 --- [cart] [main] .s.d.r.c.RepositoryConfigurationDelegate : Finished Spring Data repository scanning in 105 ms. Found 1 JPA repository interface.
2026-05-16T15:24:55.096-04:00  INFO 17032 --- [cart] [main] o.s.cloud.context.scope.GenericScope     : BeanFactory id=25897730-bea5-3f38-960f-66a0e6b77898
2026-05-16T15:24:55.414-04:00  INFO 17032 --- [cart] [main] o.s.boot.tomcat.TomcatWebServer          : Tomcat initialized with port 8082 (http)
2026-05-16T15:24:55.429-04:00  INFO 17032 --- [cart] [main] o.apache.catalina.core.StandardService   : Starting service [Tomcat]
2026-05-16T15:24:55.431-04:00  INFO 17032 --- [cart] [main] o.apache.catalina.core.StandardEngine    : Starting Servlet engine: [Apache Tomcat/11.0.21]
2026-05-16T15:24:55.517-04:00  INFO 17032 --- [cart] [main] b.w.c.s.WebApplicationContextInitializer : Root WebApplicationContext: initialization completed in 1421 ms
2026-05-16T15:24:55.575-04:00 DEBUG 17032 --- [cart] [main] c.g.v.c.s.JwtAuthenticationFilter        : Filter 'jwtAuthenticationFilter' configured for use
2026-05-16T15:24:55.880-04:00  INFO 17032 --- [cart] [main] com.zaxxer.hikari.HikariDataSource       : HikariPool-1 - Starting...
2026-05-16T15:24:56.170-04:00  INFO 17032 --- [cart] [main] com.zaxxer.hikari.pool.HikariPool        : HikariPool-1 - Added connection com.mysql.cj.jdbc.ConnectionImpl@738a39cc
2026-05-16T15:24:56.172-04:00  INFO 17032 --- [cart] [main] com.zaxxer.hikari.HikariDataSource       : HikariPool-1 - Start completed.
2026-05-16T15:24:56.214-04:00  INFO 17032 --- [cart] [main] org.flywaydb.core.FlywayExecutor         : Database: jdbc:mysql://localhost:3306/cart_db (MySQL 8.4)
2026-05-16T15:24:56.224-04:00  WARN 17032 --- [cart] [main] o.f.c.internal.database.base.Database    : Using MySQL 8.4 which is newer than the version Flyway has been verified with. The latest verified version of MySQL is 8.1.
2026-05-16T15:24:56.255-04:00  INFO 17032 --- [cart] [main] o.f.c.i.s.JdbcTableSchemaHistory         : Schema history table `cart_db`.`flyway_schema_history` does not exist yet
2026-05-16T15:24:56.258-04:00  INFO 17032 --- [cart] [main] o.f.core.internal.command.DbValidate     : Successfully validated 2 migrations (execution time 00:00.021s)
2026-05-16T15:24:56.270-04:00  INFO 17032 --- [cart] [main] org.flywaydb.core.Flyway                 : All configured schemas are empty; baseline operation skipped. A baseline or migration script with a lower version than the baseline version may execute if available. Check the Schemas parameter if this is not intended.
2026-05-16T15:24:56.275-04:00  INFO 17032 --- [cart] [main] o.f.c.i.s.JdbcTableSchemaHistory         : Creating Schema History table `cart_db`.`flyway_schema_history` ...
2026-05-16T15:24:56.336-04:00  INFO 17032 --- [cart] [main] o.f.core.internal.command.DbMigrate      : Current version of schema `cart_db`: << Empty Schema >>
2026-05-16T15:24:56.343-04:00  INFO 17032 --- [cart] [main] o.f.core.internal.command.DbMigrate      : Migrating schema `cart_db` to version "1 - create table carts"
2026-05-16T15:24:56.419-04:00  INFO 17032 --- [cart] [main] o.f.core.internal.command.DbMigrate      : Migrating schema `cart_db` to version "2 - initial data"
2026-05-16T15:24:56.444-04:00  INFO 17032 --- [cart] [main] o.f.core.internal.command.DbMigrate      : Successfully applied 2 migrations to schema `cart_db`, now at version v2 (execution time 00:00.062s)
2026-05-16T15:24:56.529-04:00  INFO 17032 --- [cart] [main] org.hibernate.orm.jpa                    : HHH008540: Processing PersistenceUnitInfo [name: default]
2026-05-16T15:24:56.577-04:00  INFO 17032 --- [cart] [main] org.hibernate.orm.core                   : HHH000001: Hibernate ORM core version 7.2.12.Final
2026-05-16T15:24:56.931-04:00  INFO 17032 --- [cart] [main] o.s.o.j.p.SpringPersistenceUnitInfo      : No LoadTimeWeaver setup: ignoring JPA class transformer
2026-05-16T15:24:57.005-04:00  INFO 17032 --- [cart] [main] org.hibernate.orm.connections.pooling    : HHH10001005: Database info:
	Database JDBC URL [jdbc:mysql://localhost:3306/cart_db]
	Database driver: MySQL Connector/J
	Database dialect: MySQLDialect
	Database version: 8.4.3
	Default catalog/schema: cart_db/undefined
	Autocommit mode: undefined/unknown
	Isolation level: REPEATABLE_READ [default REPEATABLE_READ]
	JDBC fetch size: none
	Pool: DataSourceConnectionProvider
	Minimum pool size: undefined/unknown
	Maximum pool size: undefined/unknown
2026-05-16T15:24:57.674-04:00  INFO 17032 --- [cart] [main] org.hibernate.orm.core                   : HHH000489: No JTA platform available (set 'hibernate.transaction.jta.platform' to enable JTA platform integration)
2026-05-16T15:24:57.705-04:00  INFO 17032 --- [cart] [main] j.LocalContainerEntityManagerFactoryBean : Initialized JPA EntityManagerFactory for persistence unit 'default'
2026-05-16T15:24:57.767-04:00  INFO 17032 --- [cart] [main] o.s.d.j.r.query.QueryEnhancerFactories   : Hibernate is in classpath; If applicable, HQL parser will be used.
2026-05-16T15:24:58.106-04:00  WARN 17032 --- [cart] [main] .s.a.UserDetailsServiceAutoConfiguration : 

Using generated security password: 7cd52132-1238-4c9d-ad5c-5c9c34233880

This generated password is for development use only. Your security configuration must be updated before running your application in production.

2026-05-16T15:24:58.113-04:00  INFO 17032 --- [cart] [main] r$InitializeUserDetailsManagerConfigurer : Global AuthenticationManager configured with UserDetailsService bean with name inMemoryUserDetailsManager
2026-05-16T15:24:59.507-04:00  INFO 17032 --- [cart] [main] o.s.cloud.commons.util.InetUtils         : Cannot determine local hostname
2026-05-16T15:25:00.520-04:00  INFO 17032 --- [cart] [main] o.s.cloud.commons.util.InetUtils         : Cannot determine local hostname
2026-05-16T15:25:00.557-04:00  INFO 17032 --- [cart] [main] o.s.boot.tomcat.TomcatWebServer          : Tomcat started on port 8082 (http) with context path '/api'
2026-05-16T15:25:01.575-04:00  INFO 17032 --- [cart] [main] o.s.cloud.commons.util.InetUtils         : Cannot determine local hostname
2026-05-16T15:25:02.587-04:00  INFO 17032 --- [cart] [main] o.s.cloud.commons.util.InetUtils         : Cannot determine local hostname
2026-05-16T15:25:02.593-04:00  INFO 17032 --- [cart] [main] cl.gestion.ventas.cart.CartApplication   : Started CartApplication in 9.961 seconds (process running for 10.494)
2026-05-16T15:39:44.251-04:00  INFO 17032 --- [cart] [http-nio-8082-exec-1] o.a.c.c.C.[Tomcat].[localhost].[/api]    : Initializing Spring DispatcherServlet 'dispatcherServlet'
2026-05-16T15:39:44.251-04:00  INFO 17032 --- [cart] [http-nio-8082-exec-1] o.s.web.servlet.DispatcherServlet        : Initializing Servlet 'dispatcherServlet'
2026-05-16T15:39:44.252-04:00  INFO 17032 --- [cart] [http-nio-8082-exec-1] o.s.web.servlet.DispatcherServlet        : Completed initialization in 1 ms
2026-05-16T15:39:44.338-04:00  INFO 17032 --- [cart] [http-nio-8082-exec-1] c.g.v.c.s.JwtAuthenticationFilter        : Token válido para usuario: 2
2026-05-16T15:39:44.367-04:00  INFO 17032 --- [cart] [http-nio-8082-exec-1] c.g.ventas.cart.service.CartService      : Obteniendo todos los carritos
2026-05-16T15:41:29.890-04:00  INFO 17032 --- [cart] [http-nio-8082-exec-3] c.g.v.c.s.JwtAuthenticationFilter        : Token válido para usuario: 2
2026-05-16T15:41:29.936-04:00  INFO 17032 --- [cart] [http-nio-8082-exec-3] c.g.v.cart.controller.CartController     : Actualizando carrito del usuario: 1
2026-05-16T15:41:29.938-04:00  WARN 17032 --- [cart] [http-nio-8082-exec-3] c.g.ventas.cart.service.CartService      : Acceso no autorizado: Usuario 2 intento actualizar carrito de 1
2026-05-16T15:41:29.943-04:00 ERROR 17032 --- [cart] [http-nio-8082-exec-3] c.g.v.c.e.GlobalExceptionHandler         : Usuario sin permisos para realizar acción
2026-05-16T15:42:18.279-04:00  INFO 17032 --- [cart] [http-nio-8082-exec-2] c.g.v.c.s.JwtAuthenticationFilter        : Token válido para usuario: 2
2026-05-16T15:42:18.280-04:00  INFO 17032 --- [cart] [http-nio-8082-exec-2] c.g.v.cart.controller.CartController     : Actualizando carrito del usuario: 1
2026-05-16T15:42:18.281-04:00  WARN 17032 --- [cart] [http-nio-8082-exec-2] c.g.ventas.cart.service.CartService      : Acceso no autorizado: Usuario 2 intento actualizar carrito de 1
2026-05-16T15:42:18.283-04:00 ERROR 17032 --- [cart] [http-nio-8082-exec-2] c.g.v.c.e.GlobalExceptionHandler         : Usuario sin permisos para realizar acción
2026-05-16T15:42:59.461-04:00  INFO 17032 --- [cart] [http-nio-8082-exec-4] c.g.v.c.s.JwtAuthenticationFilter        : Token válido para usuario: 2
2026-05-16T15:42:59.462-04:00  INFO 17032 --- [cart] [http-nio-8082-exec-4] c.g.v.cart.controller.CartController     : Actualizando carrito del usuario: 1
2026-05-16T15:42:59.463-04:00  WARN 17032 --- [cart] [http-nio-8082-exec-4] c.g.ventas.cart.service.CartService      : Acceso no autorizado: Usuario 2 intento actualizar carrito de 1
2026-05-16T15:42:59.464-04:00 ERROR 17032 --- [cart] [http-nio-8082-exec-4] c.g.v.c.e.GlobalExceptionHandler         : Usuario sin permisos para realizar acción
2026-05-16T15:43:53.999-04:00  INFO 17032 --- [cart] [http-nio-8082-exec-5] c.g.v.c.s.JwtAuthenticationFilter        : Token válido para usuario: 2
2026-05-16T15:43:54.000-04:00  INFO 17032 --- [cart] [http-nio-8082-exec-5] c.g.v.cart.controller.CartController     : Actualizando carrito del usuario: 1
2026-05-16T15:43:54.002-04:00  WARN 17032 --- [cart] [http-nio-8082-exec-5] c.g.ventas.cart.service.CartService      : Acceso no autorizado: Usuario 2 intento actualizar carrito de 1
2026-05-16T15:43:54.003-04:00 ERROR 17032 --- [cart] [http-nio-8082-exec-5] c.g.v.c.e.GlobalExceptionHandler         : Usuario sin permisos para realizar acción
2026-05-16T15:45:38.388-04:00  INFO 17032 --- [cart] [http-nio-8082-exec-6] c.g.v.c.s.JwtAuthenticationFilter        : Token válido para usuario: 2
2026-05-16T15:45:38.390-04:00  INFO 17032 --- [cart] [http-nio-8082-exec-6] c.g.v.cart.controller.CartController     : Actualizando carrito del usuario: 12
2026-05-16T15:45:38.391-04:00  WARN 17032 --- [cart] [http-nio-8082-exec-6] c.g.ventas.cart.service.CartService      : Acceso no autorizado: Usuario 2 intento actualizar carrito de 12
2026-05-16T15:45:38.392-04:00 ERROR 17032 --- [cart] [http-nio-8082-exec-6] c.g.v.c.e.GlobalExceptionHandler         : Usuario sin permisos para realizar acción
2026-05-16T15:45:42.488-04:00  INFO 17032 --- [cart] [http-nio-8082-exec-7] c.g.v.c.s.JwtAuthenticationFilter        : Token válido para usuario: 2
2026-05-16T15:45:42.489-04:00  INFO 17032 --- [cart] [http-nio-8082-exec-7] c.g.v.cart.controller.CartController     : Actualizando carrito del usuario: 2
2026-05-16T15:45:42.699-04:00 ERROR 17032 --- [cart] [http-nio-8082-exec-7] c.g.v.c.e.GlobalExceptionHandler         : Carrito no encontrado: Carrito no encontrado
2026-05-16T15:47:31.725-04:00  INFO 17032 --- [cart] [http-nio-8082-exec-8] c.g.v.c.s.JwtAuthenticationFilter        : Token válido para usuario: 2
2026-05-16T15:47:31.727-04:00  INFO 17032 --- [cart] [http-nio-8082-exec-8] c.g.v.cart.controller.CartController     : Actualizando carrito del usuario: 2
2026-05-16T15:47:31.730-04:00 ERROR 17032 --- [cart] [http-nio-8082-exec-8] c.g.v.c.e.GlobalExceptionHandler         : Carrito no encontrado: Carrito no encontrado
2026-05-16T15:47:33.173-04:00  INFO 17032 --- [cart] [http-nio-8082-exec-9] c.g.v.c.s.JwtAuthenticationFilter        : Token válido para usuario: 2
2026-05-16T15:47:33.174-04:00  INFO 17032 --- [cart] [http-nio-8082-exec-9] c.g.v.cart.controller.CartController     : Actualizando carrito del usuario: 2
2026-05-16T15:47:33.177-04:00 ERROR 17032 --- [cart] [http-nio-8082-exec-9] c.g.v.c.e.GlobalExceptionHandler         : Carrito no encontrado: Carrito no encontrado
2026-05-16T15:47:33.572-04:00  INFO 17032 --- [cart] [http-nio-8082-exec-10] c.g.v.c.s.JwtAuthenticationFilter        : Token válido para usuario: 2
2026-05-16T15:47:33.573-04:00  INFO 17032 --- [cart] [http-nio-8082-exec-10] c.g.v.cart.controller.CartController     : Actualizando carrito del usuario: 2
2026-05-16T15:47:33.576-04:00 ERROR 17032 --- [cart] [http-nio-8082-exec-10] c.g.v.c.e.GlobalExceptionHandler         : Carrito no encontrado: Carrito no encontrado
2026-05-16T15:47:33.748-04:00  INFO 17032 --- [cart] [http-nio-8082-exec-1] c.g.v.c.s.JwtAuthenticationFilter        : Token válido para usuario: 2
2026-05-16T15:47:33.749-04:00  INFO 17032 --- [cart] [http-nio-8082-exec-1] c.g.v.cart.controller.CartController     : Actualizando carrito del usuario: 2
2026-05-16T15:47:33.752-04:00 ERROR 17032 --- [cart] [http-nio-8082-exec-1] c.g.v.c.e.GlobalExceptionHandler         : Carrito no encontrado: Carrito no encontrado
2026-05-16T15:47:33.907-04:00  INFO 17032 --- [cart] [http-nio-8082-exec-3] c.g.v.c.s.JwtAuthenticationFilter        : Token válido para usuario: 2
2026-05-16T15:47:33.908-04:00  INFO 17032 --- [cart] [http-nio-8082-exec-3] c.g.v.cart.controller.CartController     : Actualizando carrito del usuario: 2
2026-05-16T15:47:33.911-04:00 ERROR 17032 --- [cart] [http-nio-8082-exec-3] c.g.v.c.e.GlobalExceptionHandler         : Carrito no encontrado: Carrito no encontrado
2026-05-16T15:47:34.102-04:00  INFO 17032 --- [cart] [http-nio-8082-exec-2] c.g.v.c.s.JwtAuthenticationFilter        : Token válido para usuario: 2
2026-05-16T15:47:34.104-04:00  INFO 17032 --- [cart] [http-nio-8082-exec-2] c.g.v.cart.controller.CartController     : Actualizando carrito del usuario: 2
2026-05-16T15:47:34.106-04:00 ERROR 17032 --- [cart] [http-nio-8082-exec-2] c.g.v.c.e.GlobalExceptionHandler         : Carrito no encontrado: Carrito no encontrado
2026-05-16T15:47:34.258-04:00  INFO 17032 --- [cart] [http-nio-8082-exec-4] c.g.v.c.s.JwtAuthenticationFilter        : Token válido para usuario: 2
2026-05-16T15:47:34.260-04:00  INFO 17032 --- [cart] [http-nio-8082-exec-4] c.g.v.cart.controller.CartController     : Actualizando carrito del usuario: 2
2026-05-16T15:47:34.262-04:00 ERROR 17032 --- [cart] [http-nio-8082-exec-4] c.g.v.c.e.GlobalExceptionHandler         : Carrito no encontrado: Carrito no encontrado
2026-05-16T15:47:34.401-04:00  INFO 17032 --- [cart] [http-nio-8082-exec-5] c.g.v.c.s.JwtAuthenticationFilter        : Token válido para usuario: 2
2026-05-16T15:47:34.402-04:00  INFO 17032 --- [cart] [http-nio-8082-exec-5] c.g.v.cart.controller.CartController     : Actualizando carrito del usuario: 2
2026-05-16T15:47:34.405-04:00 ERROR 17032 --- [cart] [http-nio-8082-exec-5] c.g.v.c.e.GlobalExceptionHandler         : Carrito no encontrado: Carrito no encontrado
2026-05-16T15:47:34.544-04:00  INFO 17032 --- [cart] [http-nio-8082-exec-6] c.g.v.c.s.JwtAuthenticationFilter        : Token válido para usuario: 2
2026-05-16T15:47:34.545-04:00  INFO 17032 --- [cart] [http-nio-8082-exec-6] c.g.v.cart.controller.CartController     : Actualizando carrito del usuario: 2
2026-05-16T15:47:34.548-04:00 ERROR 17032 --- [cart] [http-nio-8082-exec-6] c.g.v.c.e.GlobalExceptionHandler         : Carrito no encontrado: Carrito no encontrado
2026-05-16T15:47:34.686-04:00  INFO 17032 --- [cart] [http-nio-8082-exec-7] c.g.v.c.s.JwtAuthenticationFilter        : Token válido para usuario: 2
2026-05-16T15:47:34.687-04:00  INFO 17032 --- [cart] [http-nio-8082-exec-7] c.g.v.cart.controller.CartController     : Actualizando carrito del usuario: 2
2026-05-16T15:47:34.690-04:00 ERROR 17032 --- [cart] [http-nio-8082-exec-7] c.g.v.c.e.GlobalExceptionHandler         : Carrito no encontrado: Carrito no encontrado
2026-05-16T15:47:34.835-04:00  INFO 17032 --- [cart] [http-nio-8082-exec-8] c.g.v.c.s.JwtAuthenticationFilter        : Token válido para usuario: 2
2026-05-16T15:47:34.836-04:00  INFO 17032 --- [cart] [http-nio-8082-exec-8] c.g.v.cart.controller.CartController     : Actualizando carrito del usuario: 2
2026-05-16T15:47:34.839-04:00 ERROR 17032 --- [cart] [http-nio-8082-exec-8] c.g.v.c.e.GlobalExceptionHandler         : Carrito no encontrado: Carrito no encontrado
2026-05-16T15:50:17.297-04:00  INFO 17032 --- [cart] [http-nio-8082-exec-9] c.g.v.c.s.JwtAuthenticationFilter        : Token válido para usuario: 2
2026-05-16T15:50:17.301-04:00  INFO 17032 --- [cart] [http-nio-8082-exec-9] c.g.v.cart.controller.CartController     : Actualizando carrito del usuario: 2
2026-05-16T15:50:17.304-04:00 ERROR 17032 --- [cart] [http-nio-8082-exec-9] c.g.v.c.e.GlobalExceptionHandler         : Carrito no encontrado: Carrito no encontrado
2026-05-16T15:50:21.734-04:00  INFO 17032 --- [cart] [http-nio-8082-exec-10] c.g.v.c.s.JwtAuthenticationFilter        : Token válido para usuario: 2
2026-05-16T15:50:21.736-04:00  INFO 17032 --- [cart] [http-nio-8082-exec-10] c.g.v.cart.controller.CartController     : Actualizando carrito del usuario: 2
2026-05-16T15:50:21.738-04:00 ERROR 17032 --- [cart] [http-nio-8082-exec-10] c.g.v.c.e.GlobalExceptionHandler         : Carrito no encontrado: Carrito no encontrado
2026-05-16T16:01:51.802-04:00  INFO 17032 --- [cart] [http-nio-8082-exec-1] c.g.v.c.s.JwtAuthenticationFilter        : Token válido para usuario: 1
2026-05-16T16:01:51.803-04:00  INFO 17032 --- [cart] [http-nio-8082-exec-1] c.g.v.cart.controller.CartController     : Actualizando carrito del usuario: 2
2026-05-16T16:01:51.804-04:00  WARN 17032 --- [cart] [http-nio-8082-exec-1] c.g.ventas.cart.service.CartService      : Acceso no autorizado: Usuario 1 intento actualizar carrito de 2
2026-05-16T16:01:51.805-04:00 ERROR 17032 --- [cart] [http-nio-8082-exec-1] c.g.v.c.e.GlobalExceptionHandler         : Usuario sin permisos para realizar acción
2026-05-16T16:01:56.557-04:00  INFO 17032 --- [cart] [http-nio-8082-exec-3] c.g.v.c.s.JwtAuthenticationFilter        : Token válido para usuario: 1
2026-05-16T16:01:56.558-04:00  INFO 17032 --- [cart] [http-nio-8082-exec-3] c.g.v.cart.controller.CartController     : Actualizando carrito del usuario: 1
2026-05-16T16:02:21.348-04:00  INFO 17032 --- [cart] [http-nio-8082-exec-2] c.g.v.c.s.JwtAuthenticationFilter        : Token válido para usuario: 1
2026-05-16T16:02:21.350-04:00  INFO 17032 --- [cart] [http-nio-8082-exec-2] c.g.v.cart.controller.CartController     : Actualizando carrito del usuario: 1
2026-05-16T16:02:25.997-04:00  INFO 17032 --- [cart] [http-nio-8082-exec-4] c.g.v.c.s.JwtAuthenticationFilter        : Token válido para usuario: 1
2026-05-16T16:02:25.998-04:00  INFO 17032 --- [cart] [http-nio-8082-exec-4] c.g.v.cart.controller.CartController     : Actualizando carrito del usuario: 1
2026-05-16T16:23:24.689-04:00  INFO 2644 --- [cart] [main] cl.gestion.ventas.cart.CartApplication   : Starting CartApplication using Java 21.0.10 with PID 2644 (C:\Users\ferdi\Documents\gestion-de-ventas-online\cart\target\classes started by ferdi in C:\Users\ferdi\Documents\gestion-de-ventas-online)
2026-05-16T16:23:24.692-04:00 DEBUG 2644 --- [cart] [main] cl.gestion.ventas.cart.CartApplication   : Running with Spring Boot v4.0.6, Spring v7.0.7
2026-05-16T16:23:24.693-04:00  INFO 2644 --- [cart] [main] cl.gestion.ventas.cart.CartApplication   : No active profile set, falling back to 1 default profile: "default"
2026-05-16T16:23:25.407-04:00  INFO 2644 --- [cart] [main] .s.d.r.c.RepositoryConfigurationDelegate : Bootstrapping Spring Data JPA repositories in DEFAULT mode.
2026-05-16T16:23:25.537-04:00  INFO 2644 --- [cart] [main] .s.d.r.c.RepositoryConfigurationDelegate : Finished Spring Data repository scanning in 122 ms. Found 1 JPA repository interface.
2026-05-16T16:23:25.723-04:00  INFO 2644 --- [cart] [main] o.s.cloud.context.scope.GenericScope     : BeanFactory id=25897730-bea5-3f38-960f-66a0e6b77898
2026-05-16T16:23:26.068-04:00  INFO 2644 --- [cart] [main] o.s.boot.tomcat.TomcatWebServer          : Tomcat initialized with port 8082 (http)
2026-05-16T16:23:26.087-04:00  INFO 2644 --- [cart] [main] o.apache.catalina.core.StandardService   : Starting service [Tomcat]
2026-05-16T16:23:26.088-04:00  INFO 2644 --- [cart] [main] o.apache.catalina.core.StandardEngine    : Starting Servlet engine: [Apache Tomcat/11.0.21]
2026-05-16T16:23:26.160-04:00  INFO 2644 --- [cart] [main] b.w.c.s.WebApplicationContextInitializer : Root WebApplicationContext: initialization completed in 1418 ms
2026-05-16T16:23:26.205-04:00 DEBUG 2644 --- [cart] [main] c.g.v.c.s.JwtAuthenticationFilter        : Filter 'jwtAuthenticationFilter' configured for use
2026-05-16T16:23:26.512-04:00  INFO 2644 --- [cart] [main] com.zaxxer.hikari.HikariDataSource       : HikariPool-1 - Starting...
2026-05-16T16:23:26.864-04:00  INFO 2644 --- [cart] [main] com.zaxxer.hikari.pool.HikariPool        : HikariPool-1 - Added connection com.mysql.cj.jdbc.ConnectionImpl@192f5f39
2026-05-16T16:23:26.866-04:00  INFO 2644 --- [cart] [main] com.zaxxer.hikari.HikariDataSource       : HikariPool-1 - Start completed.
2026-05-16T16:23:26.910-04:00  INFO 2644 --- [cart] [main] org.flywaydb.core.FlywayExecutor         : Database: jdbc:mysql://localhost:3306/cart_db (MySQL 8.4)
2026-05-16T16:23:26.922-04:00  WARN 2644 --- [cart] [main] o.f.c.internal.database.base.Database    : Using MySQL 8.4 which is newer than the version Flyway has been verified with. The latest verified version of MySQL is 8.1.
2026-05-16T16:23:26.970-04:00  INFO 2644 --- [cart] [main] o.f.core.internal.command.DbValidate     : Successfully validated 2 migrations (execution time 00:00.033s)
2026-05-16T16:23:26.986-04:00  INFO 2644 --- [cart] [main] o.f.core.internal.command.DbMigrate      : Current version of schema `cart_db`: 2
2026-05-16T16:23:26.991-04:00  INFO 2644 --- [cart] [main] o.f.core.internal.command.DbMigrate      : Schema `cart_db` is up to date. No migration necessary.
2026-05-16T16:23:27.095-04:00  INFO 2644 --- [cart] [main] org.hibernate.orm.jpa                    : HHH008540: Processing PersistenceUnitInfo [name: default]
2026-05-16T16:23:27.149-04:00  INFO 2644 --- [cart] [main] org.hibernate.orm.core                   : HHH000001: Hibernate ORM core version 7.2.12.Final
2026-05-16T16:23:27.592-04:00  INFO 2644 --- [cart] [main] o.s.o.j.p.SpringPersistenceUnitInfo      : No LoadTimeWeaver setup: ignoring JPA class transformer
2026-05-16T16:23:27.668-04:00  INFO 2644 --- [cart] [main] org.hibernate.orm.connections.pooling    : HHH10001005: Database info:
	Database JDBC URL [jdbc:mysql://localhost:3306/cart_db]
	Database driver: MySQL Connector/J
	Database dialect: MySQLDialect
	Database version: 8.4.3
	Default catalog/schema: cart_db/undefined
	Autocommit mode: undefined/unknown
	Isolation level: REPEATABLE_READ [default REPEATABLE_READ]
	JDBC fetch size: none
	Pool: DataSourceConnectionProvider
	Minimum pool size: undefined/unknown
	Maximum pool size: undefined/unknown
2026-05-16T16:23:28.332-04:00  INFO 2644 --- [cart] [main] org.hibernate.orm.core                   : HHH000489: No JTA platform available (set 'hibernate.transaction.jta.platform' to enable JTA platform integration)
2026-05-16T16:23:28.361-04:00  INFO 2644 --- [cart] [main] j.LocalContainerEntityManagerFactoryBean : Initialized JPA EntityManagerFactory for persistence unit 'default'
2026-05-16T16:23:28.430-04:00  INFO 2644 --- [cart] [main] o.s.d.j.r.query.QueryEnhancerFactories   : Hibernate is in classpath; If applicable, HQL parser will be used.
2026-05-16T16:23:28.780-04:00  WARN 2644 --- [cart] [main] .s.a.UserDetailsServiceAutoConfiguration : 

Using generated security password: 948e048c-35e6-49e9-8080-88082ef62f9a

This generated password is for development use only. Your security configuration must be updated before running your application in production.

2026-05-16T16:23:28.787-04:00  INFO 2644 --- [cart] [main] r$InitializeUserDetailsManagerConfigurer : Global AuthenticationManager configured with UserDetailsService bean with name inMemoryUserDetailsManager
2026-05-16T16:23:30.219-04:00  INFO 2644 --- [cart] [main] o.s.cloud.commons.util.InetUtils         : Cannot determine local hostname
2026-05-16T16:23:31.230-04:00  INFO 2644 --- [cart] [main] o.s.cloud.commons.util.InetUtils         : Cannot determine local hostname
2026-05-16T16:23:31.274-04:00  INFO 2644 --- [cart] [main] o.s.boot.tomcat.TomcatWebServer          : Tomcat started on port 8082 (http) with context path '/api'
2026-05-16T16:23:32.290-04:00  INFO 2644 --- [cart] [main] o.s.cloud.commons.util.InetUtils         : Cannot determine local hostname
2026-05-16T16:23:33.293-04:00  INFO 2644 --- [cart] [main] o.s.cloud.commons.util.InetUtils         : Cannot determine local hostname
2026-05-16T16:23:33.299-04:00  INFO 2644 --- [cart] [main] cl.gestion.ventas.cart.CartApplication   : Started CartApplication in 10.012 seconds (process running for 10.542)
