2026-05-16T15:24:31.073-04:00  INFO 8168 --- [inventory] [main] c.g.v.inventory.InventoryApplication     : Starting InventoryApplication using Java 21.0.10 with PID 8168 (C:\Users\ferdi\Documents\gestion-de-ventas-online\inventory\target\classes started by ferdi in C:\Users\ferdi\Documents\gestion-de-ventas-online)
2026-05-16T15:24:31.076-04:00 DEBUG 8168 --- [inventory] [main] c.g.v.inventory.InventoryApplication     : Running with Spring Boot v4.0.6, Spring v7.0.7
2026-05-16T15:24:31.077-04:00  INFO 8168 --- [inventory] [main] c.g.v.inventory.InventoryApplication     : No active profile set, falling back to 1 default profile: "default"
2026-05-16T15:24:31.965-04:00  INFO 8168 --- [inventory] [main] .s.d.r.c.RepositoryConfigurationDelegate : Bootstrapping Spring Data JPA repositories in DEFAULT mode.
2026-05-16T15:24:32.071-04:00  INFO 8168 --- [inventory] [main] .s.d.r.c.RepositoryConfigurationDelegate : Finished Spring Data repository scanning in 100 ms. Found 1 JPA repository interface.
2026-05-16T15:24:32.250-04:00  INFO 8168 --- [inventory] [main] o.s.cloud.context.scope.GenericScope     : BeanFactory id=fe420388-32cf-374a-bd6a-a69d54407dd1
2026-05-16T15:24:32.607-04:00  INFO 8168 --- [inventory] [main] o.s.boot.tomcat.TomcatWebServer          : Tomcat initialized with port 8083 (http)
2026-05-16T15:24:32.620-04:00  INFO 8168 --- [inventory] [main] o.apache.catalina.core.StandardService   : Starting service [Tomcat]
2026-05-16T15:24:32.621-04:00  INFO 8168 --- [inventory] [main] o.apache.catalina.core.StandardEngine    : Starting Servlet engine: [Apache Tomcat/11.0.21]
2026-05-16T15:24:32.702-04:00  INFO 8168 --- [inventory] [main] b.w.c.s.WebApplicationContextInitializer : Root WebApplicationContext: initialization completed in 1579 ms
2026-05-16T15:24:32.756-04:00 DEBUG 8168 --- [inventory] [main] c.g.v.i.s.JwtAuthenticationFilter        : Filter 'jwtAuthenticationFilter' configured for use
2026-05-16T15:24:33.114-04:00  INFO 8168 --- [inventory] [main] com.zaxxer.hikari.HikariDataSource       : HikariPool-1 - Starting...
2026-05-16T15:24:33.475-04:00  INFO 8168 --- [inventory] [main] com.zaxxer.hikari.pool.HikariPool        : HikariPool-1 - Added connection com.mysql.cj.jdbc.ConnectionImpl@78e043e4
2026-05-16T15:24:33.477-04:00  INFO 8168 --- [inventory] [main] com.zaxxer.hikari.HikariDataSource       : HikariPool-1 - Start completed.
2026-05-16T15:24:33.526-04:00  INFO 8168 --- [inventory] [main] org.flywaydb.core.FlywayExecutor         : Database: jdbc:mysql://localhost:3306/inventory_db (MySQL 8.4)
2026-05-16T15:24:33.536-04:00  WARN 8168 --- [inventory] [main] o.f.c.internal.database.base.Database    : Using MySQL 8.4 which is newer than the version Flyway has been verified with. The latest verified version of MySQL is 8.1.
2026-05-16T15:24:33.572-04:00  INFO 8168 --- [inventory] [main] o.f.c.i.s.JdbcTableSchemaHistory         : Schema history table `inventory_db`.`flyway_schema_history` does not exist yet
2026-05-16T15:24:33.575-04:00  INFO 8168 --- [inventory] [main] o.f.core.internal.command.DbValidate     : Successfully validated 2 migrations (execution time 00:00.024s)
2026-05-16T15:24:33.590-04:00  INFO 8168 --- [inventory] [main] org.flywaydb.core.Flyway                 : All configured schemas are empty; baseline operation skipped. A baseline or migration script with a lower version than the baseline version may execute if available. Check the Schemas parameter if this is not intended.
2026-05-16T15:24:33.597-04:00  INFO 8168 --- [inventory] [main] o.f.c.i.s.JdbcTableSchemaHistory         : Creating Schema History table `inventory_db`.`flyway_schema_history` ...
2026-05-16T15:24:33.664-04:00  INFO 8168 --- [inventory] [main] o.f.core.internal.command.DbMigrate      : Current version of schema `inventory_db`: << Empty Schema >>
2026-05-16T15:24:33.672-04:00  INFO 8168 --- [inventory] [main] o.f.core.internal.command.DbMigrate      : Migrating schema `inventory_db` to version "1 - create table inventory"
2026-05-16T15:24:33.718-04:00  INFO 8168 --- [inventory] [main] o.f.core.internal.command.DbMigrate      : Migrating schema `inventory_db` to version "2 - initial data"
2026-05-16T15:24:33.742-04:00  INFO 8168 --- [inventory] [main] o.f.core.internal.command.DbMigrate      : Successfully applied 2 migrations to schema `inventory_db`, now at version v2 (execution time 00:00.026s)
2026-05-16T15:24:33.838-04:00  INFO 8168 --- [inventory] [main] org.hibernate.orm.jpa                    : HHH008540: Processing PersistenceUnitInfo [name: default]
2026-05-16T15:24:33.897-04:00  INFO 8168 --- [inventory] [main] org.hibernate.orm.core                   : HHH000001: Hibernate ORM core version 7.2.12.Final
2026-05-16T15:24:34.276-04:00  INFO 8168 --- [inventory] [main] o.s.o.j.p.SpringPersistenceUnitInfo      : No LoadTimeWeaver setup: ignoring JPA class transformer
2026-05-16T15:24:34.342-04:00  INFO 8168 --- [inventory] [main] org.hibernate.orm.connections.pooling    : HHH10001005: Database info:
	Database JDBC URL [jdbc:mysql://localhost:3306/inventory_db]
	Database driver: MySQL Connector/J
	Database dialect: MySQLDialect
	Database version: 8.4.3
	Default catalog/schema: inventory_db/undefined
	Autocommit mode: undefined/unknown
	Isolation level: REPEATABLE_READ [default REPEATABLE_READ]
	JDBC fetch size: none
	Pool: DataSourceConnectionProvider
	Minimum pool size: undefined/unknown
	Maximum pool size: undefined/unknown
2026-05-16T15:24:34.928-04:00  INFO 8168 --- [inventory] [main] org.hibernate.orm.core                   : HHH000489: No JTA platform available (set 'hibernate.transaction.jta.platform' to enable JTA platform integration)
2026-05-16T15:24:34.959-04:00  INFO 8168 --- [inventory] [main] j.LocalContainerEntityManagerFactoryBean : Initialized JPA EntityManagerFactory for persistence unit 'default'
2026-05-16T15:24:35.022-04:00  INFO 8168 --- [inventory] [main] o.s.d.j.r.query.QueryEnhancerFactories   : Hibernate is in classpath; If applicable, HQL parser will be used.
2026-05-16T15:24:35.372-04:00  WARN 8168 --- [inventory] [main] .s.a.UserDetailsServiceAutoConfiguration : 

Using generated security password: 51d63a3b-3e11-4b70-af8e-5973593ea612

This generated password is for development use only. Your security configuration must be updated before running your application in production.

2026-05-16T15:24:35.379-04:00  INFO 8168 --- [inventory] [main] r$InitializeUserDetailsManagerConfigurer : Global AuthenticationManager configured with UserDetailsService bean with name inMemoryUserDetailsManager
2026-05-16T15:24:36.744-04:00  INFO 8168 --- [inventory] [main] o.s.cloud.commons.util.InetUtils         : Cannot determine local hostname
2026-05-16T15:24:37.755-04:00  INFO 8168 --- [inventory] [main] o.s.cloud.commons.util.InetUtils         : Cannot determine local hostname
2026-05-16T15:24:37.794-04:00  INFO 8168 --- [inventory] [main] o.s.boot.tomcat.TomcatWebServer          : Tomcat started on port 8083 (http) with context path '/api'
2026-05-16T15:24:38.799-04:00  INFO 8168 --- [inventory] [main] o.s.cloud.commons.util.InetUtils         : Cannot determine local hostname
2026-05-16T15:24:39.810-04:00  INFO 8168 --- [inventory] [main] o.s.cloud.commons.util.InetUtils         : Cannot determine local hostname
2026-05-16T15:24:39.815-04:00  INFO 8168 --- [inventory] [main] c.g.v.inventory.InventoryApplication     : Started InventoryApplication in 10.141 seconds (process running for 10.704)
2026-05-16T16:23:10.835-04:00  INFO 5576 --- [inventory] [main] c.g.v.inventory.InventoryApplication     : Starting InventoryApplication using Java 21.0.10 with PID 5576 (C:\Users\ferdi\Documents\gestion-de-ventas-online\inventory\target\classes started by ferdi in C:\Users\ferdi\Documents\gestion-de-ventas-online)
2026-05-16T16:23:10.837-04:00 DEBUG 5576 --- [inventory] [main] c.g.v.inventory.InventoryApplication     : Running with Spring Boot v4.0.6, Spring v7.0.7
2026-05-16T16:23:10.838-04:00  INFO 5576 --- [inventory] [main] c.g.v.inventory.InventoryApplication     : No active profile set, falling back to 1 default profile: "default"
2026-05-16T16:23:11.568-04:00  INFO 5576 --- [inventory] [main] .s.d.r.c.RepositoryConfigurationDelegate : Bootstrapping Spring Data JPA repositories in DEFAULT mode.
2026-05-16T16:23:11.691-04:00  INFO 5576 --- [inventory] [main] .s.d.r.c.RepositoryConfigurationDelegate : Finished Spring Data repository scanning in 114 ms. Found 1 JPA repository interface.
2026-05-16T16:23:11.874-04:00  INFO 5576 --- [inventory] [main] o.s.cloud.context.scope.GenericScope     : BeanFactory id=fe420388-32cf-374a-bd6a-a69d54407dd1
2026-05-16T16:23:12.216-04:00  INFO 5576 --- [inventory] [main] o.s.boot.tomcat.TomcatWebServer          : Tomcat initialized with port 8083 (http)
2026-05-16T16:23:12.244-04:00  INFO 5576 --- [inventory] [main] o.apache.catalina.core.StandardService   : Starting service [Tomcat]
2026-05-16T16:23:12.245-04:00  INFO 5576 --- [inventory] [main] o.apache.catalina.core.StandardEngine    : Starting Servlet engine: [Apache Tomcat/11.0.21]
2026-05-16T16:23:12.316-04:00  INFO 5576 --- [inventory] [main] b.w.c.s.WebApplicationContextInitializer : Root WebApplicationContext: initialization completed in 1404 ms
2026-05-16T16:23:12.362-04:00 DEBUG 5576 --- [inventory] [main] c.g.v.i.s.JwtAuthenticationFilter        : Filter 'jwtAuthenticationFilter' configured for use
2026-05-16T16:23:12.660-04:00  INFO 5576 --- [inventory] [main] com.zaxxer.hikari.HikariDataSource       : HikariPool-1 - Starting...
2026-05-16T16:23:12.943-04:00  INFO 5576 --- [inventory] [main] com.zaxxer.hikari.pool.HikariPool        : HikariPool-1 - Added connection com.mysql.cj.jdbc.ConnectionImpl@62158991
2026-05-16T16:23:12.944-04:00  INFO 5576 --- [inventory] [main] com.zaxxer.hikari.HikariDataSource       : HikariPool-1 - Start completed.
2026-05-16T16:23:12.982-04:00  INFO 5576 --- [inventory] [main] org.flywaydb.core.FlywayExecutor         : Database: jdbc:mysql://localhost:3306/inventory_db (MySQL 8.4)
2026-05-16T16:23:12.994-04:00  WARN 5576 --- [inventory] [main] o.f.c.internal.database.base.Database    : Using MySQL 8.4 which is newer than the version Flyway has been verified with. The latest verified version of MySQL is 8.1.
2026-05-16T16:23:13.038-04:00  INFO 5576 --- [inventory] [main] o.f.core.internal.command.DbValidate     : Successfully validated 2 migrations (execution time 00:00.032s)
2026-05-16T16:23:13.055-04:00  INFO 5576 --- [inventory] [main] o.f.core.internal.command.DbMigrate      : Current version of schema `inventory_db`: 2
2026-05-16T16:23:13.060-04:00  INFO 5576 --- [inventory] [main] o.f.core.internal.command.DbMigrate      : Schema `inventory_db` is up to date. No migration necessary.
2026-05-16T16:23:13.155-04:00  INFO 5576 --- [inventory] [main] org.hibernate.orm.jpa                    : HHH008540: Processing PersistenceUnitInfo [name: default]
2026-05-16T16:23:13.203-04:00  INFO 5576 --- [inventory] [main] org.hibernate.orm.core                   : HHH000001: Hibernate ORM core version 7.2.12.Final
2026-05-16T16:23:13.565-04:00  INFO 5576 --- [inventory] [main] o.s.o.j.p.SpringPersistenceUnitInfo      : No LoadTimeWeaver setup: ignoring JPA class transformer
2026-05-16T16:23:13.647-04:00  INFO 5576 --- [inventory] [main] org.hibernate.orm.connections.pooling    : HHH10001005: Database info:
	Database JDBC URL [jdbc:mysql://localhost:3306/inventory_db]
	Database driver: MySQL Connector/J
	Database dialect: MySQLDialect
	Database version: 8.4.3
	Default catalog/schema: inventory_db/undefined
	Autocommit mode: undefined/unknown
	Isolation level: REPEATABLE_READ [default REPEATABLE_READ]
	JDBC fetch size: none
	Pool: DataSourceConnectionProvider
	Minimum pool size: undefined/unknown
	Maximum pool size: undefined/unknown
2026-05-16T16:23:14.388-04:00  INFO 5576 --- [inventory] [main] org.hibernate.orm.core                   : HHH000489: No JTA platform available (set 'hibernate.transaction.jta.platform' to enable JTA platform integration)
2026-05-16T16:23:14.419-04:00  INFO 5576 --- [inventory] [main] j.LocalContainerEntityManagerFactoryBean : Initialized JPA EntityManagerFactory for persistence unit 'default'
2026-05-16T16:23:14.483-04:00  INFO 5576 --- [inventory] [main] o.s.d.j.r.query.QueryEnhancerFactories   : Hibernate is in classpath; If applicable, HQL parser will be used.
2026-05-16T16:23:14.844-04:00  WARN 5576 --- [inventory] [main] .s.a.UserDetailsServiceAutoConfiguration : 

Using generated security password: 12c313ea-7676-4801-a5d5-814626f6c141

This generated password is for development use only. Your security configuration must be updated before running your application in production.

2026-05-16T16:23:14.852-04:00  INFO 5576 --- [inventory] [main] r$InitializeUserDetailsManagerConfigurer : Global AuthenticationManager configured with UserDetailsService bean with name inMemoryUserDetailsManager
2026-05-16T16:23:16.238-04:00  INFO 5576 --- [inventory] [main] o.s.cloud.commons.util.InetUtils         : Cannot determine local hostname
2026-05-16T16:23:17.257-04:00  INFO 5576 --- [inventory] [main] o.s.cloud.commons.util.InetUtils         : Cannot determine local hostname
2026-05-16T16:23:17.300-04:00  INFO 5576 --- [inventory] [main] o.s.boot.tomcat.TomcatWebServer          : Tomcat started on port 8083 (http) with context path '/api'
2026-05-16T16:23:18.314-04:00  INFO 5576 --- [inventory] [main] o.s.cloud.commons.util.InetUtils         : Cannot determine local hostname
2026-05-16T16:23:19.329-04:00  INFO 5576 --- [inventory] [main] o.s.cloud.commons.util.InetUtils         : Cannot determine local hostname
2026-05-16T16:23:19.334-04:00  INFO 5576 --- [inventory] [main] c.g.v.inventory.InventoryApplication     : Started InventoryApplication in 9.895 seconds (process running for 10.439)
2026-05-16T16:47:42.497-04:00  INFO 5576 --- [inventory] [http-nio-8083-exec-1] o.a.c.c.C.[Tomcat].[localhost].[/api]    : Initializing Spring DispatcherServlet 'dispatcherServlet'
2026-05-16T16:47:42.497-04:00  INFO 5576 --- [inventory] [http-nio-8083-exec-1] o.s.web.servlet.DispatcherServlet        : Initializing Servlet 'dispatcherServlet'
2026-05-16T16:47:42.498-04:00  INFO 5576 --- [inventory] [http-nio-8083-exec-1] o.s.web.servlet.DispatcherServlet        : Completed initialization in 1 ms
2026-05-16T16:47:42.576-04:00  INFO 5576 --- [inventory] [http-nio-8083-exec-1] c.g.v.i.s.JwtAuthenticationFilter        : Token válido para usuario: 1
2026-05-16T16:47:42.593-04:00  INFO 5576 --- [inventory] [http-nio-8083-exec-1] c.g.v.i.controller.InventoryController   : GET /inventories
2026-05-16T16:47:42.593-04:00  INFO 5576 --- [inventory] [http-nio-8083-exec-1] c.g.v.i.service.InventoryService         : Obteniendo todos los inventorios
2026-05-16T17:03:37.918-04:00  INFO 5576 --- [inventory] [http-nio-8083-exec-2] c.g.v.i.s.JwtAuthenticationFilter        : Token válido para usuario: 1
2026-05-16T17:03:38.018-04:00  INFO 5576 --- [inventory] [http-nio-8083-exec-2] c.g.v.i.controller.InventoryController   : PUT /inventories/bulk-update
2026-05-16T17:03:38.020-04:00  INFO 5576 --- [inventory] [http-nio-8083-exec-2] c.g.v.i.service.InventoryService         : Cambiando stock de producto 1
2026-05-16T17:03:38.255-04:00  INFO 5576 --- [inventory] [http-nio-8083-exec-2] c.g.v.i.service.InventoryService         : Cambiando stock de producto 2
