2026-05-16T15:25:38.193-04:00  INFO 7460 --- [order] [main] c.gestion.ventas.order.OrderApplication  : Starting OrderApplication using Java 21.0.10 with PID 7460 (C:\Users\ferdi\Documents\gestion-de-ventas-online\order\target\classes started by ferdi in C:\Users\ferdi\Documents\gestion-de-ventas-online)
2026-05-16T15:25:38.195-04:00 DEBUG 7460 --- [order] [main] c.gestion.ventas.order.OrderApplication  : Running with Spring Boot v4.0.6, Spring v7.0.7
2026-05-16T15:25:38.196-04:00  INFO 7460 --- [order] [main] c.gestion.ventas.order.OrderApplication  : No active profile set, falling back to 1 default profile: "default"
2026-05-16T15:25:39.164-04:00  INFO 7460 --- [order] [main] .s.d.r.c.RepositoryConfigurationDelegate : Bootstrapping Spring Data JPA repositories in DEFAULT mode.
2026-05-16T15:25:39.284-04:00  INFO 7460 --- [order] [main] .s.d.r.c.RepositoryConfigurationDelegate : Finished Spring Data repository scanning in 106 ms. Found 1 JPA repository interface.
2026-05-16T15:25:39.471-04:00  INFO 7460 --- [order] [main] o.s.cloud.context.scope.GenericScope     : BeanFactory id=d431619a-eba2-3c16-81a1-6d155d2578a7
2026-05-16T15:25:39.824-04:00  INFO 7460 --- [order] [main] o.s.boot.tomcat.TomcatWebServer          : Tomcat initialized with port 8084 (http)
2026-05-16T15:25:39.841-04:00  INFO 7460 --- [order] [main] o.apache.catalina.core.StandardService   : Starting service [Tomcat]
2026-05-16T15:25:39.842-04:00  INFO 7460 --- [order] [main] o.apache.catalina.core.StandardEngine    : Starting Servlet engine: [Apache Tomcat/11.0.21]
2026-05-16T15:25:39.908-04:00  INFO 7460 --- [order] [main] b.w.c.s.WebApplicationContextInitializer : Root WebApplicationContext: initialization completed in 1663 ms
2026-05-16T15:25:39.954-04:00 DEBUG 7460 --- [order] [main] c.g.v.o.s.JwtAuthenticationFilter        : Filter 'jwtAuthenticationFilter' configured for use
2026-05-16T15:25:40.262-04:00  INFO 7460 --- [order] [main] com.zaxxer.hikari.HikariDataSource       : HikariPool-1 - Starting...
2026-05-16T15:25:40.531-04:00  INFO 7460 --- [order] [main] com.zaxxer.hikari.pool.HikariPool        : HikariPool-1 - Added connection com.mysql.cj.jdbc.ConnectionImpl@78e043e4
2026-05-16T15:25:40.533-04:00  INFO 7460 --- [order] [main] com.zaxxer.hikari.HikariDataSource       : HikariPool-1 - Start completed.
2026-05-16T15:25:40.573-04:00  INFO 7460 --- [order] [main] org.flywaydb.core.FlywayExecutor         : Database: jdbc:mysql://localhost:3306/order_db (MySQL 8.4)
2026-05-16T15:25:40.584-04:00  WARN 7460 --- [order] [main] o.f.c.internal.database.base.Database    : Using MySQL 8.4 which is newer than the version Flyway has been verified with. The latest verified version of MySQL is 8.1.
2026-05-16T15:25:40.627-04:00  INFO 7460 --- [order] [main] o.f.c.i.s.JdbcTableSchemaHistory         : Schema history table `order_db`.`flyway_schema_history` does not exist yet
2026-05-16T15:25:40.631-04:00  INFO 7460 --- [order] [main] o.f.core.internal.command.DbValidate     : Successfully validated 3 migrations (execution time 00:00.033s)
2026-05-16T15:25:40.646-04:00  INFO 7460 --- [order] [main] org.flywaydb.core.Flyway                 : All configured schemas are empty; baseline operation skipped. A baseline or migration script with a lower version than the baseline version may execute if available. Check the Schemas parameter if this is not intended.
2026-05-16T15:25:40.652-04:00  INFO 7460 --- [order] [main] o.f.c.i.s.JdbcTableSchemaHistory         : Creating Schema History table `order_db`.`flyway_schema_history` ...
2026-05-16T15:25:40.717-04:00  INFO 7460 --- [order] [main] o.f.core.internal.command.DbMigrate      : Current version of schema `order_db`: << Empty Schema >>
2026-05-16T15:25:40.725-04:00  INFO 7460 --- [order] [main] o.f.core.internal.command.DbMigrate      : Migrating schema `order_db` to version "1 - create table orders"
2026-05-16T15:25:40.783-04:00  INFO 7460 --- [order] [main] o.f.core.internal.command.DbMigrate      : Migrating schema `order_db` to version "2 - initial data"
2026-05-16T15:25:40.806-04:00  INFO 7460 --- [order] [main] o.f.core.internal.command.DbMigrate      : Migrating schema `order_db` to version "3 - more data"
2026-05-16T15:25:40.827-04:00  INFO 7460 --- [order] [main] o.f.core.internal.command.DbMigrate      : Successfully applied 3 migrations to schema `order_db`, now at version v3 (execution time 00:00.048s)
2026-05-16T15:25:40.916-04:00  INFO 7460 --- [order] [main] org.hibernate.orm.jpa                    : HHH008540: Processing PersistenceUnitInfo [name: default]
2026-05-16T15:25:40.961-04:00  INFO 7460 --- [order] [main] org.hibernate.orm.core                   : HHH000001: Hibernate ORM core version 7.2.12.Final
2026-05-16T15:25:41.325-04:00  INFO 7460 --- [order] [main] o.s.o.j.p.SpringPersistenceUnitInfo      : No LoadTimeWeaver setup: ignoring JPA class transformer
2026-05-16T15:25:41.392-04:00  INFO 7460 --- [order] [main] org.hibernate.orm.connections.pooling    : HHH10001005: Database info:
	Database JDBC URL [jdbc:mysql://localhost:3306/order_db]
	Database driver: MySQL Connector/J
	Database dialect: MySQLDialect
	Database version: 8.4.3
	Default catalog/schema: order_db/undefined
	Autocommit mode: undefined/unknown
	Isolation level: REPEATABLE_READ [default REPEATABLE_READ]
	JDBC fetch size: none
	Pool: DataSourceConnectionProvider
	Minimum pool size: undefined/unknown
	Maximum pool size: undefined/unknown
2026-05-16T15:25:42.047-04:00  INFO 7460 --- [order] [main] org.hibernate.orm.core                   : HHH000489: No JTA platform available (set 'hibernate.transaction.jta.platform' to enable JTA platform integration)
2026-05-16T15:25:42.077-04:00  INFO 7460 --- [order] [main] j.LocalContainerEntityManagerFactoryBean : Initialized JPA EntityManagerFactory for persistence unit 'default'
2026-05-16T15:25:42.140-04:00  INFO 7460 --- [order] [main] o.s.d.j.r.query.QueryEnhancerFactories   : Hibernate is in classpath; If applicable, HQL parser will be used.
2026-05-16T15:25:42.506-04:00  WARN 7460 --- [order] [main] .s.a.UserDetailsServiceAutoConfiguration : 

Using generated security password: a4dbec07-8168-4c25-8d9d-5035cc93c756

This generated password is for development use only. Your security configuration must be updated before running your application in production.

2026-05-16T15:25:42.513-04:00  INFO 7460 --- [order] [main] r$InitializeUserDetailsManagerConfigurer : Global AuthenticationManager configured with UserDetailsService bean with name inMemoryUserDetailsManager
2026-05-16T15:25:43.888-04:00  INFO 7460 --- [order] [main] o.s.cloud.commons.util.InetUtils         : Cannot determine local hostname
2026-05-16T15:25:44.908-04:00  INFO 7460 --- [order] [main] o.s.cloud.commons.util.InetUtils         : Cannot determine local hostname
2026-05-16T15:25:44.945-04:00  INFO 7460 --- [order] [main] o.s.boot.tomcat.TomcatWebServer          : Tomcat started on port 8084 (http) with context path '/api'
2026-05-16T15:25:45.954-04:00  INFO 7460 --- [order] [main] o.s.cloud.commons.util.InetUtils         : Cannot determine local hostname
2026-05-16T15:25:46.969-04:00  INFO 7460 --- [order] [main] o.s.cloud.commons.util.InetUtils         : Cannot determine local hostname
2026-05-16T15:25:46.975-04:00  INFO 7460 --- [order] [main] c.gestion.ventas.order.OrderApplication  : Started OrderApplication in 10.189 seconds (process running for 10.714)
2026-05-16T16:23:36.363-04:00  INFO 14560 --- [order] [main] c.gestion.ventas.order.OrderApplication  : Starting OrderApplication using Java 21.0.10 with PID 14560 (C:\Users\ferdi\Documents\gestion-de-ventas-online\order\target\classes started by ferdi in C:\Users\ferdi\Documents\gestion-de-ventas-online)
2026-05-16T16:23:36.365-04:00 DEBUG 14560 --- [order] [main] c.gestion.ventas.order.OrderApplication  : Running with Spring Boot v4.0.6, Spring v7.0.7
2026-05-16T16:23:36.366-04:00  INFO 14560 --- [order] [main] c.gestion.ventas.order.OrderApplication  : No active profile set, falling back to 1 default profile: "default"
2026-05-16T16:23:37.087-04:00  INFO 14560 --- [order] [main] .s.d.r.c.RepositoryConfigurationDelegate : Bootstrapping Spring Data JPA repositories in DEFAULT mode.
2026-05-16T16:23:37.209-04:00  INFO 14560 --- [order] [main] .s.d.r.c.RepositoryConfigurationDelegate : Finished Spring Data repository scanning in 113 ms. Found 1 JPA repository interface.
2026-05-16T16:23:37.388-04:00  INFO 14560 --- [order] [main] o.s.cloud.context.scope.GenericScope     : BeanFactory id=d431619a-eba2-3c16-81a1-6d155d2578a7
2026-05-16T16:23:37.748-04:00  INFO 14560 --- [order] [main] o.s.boot.tomcat.TomcatWebServer          : Tomcat initialized with port 8084 (http)
2026-05-16T16:23:37.768-04:00  INFO 14560 --- [order] [main] o.apache.catalina.core.StandardService   : Starting service [Tomcat]
2026-05-16T16:23:37.769-04:00  INFO 14560 --- [order] [main] o.apache.catalina.core.StandardEngine    : Starting Servlet engine: [Apache Tomcat/11.0.21]
2026-05-16T16:23:37.851-04:00  INFO 14560 --- [order] [main] b.w.c.s.WebApplicationContextInitializer : Root WebApplicationContext: initialization completed in 1440 ms
2026-05-16T16:23:37.920-04:00 DEBUG 14560 --- [order] [main] c.g.v.o.s.JwtAuthenticationFilter        : Filter 'jwtAuthenticationFilter' configured for use
2026-05-16T16:23:38.243-04:00  INFO 14560 --- [order] [main] com.zaxxer.hikari.HikariDataSource       : HikariPool-1 - Starting...
2026-05-16T16:23:38.532-04:00  INFO 14560 --- [order] [main] com.zaxxer.hikari.pool.HikariPool        : HikariPool-1 - Added connection com.mysql.cj.jdbc.ConnectionImpl@51141f64
2026-05-16T16:23:38.534-04:00  INFO 14560 --- [order] [main] com.zaxxer.hikari.HikariDataSource       : HikariPool-1 - Start completed.
2026-05-16T16:23:38.574-04:00  INFO 14560 --- [order] [main] org.flywaydb.core.FlywayExecutor         : Database: jdbc:mysql://localhost:3306/order_db (MySQL 8.4)
2026-05-16T16:23:38.586-04:00  WARN 14560 --- [order] [main] o.f.c.internal.database.base.Database    : Using MySQL 8.4 which is newer than the version Flyway has been verified with. The latest verified version of MySQL is 8.1.
2026-05-16T16:23:38.630-04:00  INFO 14560 --- [order] [main] o.f.core.internal.command.DbValidate     : Successfully validated 3 migrations (execution time 00:00.028s)
2026-05-16T16:23:38.643-04:00  INFO 14560 --- [order] [main] o.f.core.internal.command.DbMigrate      : Current version of schema `order_db`: 3
2026-05-16T16:23:38.651-04:00  INFO 14560 --- [order] [main] o.f.core.internal.command.DbMigrate      : Schema `order_db` is up to date. No migration necessary.
2026-05-16T16:23:38.745-04:00  INFO 14560 --- [order] [main] org.hibernate.orm.jpa                    : HHH008540: Processing PersistenceUnitInfo [name: default]
2026-05-16T16:23:38.801-04:00  INFO 14560 --- [order] [main] org.hibernate.orm.core                   : HHH000001: Hibernate ORM core version 7.2.12.Final
2026-05-16T16:23:39.220-04:00  INFO 14560 --- [order] [main] o.s.o.j.p.SpringPersistenceUnitInfo      : No LoadTimeWeaver setup: ignoring JPA class transformer
2026-05-16T16:23:39.294-04:00  INFO 14560 --- [order] [main] org.hibernate.orm.connections.pooling    : HHH10001005: Database info:
	Database JDBC URL [jdbc:mysql://localhost:3306/order_db]
	Database driver: MySQL Connector/J
	Database dialect: MySQLDialect
	Database version: 8.4.3
	Default catalog/schema: order_db/undefined
	Autocommit mode: undefined/unknown
	Isolation level: REPEATABLE_READ [default REPEATABLE_READ]
	JDBC fetch size: none
	Pool: DataSourceConnectionProvider
	Minimum pool size: undefined/unknown
	Maximum pool size: undefined/unknown
2026-05-16T16:23:39.990-04:00  INFO 14560 --- [order] [main] org.hibernate.orm.core                   : HHH000489: No JTA platform available (set 'hibernate.transaction.jta.platform' to enable JTA platform integration)
2026-05-16T16:23:40.022-04:00  INFO 14560 --- [order] [main] j.LocalContainerEntityManagerFactoryBean : Initialized JPA EntityManagerFactory for persistence unit 'default'
2026-05-16T16:23:40.090-04:00  INFO 14560 --- [order] [main] o.s.d.j.r.query.QueryEnhancerFactories   : Hibernate is in classpath; If applicable, HQL parser will be used.
2026-05-16T16:23:40.492-04:00  WARN 14560 --- [order] [main] .s.a.UserDetailsServiceAutoConfiguration : 

Using generated security password: f72bb83d-ee16-4344-9d71-fca76a55fd40

This generated password is for development use only. Your security configuration must be updated before running your application in production.

2026-05-16T16:23:40.500-04:00  INFO 14560 --- [order] [main] r$InitializeUserDetailsManagerConfigurer : Global AuthenticationManager configured with UserDetailsService bean with name inMemoryUserDetailsManager
2026-05-16T16:23:41.922-04:00  INFO 14560 --- [order] [main] o.s.cloud.commons.util.InetUtils         : Cannot determine local hostname
2026-05-16T16:23:42.944-04:00  INFO 14560 --- [order] [main] o.s.cloud.commons.util.InetUtils         : Cannot determine local hostname
2026-05-16T16:23:42.984-04:00  INFO 14560 --- [order] [main] o.s.boot.tomcat.TomcatWebServer          : Tomcat started on port 8084 (http) with context path '/api'
2026-05-16T16:23:43.999-04:00  INFO 14560 --- [order] [main] o.s.cloud.commons.util.InetUtils         : Cannot determine local hostname
2026-05-16T16:23:45.005-04:00  INFO 14560 --- [order] [main] o.s.cloud.commons.util.InetUtils         : Cannot determine local hostname
2026-05-16T16:23:45.010-04:00  INFO 14560 --- [order] [main] c.gestion.ventas.order.OrderApplication  : Started OrderApplication in 10.052 seconds (process running for 10.577)
2026-05-16T16:51:43.458-04:00  INFO 14560 --- [order] [http-nio-8084-exec-1] o.a.c.c.C.[Tomcat].[localhost].[/api]    : Initializing Spring DispatcherServlet 'dispatcherServlet'
2026-05-16T16:51:43.458-04:00  INFO 14560 --- [order] [http-nio-8084-exec-1] o.s.web.servlet.DispatcherServlet        : Initializing Servlet 'dispatcherServlet'
2026-05-16T16:51:43.460-04:00  INFO 14560 --- [order] [http-nio-8084-exec-1] o.s.web.servlet.DispatcherServlet        : Completed initialization in 2 ms
2026-05-16T16:51:43.542-04:00  INFO 14560 --- [order] [http-nio-8084-exec-1] c.g.v.o.s.JwtAuthenticationFilter        : Token válido para usuario: 1
2026-05-16T16:51:43.566-04:00  INFO 14560 --- [order] [http-nio-8084-exec-1] c.g.v.order.controller.OrderController   : GET /orders/noitems/1
2026-05-16T16:51:43.574-04:00  INFO 14560 --- [order] [http-nio-8084-exec-1] c.g.ventas.order.service.OrderService    : Obteniendo orden por su ID: 1
2026-05-16T16:54:59.428-04:00  INFO 14560 --- [order] [http-nio-8084-exec-3] c.g.v.o.s.JwtAuthenticationFilter        : Token válido para usuario: 1
2026-05-16T16:55:22.213-04:00  INFO 14560 --- [order] [http-nio-8084-exec-4] c.g.v.o.s.JwtAuthenticationFilter        : Token válido para usuario: 1
2026-05-16T16:55:27.173-04:00  INFO 14560 --- [order] [http-nio-8084-exec-5] c.g.v.o.s.JwtAuthenticationFilter        : Token válido para usuario: 1
2026-05-16T16:55:27.548-04:00  INFO 14560 --- [order] [http-nio-8084-exec-6] c.g.v.o.s.JwtAuthenticationFilter        : Token válido para usuario: 1
2026-05-16T16:55:27.702-04:00  INFO 14560 --- [order] [http-nio-8084-exec-7] c.g.v.o.s.JwtAuthenticationFilter        : Token válido para usuario: 1
2026-05-16T16:55:27.845-04:00  INFO 14560 --- [order] [http-nio-8084-exec-8] c.g.v.o.s.JwtAuthenticationFilter        : Token válido para usuario: 1
2026-05-16T16:55:27.972-04:00  INFO 14560 --- [order] [http-nio-8084-exec-9] c.g.v.o.s.JwtAuthenticationFilter        : Token válido para usuario: 1
2026-05-16T16:55:28.117-04:00  INFO 14560 --- [order] [http-nio-8084-exec-10] c.g.v.o.s.JwtAuthenticationFilter        : Token válido para usuario: 1
2026-05-16T16:55:41.540-04:00  INFO 14560 --- [order] [http-nio-8084-exec-1] c.g.v.o.s.JwtAuthenticationFilter        : Token válido para usuario: 1
2026-05-16T16:55:42.035-04:00  INFO 14560 --- [order] [http-nio-8084-exec-2] c.g.v.o.s.JwtAuthenticationFilter        : Token válido para usuario: 1
2026-05-16T16:55:42.161-04:00  INFO 14560 --- [order] [http-nio-8084-exec-3] c.g.v.o.s.JwtAuthenticationFilter        : Token válido para usuario: 1
2026-05-16T16:55:42.280-04:00  INFO 14560 --- [order] [http-nio-8084-exec-4] c.g.v.o.s.JwtAuthenticationFilter        : Token válido para usuario: 1
2026-05-16T16:55:42.657-04:00  INFO 14560 --- [order] [http-nio-8084-exec-5] c.g.v.o.s.JwtAuthenticationFilter        : Token válido para usuario: 1
2026-05-16T16:55:42.791-04:00  INFO 14560 --- [order] [http-nio-8084-exec-6] c.g.v.o.s.JwtAuthenticationFilter        : Token válido para usuario: 1
2026-05-16T16:55:42.923-04:00  INFO 14560 --- [order] [http-nio-8084-exec-7] c.g.v.o.s.JwtAuthenticationFilter        : Token válido para usuario: 1
2026-05-16T16:55:55.542-04:00  INFO 14560 --- [order] [http-nio-8084-exec-8] c.g.v.o.s.JwtAuthenticationFilter        : Token válido para usuario: 1
2026-05-16T16:55:55.543-04:00  INFO 14560 --- [order] [http-nio-8084-exec-8] c.g.v.order.controller.OrderController   : GET /orders
2026-05-16T16:55:55.544-04:00  INFO 14560 --- [order] [http-nio-8084-exec-8] c.g.ventas.order.service.OrderService    : Obteniendo todas las ordenes
2026-05-16T16:56:06.136-04:00  INFO 14560 --- [order] [http-nio-8084-exec-9] c.g.v.o.s.JwtAuthenticationFilter        : Token válido para usuario: 1
2026-05-16T16:56:06.137-04:00  INFO 14560 --- [order] [http-nio-8084-exec-9] c.g.v.order.controller.OrderController   : GET /orders/1
2026-05-16T16:56:06.138-04:00  INFO 14560 --- [order] [http-nio-8084-exec-9] c.g.ventas.order.service.OrderService    : Obteniendo orden por su ID: 1
2026-05-16T17:00:23.115-04:00  INFO 14560 --- [order] [http-nio-8084-exec-10] c.g.v.o.s.JwtAuthenticationFilter        : Token válido para usuario: 1
2026-05-16T17:00:23.179-04:00 ERROR 14560 --- [order] [http-nio-8084-exec-10] c.g.v.o.e.GlobalExceptionHandler         : Solicitud inválida: Validation failed for argument [1] in public org.springframework.http.ResponseEntity<cl.gestion.ventas.order.dto.OrderResponse> cl.gestion.ventas.order.controller.OrderController.updateState(java.lang.Long,cl.gestion.ventas.order.dto.OrderStatusUpdate): [Field error in object 'orderStatusUpdate' on field 'newStatus': rejected value [null]; codes [NotNull.orderStatusUpdate.newStatus,NotNull.newStatus,NotNull.cl.gestion.ventas.order.model.OrderStatus,NotNull]; arguments [org.springframework.context.support.DefaultMessageSourceResolvable: codes [orderStatusUpdate.newStatus,newStatus]; arguments []; default message [newStatus]]; default message [El nuevo estado es obligatorio]] 
2026-05-16T17:02:12.289-04:00  INFO 14560 --- [order] [http-nio-8084-exec-1] c.g.v.o.s.JwtAuthenticationFilter        : Token válido para usuario: 1
2026-05-16T17:02:12.289-04:00  INFO 14560 --- [order] [http-nio-8084-exec-1] c.g.v.order.controller.OrderController   : GET /orders/1
2026-05-16T17:02:12.290-04:00  INFO 14560 --- [order] [http-nio-8084-exec-1] c.g.ventas.order.service.OrderService    : Obteniendo orden por su ID: 1
2026-05-16T17:02:26.102-04:00  INFO 14560 --- [order] [http-nio-8084-exec-2] c.g.v.o.s.JwtAuthenticationFilter        : Token válido para usuario: 1
2026-05-16T17:02:26.104-04:00  INFO 14560 --- [order] [http-nio-8084-exec-2] c.g.v.order.controller.OrderController   : PUT /orders/1
2026-05-16T17:02:26.106-04:00  INFO 14560 --- [order] [http-nio-8084-exec-2] c.g.ventas.order.service.OrderService    : Cambiando estado de orden 1 de PENDING a PENDING
2026-05-16T17:02:42.010-04:00  INFO 14560 --- [order] [http-nio-8084-exec-3] c.g.v.o.s.JwtAuthenticationFilter        : Token válido para usuario: 1
2026-05-16T17:02:42.011-04:00  INFO 14560 --- [order] [http-nio-8084-exec-3] c.g.v.order.controller.OrderController   : PUT /orders/1
2026-05-16T17:02:42.013-04:00  INFO 14560 --- [order] [http-nio-8084-exec-3] c.g.ventas.order.service.OrderService    : Cambiando estado de orden 1 de PENDING a SHIPPED
2026-05-16T17:02:46.707-04:00  INFO 14560 --- [order] [http-nio-8084-exec-4] c.g.v.o.s.JwtAuthenticationFilter        : Token válido para usuario: 1
2026-05-16T17:02:46.707-04:00  INFO 14560 --- [order] [http-nio-8084-exec-4] c.g.v.order.controller.OrderController   : GET /orders
2026-05-16T17:02:46.708-04:00  INFO 14560 --- [order] [http-nio-8084-exec-4] c.g.ventas.order.service.OrderService    : Obteniendo todas las ordenes
2026-05-16T17:03:23.642-04:00  INFO 14560 --- [order] [http-nio-8084-exec-5] c.g.v.o.s.JwtAuthenticationFilter        : Token válido para usuario: 1
2026-05-16T17:03:23.642-04:00  INFO 14560 --- [order] [http-nio-8084-exec-5] c.g.v.order.controller.OrderController   : GET /orders
2026-05-16T17:03:23.643-04:00  INFO 14560 --- [order] [http-nio-8084-exec-5] c.g.ventas.order.service.OrderService    : Obteniendo todas las ordenes
2026-05-16T17:03:37.896-04:00  INFO 14560 --- [order] [http-nio-8084-exec-6] c.g.v.o.s.JwtAuthenticationFilter        : Token válido para usuario: 1
2026-05-16T17:03:37.897-04:00  INFO 14560 --- [order] [http-nio-8084-exec-6] c.g.v.order.controller.OrderController   : DELETE /v1/orders/2
2026-05-16T17:03:38.289-04:00  INFO 14560 --- [order] [http-nio-8084-exec-6] c.g.ventas.order.service.OrderService    : Stock restaurado para la orden 2
2026-05-16T17:03:38.293-04:00  INFO 14560 --- [order] [http-nio-8084-exec-6] c.g.ventas.order.service.OrderService    : Orden 2 eliminada
2026-05-16T17:03:42.238-04:00  INFO 14560 --- [order] [http-nio-8084-exec-7] c.g.v.o.s.JwtAuthenticationFilter        : Token válido para usuario: 1
2026-05-16T17:03:42.239-04:00  INFO 14560 --- [order] [http-nio-8084-exec-7] c.g.v.order.controller.OrderController   : GET /orders/2
2026-05-16T17:03:42.240-04:00  INFO 14560 --- [order] [http-nio-8084-exec-7] c.g.ventas.order.service.OrderService    : Obteniendo orden por su ID: 2
2026-05-16T17:03:42.244-04:00 ERROR 14560 --- [order] [http-nio-8084-exec-7] c.g.v.o.e.GlobalExceptionHandler         : Carrito no encontrado: No se encontro la orden con esa id
2026-05-16T17:03:44.119-04:00  INFO 14560 --- [order] [http-nio-8084-exec-8] c.g.v.o.s.JwtAuthenticationFilter        : Token válido para usuario: 1
2026-05-16T17:03:44.120-04:00  INFO 14560 --- [order] [http-nio-8084-exec-8] c.g.v.order.controller.OrderController   : GET /orders
2026-05-16T17:03:44.121-04:00  INFO 14560 --- [order] [http-nio-8084-exec-8] c.g.ventas.order.service.OrderService    : Obteniendo todas las ordenes
2026-05-16T17:08:50.185-04:00  INFO 14560 --- [order] [http-nio-8084-exec-9] c.g.v.o.s.JwtAuthenticationFilter        : Token válido para usuario: 1
2026-05-16T17:08:50.185-04:00  INFO 14560 --- [order] [http-nio-8084-exec-9] c.g.v.order.controller.OrderController   : GET /orders/noitems/5
2026-05-16T17:08:50.187-04:00  INFO 14560 --- [order] [http-nio-8084-exec-9] c.g.ventas.order.service.OrderService    : Obteniendo orden por su ID: 5
2026-05-16T17:08:50.191-04:00 ERROR 14560 --- [order] [http-nio-8084-exec-9] c.g.v.o.e.GlobalExceptionHandler         : Carrito no encontrado: No se encontro la orden con esa id
2026-05-16T17:09:18.155-04:00  INFO 14560 --- [order] [http-nio-8084-exec-10] c.g.v.o.s.JwtAuthenticationFilter        : Token válido para usuario: 1
2026-05-16T17:09:18.156-04:00  INFO 14560 --- [order] [http-nio-8084-exec-10] c.g.v.order.controller.OrderController   : GET /orders/noitems/5
2026-05-16T17:09:18.157-04:00  INFO 14560 --- [order] [http-nio-8084-exec-10] c.g.ventas.order.service.OrderService    : Obteniendo orden por su ID: 5
2026-05-16T17:09:18.159-04:00 ERROR 14560 --- [order] [http-nio-8084-exec-10] c.g.v.o.e.GlobalExceptionHandler         : Carrito no encontrado: No se encontro la orden con esa id
2026-05-16T17:09:18.531-04:00  INFO 14560 --- [order] [http-nio-8084-exec-1] c.g.v.o.s.JwtAuthenticationFilter        : Token válido para usuario: 1
2026-05-16T17:09:18.532-04:00  INFO 14560 --- [order] [http-nio-8084-exec-1] c.g.v.order.controller.OrderController   : GET /orders/noitems/5
2026-05-16T17:09:18.533-04:00  INFO 14560 --- [order] [http-nio-8084-exec-1] c.g.ventas.order.service.OrderService    : Obteniendo orden por su ID: 5
2026-05-16T17:09:18.536-04:00 ERROR 14560 --- [order] [http-nio-8084-exec-1] c.g.v.o.e.GlobalExceptionHandler         : Carrito no encontrado: No se encontro la orden con esa id
2026-05-16T17:09:18.685-04:00  INFO 14560 --- [order] [http-nio-8084-exec-2] c.g.v.o.s.JwtAuthenticationFilter        : Token válido para usuario: 1
2026-05-16T17:09:18.686-04:00  INFO 14560 --- [order] [http-nio-8084-exec-2] c.g.v.order.controller.OrderController   : GET /orders/noitems/5
2026-05-16T17:09:18.687-04:00  INFO 14560 --- [order] [http-nio-8084-exec-2] c.g.ventas.order.service.OrderService    : Obteniendo orden por su ID: 5
2026-05-16T17:09:18.688-04:00 ERROR 14560 --- [order] [http-nio-8084-exec-2] c.g.v.o.e.GlobalExceptionHandler         : Carrito no encontrado: No se encontro la orden con esa id
2026-05-16T17:09:18.815-04:00  INFO 14560 --- [order] [http-nio-8084-exec-3] c.g.v.o.s.JwtAuthenticationFilter        : Token válido para usuario: 1
2026-05-16T17:09:18.816-04:00  INFO 14560 --- [order] [http-nio-8084-exec-3] c.g.v.order.controller.OrderController   : GET /orders/noitems/5
2026-05-16T17:09:18.817-04:00  INFO 14560 --- [order] [http-nio-8084-exec-3] c.g.ventas.order.service.OrderService    : Obteniendo orden por su ID: 5
2026-05-16T17:09:18.819-04:00 ERROR 14560 --- [order] [http-nio-8084-exec-3] c.g.v.o.e.GlobalExceptionHandler         : Carrito no encontrado: No se encontro la orden con esa id
2026-05-16T17:09:18.954-04:00  INFO 14560 --- [order] [http-nio-8084-exec-4] c.g.v.o.s.JwtAuthenticationFilter        : Token válido para usuario: 1
2026-05-16T17:09:18.955-04:00  INFO 14560 --- [order] [http-nio-8084-exec-4] c.g.v.order.controller.OrderController   : GET /orders/noitems/5
2026-05-16T17:09:18.955-04:00  INFO 14560 --- [order] [http-nio-8084-exec-4] c.g.ventas.order.service.OrderService    : Obteniendo orden por su ID: 5
2026-05-16T17:09:18.958-04:00 ERROR 14560 --- [order] [http-nio-8084-exec-4] c.g.v.o.e.GlobalExceptionHandler         : Carrito no encontrado: No se encontro la orden con esa id
2026-05-16T17:09:19.067-04:00  INFO 14560 --- [order] [http-nio-8084-exec-5] c.g.v.o.s.JwtAuthenticationFilter        : Token válido para usuario: 1
2026-05-16T17:09:19.068-04:00  INFO 14560 --- [order] [http-nio-8084-exec-5] c.g.v.order.controller.OrderController   : GET /orders/noitems/5
2026-05-16T17:09:19.068-04:00  INFO 14560 --- [order] [http-nio-8084-exec-5] c.g.ventas.order.service.OrderService    : Obteniendo orden por su ID: 5
2026-05-16T17:09:19.070-04:00 ERROR 14560 --- [order] [http-nio-8084-exec-5] c.g.v.o.e.GlobalExceptionHandler         : Carrito no encontrado: No se encontro la orden con esa id
2026-05-16T17:09:19.193-04:00  INFO 14560 --- [order] [http-nio-8084-exec-6] c.g.v.o.s.JwtAuthenticationFilter        : Token válido para usuario: 1
2026-05-16T17:09:19.194-04:00  INFO 14560 --- [order] [http-nio-8084-exec-6] c.g.v.order.controller.OrderController   : GET /orders/noitems/5
2026-05-16T17:09:19.194-04:00  INFO 14560 --- [order] [http-nio-8084-exec-6] c.g.ventas.order.service.OrderService    : Obteniendo orden por su ID: 5
2026-05-16T17:09:19.196-04:00 ERROR 14560 --- [order] [http-nio-8084-exec-6] c.g.v.o.e.GlobalExceptionHandler         : Carrito no encontrado: No se encontro la orden con esa id
2026-05-16T17:09:19.320-04:00  INFO 14560 --- [order] [http-nio-8084-exec-7] c.g.v.o.s.JwtAuthenticationFilter        : Token válido para usuario: 1
2026-05-16T17:09:19.320-04:00  INFO 14560 --- [order] [http-nio-8084-exec-7] c.g.v.order.controller.OrderController   : GET /orders/noitems/5
2026-05-16T17:09:19.321-04:00  INFO 14560 --- [order] [http-nio-8084-exec-7] c.g.ventas.order.service.OrderService    : Obteniendo orden por su ID: 5
2026-05-16T17:09:19.323-04:00 ERROR 14560 --- [order] [http-nio-8084-exec-7] c.g.v.o.e.GlobalExceptionHandler         : Carrito no encontrado: No se encontro la orden con esa id
2026-05-16T17:09:19.468-04:00  INFO 14560 --- [order] [http-nio-8084-exec-8] c.g.v.o.s.JwtAuthenticationFilter        : Token válido para usuario: 1
2026-05-16T17:09:19.468-04:00  INFO 14560 --- [order] [http-nio-8084-exec-8] c.g.v.order.controller.OrderController   : GET /orders/noitems/5
2026-05-16T17:09:19.469-04:00  INFO 14560 --- [order] [http-nio-8084-exec-8] c.g.ventas.order.service.OrderService    : Obteniendo orden por su ID: 5
2026-05-16T17:09:19.471-04:00 ERROR 14560 --- [order] [http-nio-8084-exec-8] c.g.v.o.e.GlobalExceptionHandler         : Carrito no encontrado: No se encontro la orden con esa id
2026-05-16T17:09:21.024-04:00  INFO 14560 --- [order] [http-nio-8084-exec-9] c.g.v.o.s.JwtAuthenticationFilter        : Token válido para usuario: 1
2026-05-16T17:09:21.024-04:00  INFO 14560 --- [order] [http-nio-8084-exec-9] c.g.v.order.controller.OrderController   : GET /orders/noitems/5
2026-05-16T17:09:21.025-04:00  INFO 14560 --- [order] [http-nio-8084-exec-9] c.g.ventas.order.service.OrderService    : Obteniendo orden por su ID: 5
2026-05-16T17:09:21.027-04:00 ERROR 14560 --- [order] [http-nio-8084-exec-9] c.g.v.o.e.GlobalExceptionHandler         : Carrito no encontrado: No se encontro la orden con esa id
2026-05-16T17:09:21.458-04:00  INFO 14560 --- [order] [http-nio-8084-exec-10] c.g.v.o.s.JwtAuthenticationFilter        : Token válido para usuario: 1
2026-05-16T17:09:21.459-04:00  INFO 14560 --- [order] [http-nio-8084-exec-10] c.g.v.order.controller.OrderController   : GET /orders/noitems/5
2026-05-16T17:09:21.460-04:00  INFO 14560 --- [order] [http-nio-8084-exec-10] c.g.ventas.order.service.OrderService    : Obteniendo orden por su ID: 5
2026-05-16T17:09:21.462-04:00 ERROR 14560 --- [order] [http-nio-8084-exec-10] c.g.v.o.e.GlobalExceptionHandler         : Carrito no encontrado: No se encontro la orden con esa id
2026-05-16T17:10:19.684-04:00  INFO 14560 --- [order] [http-nio-8084-exec-1] c.g.v.o.s.JwtAuthenticationFilter        : Token válido para usuario: 1
2026-05-16T17:10:19.685-04:00  INFO 14560 --- [order] [http-nio-8084-exec-1] c.g.v.order.controller.OrderController   : GET /orders/noitems/5
2026-05-16T17:10:19.685-04:00  INFO 14560 --- [order] [http-nio-8084-exec-1] c.g.ventas.order.service.OrderService    : Obteniendo orden por su ID: 5
2026-05-16T17:10:19.687-04:00 ERROR 14560 --- [order] [http-nio-8084-exec-1] c.g.v.o.e.GlobalExceptionHandler         : Carrito no encontrado: No se encontro la orden con esa id
2026-05-16T17:13:08.135-04:00  INFO 14560 --- [order] [http-nio-8084-exec-3] c.g.v.o.s.JwtAuthenticationFilter        : Token válido para usuario: 1
2026-05-16T17:13:08.136-04:00  INFO 14560 --- [order] [http-nio-8084-exec-3] c.g.v.order.controller.OrderController   : GET /orders/noitems/2
2026-05-16T17:13:08.136-04:00  INFO 14560 --- [order] [http-nio-8084-exec-3] c.g.ventas.order.service.OrderService    : Obteniendo orden por su ID: 2
2026-05-16T17:13:08.140-04:00 ERROR 14560 --- [order] [http-nio-8084-exec-3] c.g.v.o.e.GlobalExceptionHandler         : Carrito no encontrado: No se encontro la orden con esa id
2026-05-16T17:13:24.041-04:00  INFO 14560 --- [order] [http-nio-8084-exec-4] c.g.v.o.s.JwtAuthenticationFilter        : Token válido para usuario: 1
2026-05-16T17:13:24.041-04:00  INFO 14560 --- [order] [http-nio-8084-exec-4] c.g.v.order.controller.OrderController   : GET /orders/noitems/2
2026-05-16T17:13:24.042-04:00  INFO 14560 --- [order] [http-nio-8084-exec-4] c.g.ventas.order.service.OrderService    : Obteniendo orden por su ID: 2
2026-05-16T17:13:24.044-04:00 ERROR 14560 --- [order] [http-nio-8084-exec-4] c.g.v.o.e.GlobalExceptionHandler         : Carrito no encontrado: No se encontro la orden con esa id
2026-05-16T17:13:28.041-04:00  INFO 14560 --- [order] [http-nio-8084-exec-5] c.g.v.o.s.JwtAuthenticationFilter        : Token válido para usuario: 1
2026-05-16T17:13:28.042-04:00  INFO 14560 --- [order] [http-nio-8084-exec-5] c.g.v.order.controller.OrderController   : GET /orders/noitems/2
2026-05-16T17:13:28.042-04:00  INFO 14560 --- [order] [http-nio-8084-exec-5] c.g.ventas.order.service.OrderService    : Obteniendo orden por su ID: 2
2026-05-16T17:13:28.044-04:00 ERROR 14560 --- [order] [http-nio-8084-exec-5] c.g.v.o.e.GlobalExceptionHandler         : Carrito no encontrado: No se encontro la orden con esa id
2026-05-16T17:15:36.800-04:00  INFO 14560 --- [order] [http-nio-8084-exec-7] c.g.v.o.s.JwtAuthenticationFilter        : Token válido para usuario: 1
2026-05-16T17:15:36.801-04:00  INFO 14560 --- [order] [http-nio-8084-exec-7] c.g.v.order.controller.OrderController   : GET /orders/noitems/2
2026-05-16T17:15:36.801-04:00  INFO 14560 --- [order] [http-nio-8084-exec-7] c.g.ventas.order.service.OrderService    : Obteniendo orden por su ID: 2
2026-05-16T17:15:36.803-04:00 ERROR 14560 --- [order] [http-nio-8084-exec-7] c.g.v.o.e.GlobalExceptionHandler         : Carrito no encontrado: No se encontro la orden con esa id
2026-05-16T17:16:44.457-04:00  INFO 14560 --- [order] [http-nio-8084-exec-9] c.g.v.o.s.JwtAuthenticationFilter        : Token válido para usuario: 1
2026-05-16T17:16:44.458-04:00  INFO 14560 --- [order] [http-nio-8084-exec-9] c.g.v.order.controller.OrderController   : GET /orders/noitems/3
2026-05-16T17:16:44.459-04:00  INFO 14560 --- [order] [http-nio-8084-exec-9] c.g.ventas.order.service.OrderService    : Obteniendo orden por su ID: 3
2026-05-16T17:16:44.461-04:00 ERROR 14560 --- [order] [http-nio-8084-exec-9] c.g.v.o.e.GlobalExceptionHandler         : Carrito no encontrado: No se encontro la orden con esa id
2026-05-16T17:18:08.030-04:00  INFO 14560 --- [order] [http-nio-8084-exec-1] c.g.v.o.s.JwtAuthenticationFilter        : Token válido para usuario: 1
2026-05-16T17:18:08.031-04:00  INFO 14560 --- [order] [http-nio-8084-exec-1] c.g.v.order.controller.OrderController   : GET /orders/noitems/1
2026-05-16T17:18:08.032-04:00  INFO 14560 --- [order] [http-nio-8084-exec-1] c.g.ventas.order.service.OrderService    : Obteniendo orden por su ID: 1
2026-05-16T17:18:34.995-04:00  INFO 14560 --- [order] [http-nio-8084-exec-2] c.g.v.o.s.JwtAuthenticationFilter        : Token válido para usuario: 1
2026-05-16T17:18:34.996-04:00  INFO 14560 --- [order] [http-nio-8084-exec-2] c.g.v.order.controller.OrderController   : GET /orders/noitems/1
2026-05-16T17:18:34.997-04:00  INFO 14560 --- [order] [http-nio-8084-exec-2] c.g.ventas.order.service.OrderService    : Obteniendo orden por su ID: 1
2026-05-16T17:18:35.012-04:00  INFO 14560 --- [order] [http-nio-8084-exec-3] c.g.v.o.s.JwtAuthenticationFilter        : Token válido para usuario: 1
2026-05-16T17:18:35.013-04:00  INFO 14560 --- [order] [http-nio-8084-exec-3] c.g.v.order.controller.OrderController   : PUT /orders/1
2026-05-16T17:18:35.015-04:00 ERROR 14560 --- [order] [http-nio-8084-exec-3] c.g.v.o.e.GlobalExceptionHandler         : Estado no permitido: No se puede modificar la orden a un estado previo o cancelarse una vez enviada
2026-05-16T17:18:37.066-04:00  INFO 14560 --- [order] [http-nio-8084-exec-4] c.g.v.o.s.JwtAuthenticationFilter        : Token válido para usuario: 1
2026-05-16T17:18:37.067-04:00  INFO 14560 --- [order] [http-nio-8084-exec-4] c.g.v.order.controller.OrderController   : GET /orders/noitems/1
2026-05-16T17:18:37.068-04:00  INFO 14560 --- [order] [http-nio-8084-exec-4] c.g.ventas.order.service.OrderService    : Obteniendo orden por su ID: 1
2026-05-16T17:18:37.075-04:00  INFO 14560 --- [order] [http-nio-8084-exec-5] c.g.v.o.s.JwtAuthenticationFilter        : Token válido para usuario: 1
2026-05-16T17:18:37.076-04:00  INFO 14560 --- [order] [http-nio-8084-exec-5] c.g.v.order.controller.OrderController   : PUT /orders/1
2026-05-16T17:18:37.079-04:00 ERROR 14560 --- [order] [http-nio-8084-exec-5] c.g.v.o.e.GlobalExceptionHandler         : Estado no permitido: No se puede modificar la orden a un estado previo o cancelarse una vez enviada
2026-05-16T17:18:37.412-04:00  INFO 14560 --- [order] [http-nio-8084-exec-6] c.g.v.o.s.JwtAuthenticationFilter        : Token válido para usuario: 1
2026-05-16T17:18:37.412-04:00  INFO 14560 --- [order] [http-nio-8084-exec-6] c.g.v.order.controller.OrderController   : GET /orders/noitems/1
2026-05-16T17:18:37.413-04:00  INFO 14560 --- [order] [http-nio-8084-exec-6] c.g.ventas.order.service.OrderService    : Obteniendo orden por su ID: 1
2026-05-16T17:18:37.419-04:00  INFO 14560 --- [order] [http-nio-8084-exec-7] c.g.v.o.s.JwtAuthenticationFilter        : Token válido para usuario: 1
2026-05-16T17:18:37.422-04:00  INFO 14560 --- [order] [http-nio-8084-exec-7] c.g.v.order.controller.OrderController   : PUT /orders/1
2026-05-16T17:18:37.425-04:00 ERROR 14560 --- [order] [http-nio-8084-exec-7] c.g.v.o.e.GlobalExceptionHandler         : Estado no permitido: No se puede modificar la orden a un estado previo o cancelarse una vez enviada
2026-05-16T17:18:37.552-04:00  INFO 14560 --- [order] [http-nio-8084-exec-8] c.g.v.o.s.JwtAuthenticationFilter        : Token válido para usuario: 1
2026-05-16T17:18:37.553-04:00  INFO 14560 --- [order] [http-nio-8084-exec-8] c.g.v.order.controller.OrderController   : GET /orders/noitems/1
2026-05-16T17:18:37.554-04:00  INFO 14560 --- [order] [http-nio-8084-exec-8] c.g.ventas.order.service.OrderService    : Obteniendo orden por su ID: 1
2026-05-16T17:18:37.561-04:00  INFO 14560 --- [order] [http-nio-8084-exec-9] c.g.v.o.s.JwtAuthenticationFilter        : Token válido para usuario: 1
2026-05-16T17:18:37.562-04:00  INFO 14560 --- [order] [http-nio-8084-exec-9] c.g.v.order.controller.OrderController   : PUT /orders/1
2026-05-16T17:18:37.564-04:00 ERROR 14560 --- [order] [http-nio-8084-exec-9] c.g.v.o.e.GlobalExceptionHandler         : Estado no permitido: No se puede modificar la orden a un estado previo o cancelarse una vez enviada
2026-05-16T17:18:37.688-04:00  INFO 14560 --- [order] [http-nio-8084-exec-10] c.g.v.o.s.JwtAuthenticationFilter        : Token válido para usuario: 1
2026-05-16T17:18:37.689-04:00  INFO 14560 --- [order] [http-nio-8084-exec-10] c.g.v.order.controller.OrderController   : GET /orders/noitems/1
2026-05-16T17:18:37.690-04:00  INFO 14560 --- [order] [http-nio-8084-exec-10] c.g.ventas.order.service.OrderService    : Obteniendo orden por su ID: 1
2026-05-16T17:18:37.696-04:00  INFO 14560 --- [order] [http-nio-8084-exec-1] c.g.v.o.s.JwtAuthenticationFilter        : Token válido para usuario: 1
2026-05-16T17:18:37.697-04:00  INFO 14560 --- [order] [http-nio-8084-exec-1] c.g.v.order.controller.OrderController   : PUT /orders/1
2026-05-16T17:18:37.700-04:00 ERROR 14560 --- [order] [http-nio-8084-exec-1] c.g.v.o.e.GlobalExceptionHandler         : Estado no permitido: No se puede modificar la orden a un estado previo o cancelarse una vez enviada
2026-05-16T17:18:37.812-04:00  INFO 14560 --- [order] [http-nio-8084-exec-2] c.g.v.o.s.JwtAuthenticationFilter        : Token válido para usuario: 1
2026-05-16T17:18:37.813-04:00  INFO 14560 --- [order] [http-nio-8084-exec-2] c.g.v.order.controller.OrderController   : GET /orders/noitems/1
2026-05-16T17:18:37.814-04:00  INFO 14560 --- [order] [http-nio-8084-exec-2] c.g.ventas.order.service.OrderService    : Obteniendo orden por su ID: 1
2026-05-16T17:18:37.820-04:00  INFO 14560 --- [order] [http-nio-8084-exec-3] c.g.v.o.s.JwtAuthenticationFilter        : Token válido para usuario: 1
2026-05-16T17:18:37.821-04:00  INFO 14560 --- [order] [http-nio-8084-exec-3] c.g.v.order.controller.OrderController   : PUT /orders/1
2026-05-16T17:18:37.825-04:00 ERROR 14560 --- [order] [http-nio-8084-exec-3] c.g.v.o.e.GlobalExceptionHandler         : Estado no permitido: No se puede modificar la orden a un estado previo o cancelarse una vez enviada
2026-05-16T17:18:38.046-04:00  INFO 14560 --- [order] [http-nio-8084-exec-4] c.g.v.o.s.JwtAuthenticationFilter        : Token válido para usuario: 1
2026-05-16T17:18:38.047-04:00  INFO 14560 --- [order] [http-nio-8084-exec-4] c.g.v.order.controller.OrderController   : GET /orders/noitems/1
2026-05-16T17:18:38.047-04:00  INFO 14560 --- [order] [http-nio-8084-exec-4] c.g.ventas.order.service.OrderService    : Obteniendo orden por su ID: 1
2026-05-16T17:18:38.054-04:00  INFO 14560 --- [order] [http-nio-8084-exec-5] c.g.v.o.s.JwtAuthenticationFilter        : Token válido para usuario: 1
2026-05-16T17:18:38.055-04:00  INFO 14560 --- [order] [http-nio-8084-exec-5] c.g.v.order.controller.OrderController   : PUT /orders/1
2026-05-16T17:18:38.057-04:00 ERROR 14560 --- [order] [http-nio-8084-exec-5] c.g.v.o.e.GlobalExceptionHandler         : Estado no permitido: No se puede modificar la orden a un estado previo o cancelarse una vez enviada
2026-05-16T17:24:09.736-04:00  INFO 14560 --- [order] [http-nio-8084-exec-6] c.g.v.o.s.JwtAuthenticationFilter        : Token válido para usuario: 1
2026-05-16T17:24:09.737-04:00  INFO 14560 --- [order] [http-nio-8084-exec-6] c.g.v.order.controller.OrderController   : GET /orders/noitems/2
2026-05-16T17:24:09.737-04:00  INFO 14560 --- [order] [http-nio-8084-exec-6] c.g.ventas.order.service.OrderService    : Obteniendo orden por su ID: 2
2026-05-16T17:24:09.740-04:00 ERROR 14560 --- [order] [http-nio-8084-exec-6] c.g.v.o.e.GlobalExceptionHandler         : Carrito no encontrado: No se encontro la orden con esa id
2026-05-16T17:25:31.629-04:00  INFO 14560 --- [order] [http-nio-8084-exec-8] c.g.v.o.s.JwtAuthenticationFilter        : Token válido para usuario: 1
2026-05-16T17:25:31.630-04:00  INFO 14560 --- [order] [http-nio-8084-exec-8] c.g.v.order.controller.OrderController   : GET /orders/noitems/1
2026-05-16T17:25:31.630-04:00  INFO 14560 --- [order] [http-nio-8084-exec-8] c.g.ventas.order.service.OrderService    : Obteniendo orden por su ID: 1
2026-05-16T17:25:31.637-04:00  INFO 14560 --- [order] [http-nio-8084-exec-9] c.g.v.o.s.JwtAuthenticationFilter        : Token válido para usuario: 1
2026-05-16T17:25:31.638-04:00  INFO 14560 --- [order] [http-nio-8084-exec-9] c.g.v.order.controller.OrderController   : PUT /orders/1
2026-05-16T17:25:31.642-04:00 ERROR 14560 --- [order] [http-nio-8084-exec-9] c.g.v.o.e.GlobalExceptionHandler         : Estado no permitido: No se puede modificar la orden a un estado previo o cancelarse una vez enviada
2026-05-16T17:47:38.110-04:00 ERROR 14560 --- [order] [http-nio-8084-exec-7] c.g.ventas.order.service.JwtService      : JWT inválido: JWT expired 4168107 milliseconds ago at 2026-05-16T20:38:10.000Z. Current time: 2026-05-16T21:47:38.107Z. Allowed clock skew: 0 milliseconds.
2026-05-16T17:47:38.110-04:00  WARN 14560 --- [order] [http-nio-8084-exec-7] c.g.v.o.s.JwtAuthenticationFilter        : Token inválido en solicitud a: /api/v1/orders
2026-05-16T17:47:39.195-04:00 ERROR 14560 --- [order] [http-nio-8084-exec-8] c.g.ventas.order.service.JwtService      : JWT inválido: JWT expired 4169194 milliseconds ago at 2026-05-16T20:38:10.000Z. Current time: 2026-05-16T21:47:39.194Z. Allowed clock skew: 0 milliseconds.
2026-05-16T17:47:39.195-04:00  WARN 14560 --- [order] [http-nio-8084-exec-8] c.g.v.o.s.JwtAuthenticationFilter        : Token inválido en solicitud a: /api/v1/orders
2026-05-16T17:48:04.671-04:00 ERROR 14560 --- [order] [http-nio-8084-exec-9] c.g.ventas.order.service.JwtService      : JWT inválido: JWT expired 66671 milliseconds ago at 2026-05-16T21:46:58.000Z. Current time: 2026-05-16T21:48:04.671Z. Allowed clock skew: 0 milliseconds.
2026-05-16T17:48:04.672-04:00  WARN 14560 --- [order] [http-nio-8084-exec-9] c.g.v.o.s.JwtAuthenticationFilter        : Token inválido en solicitud a: /api/v1/orders
2026-05-16T17:48:12.391-04:00 ERROR 14560 --- [order] [http-nio-8084-exec-10] c.g.ventas.order.service.JwtService      : JWT inválido: JWT expired 74391 milliseconds ago at 2026-05-16T21:46:58.000Z. Current time: 2026-05-16T21:48:12.391Z. Allowed clock skew: 0 milliseconds.
2026-05-16T17:48:12.392-04:00  WARN 14560 --- [order] [http-nio-8084-exec-10] c.g.v.o.s.JwtAuthenticationFilter        : Token inválido en solicitud a: /api/v1/orders
2026-05-16T17:48:12.524-04:00 ERROR 14560 --- [order] [http-nio-8084-exec-1] c.g.ventas.order.service.JwtService      : JWT inválido: JWT expired 74524 milliseconds ago at 2026-05-16T21:46:58.000Z. Current time: 2026-05-16T21:48:12.524Z. Allowed clock skew: 0 milliseconds.
2026-05-16T17:48:12.525-04:00  WARN 14560 --- [order] [http-nio-8084-exec-1] c.g.v.o.s.JwtAuthenticationFilter        : Token inválido en solicitud a: /api/v1/orders
2026-05-16T17:48:12.663-04:00 ERROR 14560 --- [order] [http-nio-8084-exec-2] c.g.ventas.order.service.JwtService      : JWT inválido: JWT expired 74663 milliseconds ago at 2026-05-16T21:46:58.000Z. Current time: 2026-05-16T21:48:12.663Z. Allowed clock skew: 0 milliseconds.
2026-05-16T17:48:12.663-04:00  WARN 14560 --- [order] [http-nio-8084-exec-2] c.g.v.o.s.JwtAuthenticationFilter        : Token inválido en solicitud a: /api/v1/orders
2026-05-16T17:48:12.793-04:00 ERROR 14560 --- [order] [http-nio-8084-exec-3] c.g.ventas.order.service.JwtService      : JWT inválido: JWT expired 74792 milliseconds ago at 2026-05-16T21:46:58.000Z. Current time: 2026-05-16T21:48:12.792Z. Allowed clock skew: 0 milliseconds.
2026-05-16T17:48:12.793-04:00  WARN 14560 --- [order] [http-nio-8084-exec-3] c.g.v.o.s.JwtAuthenticationFilter        : Token inválido en solicitud a: /api/v1/orders
2026-05-16T17:48:12.923-04:00 ERROR 14560 --- [order] [http-nio-8084-exec-4] c.g.ventas.order.service.JwtService      : JWT inválido: JWT expired 74923 milliseconds ago at 2026-05-16T21:46:58.000Z. Current time: 2026-05-16T21:48:12.923Z. Allowed clock skew: 0 milliseconds.
2026-05-16T17:48:12.923-04:00  WARN 14560 --- [order] [http-nio-8084-exec-4] c.g.v.o.s.JwtAuthenticationFilter        : Token inválido en solicitud a: /api/v1/orders
2026-05-16T17:48:13.057-04:00 ERROR 14560 --- [order] [http-nio-8084-exec-5] c.g.ventas.order.service.JwtService      : JWT inválido: JWT expired 75057 milliseconds ago at 2026-05-16T21:46:58.000Z. Current time: 2026-05-16T21:48:13.057Z. Allowed clock skew: 0 milliseconds.
2026-05-16T17:48:13.057-04:00  WARN 14560 --- [order] [http-nio-8084-exec-5] c.g.v.o.s.JwtAuthenticationFilter        : Token inválido en solicitud a: /api/v1/orders
2026-05-16T17:48:23.986-04:00 ERROR 14560 --- [order] [http-nio-8084-exec-6] c.g.ventas.order.service.JwtService      : JWT inválido: JWT expired 85986 milliseconds ago at 2026-05-16T21:46:58.000Z. Current time: 2026-05-16T21:48:23.986Z. Allowed clock skew: 0 milliseconds.
2026-05-16T17:48:23.987-04:00  WARN 14560 --- [order] [http-nio-8084-exec-6] c.g.v.o.s.JwtAuthenticationFilter        : Token inválido en solicitud a: /api/v1/orders
2026-05-16T17:48:33.333-04:00 ERROR 14560 --- [order] [http-nio-8084-exec-7] c.g.ventas.order.service.JwtService      : JWT inválido: JWT expired 95333 milliseconds ago at 2026-05-16T21:46:58.000Z. Current time: 2026-05-16T21:48:33.333Z. Allowed clock skew: 0 milliseconds.
2026-05-16T17:48:33.333-04:00  WARN 14560 --- [order] [http-nio-8084-exec-7] c.g.v.o.s.JwtAuthenticationFilter        : Token inválido en solicitud a: /api/v1/auth
2026-05-16T17:48:40.051-04:00 ERROR 14560 --- [order] [http-nio-8084-exec-8] c.g.ventas.order.service.JwtService      : JWT inválido: JWT expired 102051 milliseconds ago at 2026-05-16T21:46:58.000Z. Current time: 2026-05-16T21:48:40.051Z. Allowed clock skew: 0 milliseconds.
2026-05-16T17:48:40.051-04:00  WARN 14560 --- [order] [http-nio-8084-exec-8] c.g.v.o.s.JwtAuthenticationFilter        : Token inválido en solicitud a: /api/v1/auth
2026-05-16T17:48:40.202-04:00 ERROR 14560 --- [order] [http-nio-8084-exec-9] c.g.ventas.order.service.JwtService      : JWT inválido: JWT expired 102201 milliseconds ago at 2026-05-16T21:46:58.000Z. Current time: 2026-05-16T21:48:40.201Z. Allowed clock skew: 0 milliseconds.
2026-05-16T17:48:40.202-04:00  WARN 14560 --- [order] [http-nio-8084-exec-9] c.g.v.o.s.JwtAuthenticationFilter        : Token inválido en solicitud a: /api/v1/auth
2026-05-16T17:48:40.348-04:00 ERROR 14560 --- [order] [http-nio-8084-exec-10] c.g.ventas.order.service.JwtService      : JWT inválido: JWT expired 102348 milliseconds ago at 2026-05-16T21:46:58.000Z. Current time: 2026-05-16T21:48:40.348Z. Allowed clock skew: 0 milliseconds.
2026-05-16T17:48:40.348-04:00  WARN 14560 --- [order] [http-nio-8084-exec-10] c.g.v.o.s.JwtAuthenticationFilter        : Token inválido en solicitud a: /api/v1/auth
2026-05-16T17:48:40.496-04:00 ERROR 14560 --- [order] [http-nio-8084-exec-1] c.g.ventas.order.service.JwtService      : JWT inválido: JWT expired 102496 milliseconds ago at 2026-05-16T21:46:58.000Z. Current time: 2026-05-16T21:48:40.496Z. Allowed clock skew: 0 milliseconds.
2026-05-16T17:48:40.496-04:00  WARN 14560 --- [order] [http-nio-8084-exec-1] c.g.v.o.s.JwtAuthenticationFilter        : Token inválido en solicitud a: /api/v1/auth
2026-05-16T17:48:40.620-04:00 ERROR 14560 --- [order] [http-nio-8084-exec-2] c.g.ventas.order.service.JwtService      : JWT inválido: JWT expired 102620 milliseconds ago at 2026-05-16T21:46:58.000Z. Current time: 2026-05-16T21:48:40.620Z. Allowed clock skew: 0 milliseconds.
2026-05-16T17:48:40.621-04:00  WARN 14560 --- [order] [http-nio-8084-exec-2] c.g.v.o.s.JwtAuthenticationFilter        : Token inválido en solicitud a: /api/v1/auth
2026-05-16T17:48:40.744-04:00 ERROR 14560 --- [order] [http-nio-8084-exec-3] c.g.ventas.order.service.JwtService      : JWT inválido: JWT expired 102744 milliseconds ago at 2026-05-16T21:46:58.000Z. Current time: 2026-05-16T21:48:40.744Z. Allowed clock skew: 0 milliseconds.
2026-05-16T17:48:40.745-04:00  WARN 14560 --- [order] [http-nio-8084-exec-3] c.g.v.o.s.JwtAuthenticationFilter        : Token inválido en solicitud a: /api/v1/auth
2026-05-16T17:48:40.876-04:00 ERROR 14560 --- [order] [http-nio-8084-exec-4] c.g.ventas.order.service.JwtService      : JWT inválido: JWT expired 102876 milliseconds ago at 2026-05-16T21:46:58.000Z. Current time: 2026-05-16T21:48:40.876Z. Allowed clock skew: 0 milliseconds.
2026-05-16T17:48:40.876-04:00  WARN 14560 --- [order] [http-nio-8084-exec-4] c.g.v.o.s.JwtAuthenticationFilter        : Token inválido en solicitud a: /api/v1/auth
2026-05-16T17:48:40.989-04:00 ERROR 14560 --- [order] [http-nio-8084-exec-5] c.g.ventas.order.service.JwtService      : JWT inválido: JWT expired 102989 milliseconds ago at 2026-05-16T21:46:58.000Z. Current time: 2026-05-16T21:48:40.989Z. Allowed clock skew: 0 milliseconds.
2026-05-16T17:48:40.989-04:00  WARN 14560 --- [order] [http-nio-8084-exec-5] c.g.v.o.s.JwtAuthenticationFilter        : Token inválido en solicitud a: /api/v1/auth
2026-05-16T17:48:41.134-04:00 ERROR 14560 --- [order] [http-nio-8084-exec-6] c.g.ventas.order.service.JwtService      : JWT inválido: JWT expired 103134 milliseconds ago at 2026-05-16T21:46:58.000Z. Current time: 2026-05-16T21:48:41.134Z. Allowed clock skew: 0 milliseconds.
2026-05-16T17:48:41.135-04:00  WARN 14560 --- [order] [http-nio-8084-exec-6] c.g.v.o.s.JwtAuthenticationFilter        : Token inválido en solicitud a: /api/v1/auth
2026-05-16T17:48:41.253-04:00 ERROR 14560 --- [order] [http-nio-8084-exec-7] c.g.ventas.order.service.JwtService      : JWT inválido: JWT expired 103252 milliseconds ago at 2026-05-16T21:46:58.000Z. Current time: 2026-05-16T21:48:41.252Z. Allowed clock skew: 0 milliseconds.
2026-05-16T17:48:41.253-04:00  WARN 14560 --- [order] [http-nio-8084-exec-7] c.g.v.o.s.JwtAuthenticationFilter        : Token inválido en solicitud a: /api/v1/auth
2026-05-16T17:48:44.978-04:00 ERROR 14560 --- [order] [http-nio-8084-exec-8] c.g.ventas.order.service.JwtService      : JWT inválido: JWT expired 106978 milliseconds ago at 2026-05-16T21:46:58.000Z. Current time: 2026-05-16T21:48:44.978Z. Allowed clock skew: 0 milliseconds.
2026-05-16T17:48:44.978-04:00  WARN 14560 --- [order] [http-nio-8084-exec-8] c.g.v.o.s.JwtAuthenticationFilter        : Token inválido en solicitud a: /api/v1/auth
2026-05-16T17:48:45.406-04:00 ERROR 14560 --- [order] [http-nio-8084-exec-9] c.g.ventas.order.service.JwtService      : JWT inválido: JWT expired 107406 milliseconds ago at 2026-05-16T21:46:58.000Z. Current time: 2026-05-16T21:48:45.406Z. Allowed clock skew: 0 milliseconds.
2026-05-16T17:48:45.406-04:00  WARN 14560 --- [order] [http-nio-8084-exec-9] c.g.v.o.s.JwtAuthenticationFilter        : Token inválido en solicitud a: /api/v1/auth
2026-05-16T17:48:45.549-04:00 ERROR 14560 --- [order] [http-nio-8084-exec-10] c.g.ventas.order.service.JwtService      : JWT inválido: JWT expired 107549 milliseconds ago at 2026-05-16T21:46:58.000Z. Current time: 2026-05-16T21:48:45.549Z. Allowed clock skew: 0 milliseconds.
2026-05-16T17:48:45.549-04:00  WARN 14560 --- [order] [http-nio-8084-exec-10] c.g.v.o.s.JwtAuthenticationFilter        : Token inválido en solicitud a: /api/v1/auth
2026-05-16T17:48:45.679-04:00 ERROR 14560 --- [order] [http-nio-8084-exec-1] c.g.ventas.order.service.JwtService      : JWT inválido: JWT expired 107679 milliseconds ago at 2026-05-16T21:46:58.000Z. Current time: 2026-05-16T21:48:45.679Z. Allowed clock skew: 0 milliseconds.
2026-05-16T17:48:45.679-04:00  WARN 14560 --- [order] [http-nio-8084-exec-1] c.g.v.o.s.JwtAuthenticationFilter        : Token inválido en solicitud a: /api/v1/auth
2026-05-16T17:48:45.821-04:00 ERROR 14560 --- [order] [http-nio-8084-exec-2] c.g.ventas.order.service.JwtService      : JWT inválido: JWT expired 107821 milliseconds ago at 2026-05-16T21:46:58.000Z. Current time: 2026-05-16T21:48:45.821Z. Allowed clock skew: 0 milliseconds.
2026-05-16T17:48:45.822-04:00  WARN 14560 --- [order] [http-nio-8084-exec-2] c.g.v.o.s.JwtAuthenticationFilter        : Token inválido en solicitud a: /api/v1/auth
2026-05-16T17:48:48.086-04:00 ERROR 14560 --- [order] [http-nio-8084-exec-3] c.g.ventas.order.service.JwtService      : JWT inválido: JWT expired 110086 milliseconds ago at 2026-05-16T21:46:58.000Z. Current time: 2026-05-16T21:48:48.086Z. Allowed clock skew: 0 milliseconds.
2026-05-16T17:48:48.086-04:00  WARN 14560 --- [order] [http-nio-8084-exec-3] c.g.v.o.s.JwtAuthenticationFilter        : Token inválido en solicitud a: /api/v1/auth
2026-05-16T17:48:48.232-04:00 ERROR 14560 --- [order] [http-nio-8084-exec-4] c.g.ventas.order.service.JwtService      : JWT inválido: JWT expired 110232 milliseconds ago at 2026-05-16T21:46:58.000Z. Current time: 2026-05-16T21:48:48.232Z. Allowed clock skew: 0 milliseconds.
2026-05-16T17:48:48.232-04:00  WARN 14560 --- [order] [http-nio-8084-exec-4] c.g.v.o.s.JwtAuthenticationFilter        : Token inválido en solicitud a: /api/v1/auth
2026-05-16T17:48:48.376-04:00 ERROR 14560 --- [order] [http-nio-8084-exec-5] c.g.ventas.order.service.JwtService      : JWT inválido: JWT expired 110376 milliseconds ago at 2026-05-16T21:46:58.000Z. Current time: 2026-05-16T21:48:48.376Z. Allowed clock skew: 0 milliseconds.
2026-05-16T17:48:48.376-04:00  WARN 14560 --- [order] [http-nio-8084-exec-5] c.g.v.o.s.JwtAuthenticationFilter        : Token inválido en solicitud a: /api/v1/auth
2026-05-16T17:48:48.607-04:00 ERROR 14560 --- [order] [http-nio-8084-exec-6] c.g.ventas.order.service.JwtService      : JWT inválido: JWT expired 110607 milliseconds ago at 2026-05-16T21:46:58.000Z. Current time: 2026-05-16T21:48:48.607Z. Allowed clock skew: 0 milliseconds.
2026-05-16T17:48:48.607-04:00  WARN 14560 --- [order] [http-nio-8084-exec-6] c.g.v.o.s.JwtAuthenticationFilter        : Token inválido en solicitud a: /api/v1/auth
2026-05-16T17:48:48.757-04:00 ERROR 14560 --- [order] [http-nio-8084-exec-7] c.g.ventas.order.service.JwtService      : JWT inválido: JWT expired 110757 milliseconds ago at 2026-05-16T21:46:58.000Z. Current time: 2026-05-16T21:48:48.757Z. Allowed clock skew: 0 milliseconds.
2026-05-16T17:48:48.757-04:00  WARN 14560 --- [order] [http-nio-8084-exec-7] c.g.v.o.s.JwtAuthenticationFilter        : Token inválido en solicitud a: /api/v1/auth
2026-05-16T17:48:48.897-04:00 ERROR 14560 --- [order] [http-nio-8084-exec-8] c.g.ventas.order.service.JwtService      : JWT inválido: JWT expired 110897 milliseconds ago at 2026-05-16T21:46:58.000Z. Current time: 2026-05-16T21:48:48.897Z. Allowed clock skew: 0 milliseconds.
2026-05-16T17:48:48.897-04:00  WARN 14560 --- [order] [http-nio-8084-exec-8] c.g.v.o.s.JwtAuthenticationFilter        : Token inválido en solicitud a: /api/v1/auth
2026-05-16T17:48:49.025-04:00 ERROR 14560 --- [order] [http-nio-8084-exec-9] c.g.ventas.order.service.JwtService      : JWT inválido: JWT expired 111025 milliseconds ago at 2026-05-16T21:46:58.000Z. Current time: 2026-05-16T21:48:49.025Z. Allowed clock skew: 0 milliseconds.
2026-05-16T17:48:49.027-04:00  WARN 14560 --- [order] [http-nio-8084-exec-9] c.g.v.o.s.JwtAuthenticationFilter        : Token inválido en solicitud a: /api/v1/auth
2026-05-16T17:48:49.154-04:00 ERROR 14560 --- [order] [http-nio-8084-exec-10] c.g.ventas.order.service.JwtService      : JWT inválido: JWT expired 111154 milliseconds ago at 2026-05-16T21:46:58.000Z. Current time: 2026-05-16T21:48:49.154Z. Allowed clock skew: 0 milliseconds.
2026-05-16T17:48:49.154-04:00  WARN 14560 --- [order] [http-nio-8084-exec-10] c.g.v.o.s.JwtAuthenticationFilter        : Token inválido en solicitud a: /api/v1/auth
2026-05-16T17:48:49.289-04:00 ERROR 14560 --- [order] [http-nio-8084-exec-1] c.g.ventas.order.service.JwtService      : JWT inválido: JWT expired 111289 milliseconds ago at 2026-05-16T21:46:58.000Z. Current time: 2026-05-16T21:48:49.289Z. Allowed clock skew: 0 milliseconds.
2026-05-16T17:48:49.289-04:00  WARN 14560 --- [order] [http-nio-8084-exec-1] c.g.v.o.s.JwtAuthenticationFilter        : Token inválido en solicitud a: /api/v1/auth
2026-05-16T17:49:20.091-04:00  INFO 14560 --- [order] [http-nio-8084-exec-4] c.g.v.o.s.JwtAuthenticationFilter        : Token válido para usuario: 1
2026-05-16T17:49:20.091-04:00  INFO 14560 --- [order] [http-nio-8084-exec-4] c.g.v.order.controller.OrderController   : GET /orders
2026-05-16T17:49:20.092-04:00  INFO 14560 --- [order] [http-nio-8084-exec-4] c.g.ventas.order.service.OrderService    : Obteniendo todas las ordenes
2026-05-16T17:49:42.235-04:00  INFO 14560 --- [order] [http-nio-8084-exec-5] c.g.v.o.s.JwtAuthenticationFilter        : Token válido para usuario: 1
2026-05-16T17:49:42.236-04:00  INFO 14560 --- [order] [http-nio-8084-exec-5] c.g.v.order.controller.OrderController   : GET /orders/noitems/1
2026-05-16T17:49:42.237-04:00  INFO 14560 --- [order] [http-nio-8084-exec-5] c.g.ventas.order.service.OrderService    : Obteniendo orden por su ID: 1
2026-05-16T17:55:18.114-04:00  INFO 14560 --- [order] [http-nio-8084-exec-10] c.g.v.o.s.JwtAuthenticationFilter        : Token válido para usuario: 1
2026-05-16T17:55:18.114-04:00  INFO 14560 --- [order] [http-nio-8084-exec-10] c.g.v.order.controller.OrderController   : GET /orders/noitems/1
2026-05-16T17:55:18.115-04:00  INFO 14560 --- [order] [http-nio-8084-exec-10] c.g.ventas.order.service.OrderService    : Obteniendo orden por su ID: 1
2026-05-16T17:55:18.769-04:00  INFO 14560 --- [order] [http-nio-8084-exec-1] c.g.v.o.s.JwtAuthenticationFilter        : Token válido para usuario: 1
2026-05-16T17:55:18.770-04:00  INFO 14560 --- [order] [http-nio-8084-exec-1] c.g.v.order.controller.OrderController   : GET /orders/noitems/1
2026-05-16T17:55:18.771-04:00  INFO 14560 --- [order] [http-nio-8084-exec-1] c.g.ventas.order.service.OrderService    : Obteniendo orden por su ID: 1
2026-05-16T17:55:19.599-04:00  INFO 14560 --- [order] [http-nio-8084-exec-2] c.g.v.o.s.JwtAuthenticationFilter        : Token válido para usuario: 1
2026-05-16T17:55:19.601-04:00  INFO 14560 --- [order] [http-nio-8084-exec-2] c.g.v.order.controller.OrderController   : GET /orders/noitems/1
2026-05-16T17:55:19.602-04:00  INFO 14560 --- [order] [http-nio-8084-exec-2] c.g.ventas.order.service.OrderService    : Obteniendo orden por su ID: 1
2026-05-16T18:00:02.336-04:00  INFO 14560 --- [order] [http-nio-8084-exec-10] c.g.v.o.s.JwtAuthenticationFilter        : Token válido para usuario: 1
2026-05-16T18:00:02.337-04:00  INFO 14560 --- [order] [http-nio-8084-exec-10] c.g.v.order.controller.OrderController   : GET /orders/noitems/1
2026-05-16T18:00:02.337-04:00  INFO 14560 --- [order] [http-nio-8084-exec-10] c.g.ventas.order.service.OrderService    : Obteniendo orden por su ID: 1
2026-05-16T18:00:02.401-04:00  INFO 14560 --- [order] [http-nio-8084-exec-1] c.g.v.o.s.JwtAuthenticationFilter        : Token válido para usuario: 1
2026-05-16T18:00:02.402-04:00  INFO 14560 --- [order] [http-nio-8084-exec-1] c.g.v.order.controller.OrderController   : PUT /orders/1
2026-05-16T18:00:02.404-04:00  INFO 14560 --- [order] [http-nio-8084-exec-1] c.g.ventas.order.service.OrderService    : Cambiando estado de orden 1 de PENDING a PAID
