2026-05-16T15:24:11.205-04:00  INFO 12820 --- [product] [main] c.g.ventas.product.ProductApplication    : Starting ProductApplication using Java 21.0.10 with PID 12820 (C:\Users\ferdi\Documents\gestion-de-ventas-online\product\target\classes started by ferdi in C:\Users\ferdi\Documents\gestion-de-ventas-online)
2026-05-16T15:24:11.209-04:00  INFO 12820 --- [product] [main] c.g.ventas.product.ProductApplication    : No active profile set, falling back to 1 default profile: "default"
2026-05-16T15:24:12.015-04:00  INFO 12820 --- [product] [main] .s.d.r.c.RepositoryConfigurationDelegate : Bootstrapping Spring Data JPA repositories in DEFAULT mode.
2026-05-16T15:24:12.139-04:00  INFO 12820 --- [product] [main] .s.d.r.c.RepositoryConfigurationDelegate : Finished Spring Data repository scanning in 113 ms. Found 1 JPA repository interface.
2026-05-16T15:24:12.596-04:00  INFO 12820 --- [product] [main] o.s.boot.tomcat.TomcatWebServer          : Tomcat initialized with port 8085 (http)
2026-05-16T15:24:12.607-04:00  INFO 12820 --- [product] [main] o.apache.catalina.core.StandardService   : Starting service [Tomcat]
2026-05-16T15:24:12.608-04:00  INFO 12820 --- [product] [main] o.apache.catalina.core.StandardEngine    : Starting Servlet engine: [Apache Tomcat/11.0.21]
2026-05-16T15:24:12.673-04:00  INFO 12820 --- [product] [main] b.w.c.s.WebApplicationContextInitializer : Root WebApplicationContext: initialization completed in 1424 ms
2026-05-16T15:24:13.059-04:00  INFO 12820 --- [product] [main] com.zaxxer.hikari.HikariDataSource       : HikariPool-1 - Starting...
2026-05-16T15:24:13.355-04:00  INFO 12820 --- [product] [main] com.zaxxer.hikari.pool.HikariPool        : HikariPool-1 - Added connection com.mysql.cj.jdbc.ConnectionImpl@64c95480
2026-05-16T15:24:13.357-04:00  INFO 12820 --- [product] [main] com.zaxxer.hikari.HikariDataSource       : HikariPool-1 - Start completed.
2026-05-16T15:24:13.401-04:00  INFO 12820 --- [product] [main] org.flywaydb.core.FlywayExecutor         : Database: jdbc:mysql://localhost:3306/product_db (MySQL 8.4)
2026-05-16T15:24:13.413-04:00  WARN 12820 --- [product] [main] o.f.c.internal.database.base.Database    : Using MySQL 8.4 which is newer than the version Flyway has been verified with. The latest verified version of MySQL is 8.1.
2026-05-16T15:24:13.449-04:00  INFO 12820 --- [product] [main] o.f.c.i.s.JdbcTableSchemaHistory         : Schema history table `product_db`.`flyway_schema_history` does not exist yet
2026-05-16T15:24:13.453-04:00  INFO 12820 --- [product] [main] o.f.core.internal.command.DbValidate     : Successfully validated 2 migrations (execution time 00:00.024s)
2026-05-16T15:24:13.468-04:00  INFO 12820 --- [product] [main] org.flywaydb.core.Flyway                 : All configured schemas are empty; baseline operation skipped. A baseline or migration script with a lower version than the baseline version may execute if available. Check the Schemas parameter if this is not intended.
2026-05-16T15:24:13.472-04:00  INFO 12820 --- [product] [main] o.f.c.i.s.JdbcTableSchemaHistory         : Creating Schema History table `product_db`.`flyway_schema_history` ...
2026-05-16T15:24:13.576-04:00  INFO 12820 --- [product] [main] o.f.core.internal.command.DbMigrate      : Current version of schema `product_db`: << Empty Schema >>
2026-05-16T15:24:13.585-04:00  INFO 12820 --- [product] [main] o.f.core.internal.command.DbMigrate      : Migrating schema `product_db` to version "1 - create table products"
2026-05-16T15:24:13.661-04:00  INFO 12820 --- [product] [main] o.f.core.internal.command.DbMigrate      : Migrating schema `product_db` to version "2 - initial data"
2026-05-16T15:24:13.731-04:00  WARN 12820 --- [product] [main] o.f.c.i.s.DefaultSqlScriptExecutor       : DB: Data truncated for column 'price' at row 1 (SQL State: 01000 - Error Code: 1265)
2026-05-16T15:24:13.732-04:00  WARN 12820 --- [product] [main] o.f.c.i.s.DefaultSqlScriptExecutor       : DB: Data truncated for column 'price' at row 2 (SQL State: 01000 - Error Code: 1265)
2026-05-16T15:24:13.732-04:00  WARN 12820 --- [product] [main] o.f.c.i.s.DefaultSqlScriptExecutor       : DB: Data truncated for column 'price' at row 3 (SQL State: 01000 - Error Code: 1265)
2026-05-16T15:24:13.732-04:00  WARN 12820 --- [product] [main] o.f.c.i.s.DefaultSqlScriptExecutor       : DB: Data truncated for column 'price' at row 4 (SQL State: 01000 - Error Code: 1265)
2026-05-16T15:24:13.732-04:00  WARN 12820 --- [product] [main] o.f.c.i.s.DefaultSqlScriptExecutor       : DB: Data truncated for column 'price' at row 5 (SQL State: 01000 - Error Code: 1265)
2026-05-16T15:24:13.757-04:00  INFO 12820 --- [product] [main] o.f.core.internal.command.DbMigrate      : Successfully applied 2 migrations to schema `product_db`, now at version v2 (execution time 00:00.123s)
2026-05-16T15:24:13.842-04:00  INFO 12820 --- [product] [main] org.hibernate.orm.jpa                    : HHH008540: Processing PersistenceUnitInfo [name: default]
2026-05-16T15:24:13.898-04:00  INFO 12820 --- [product] [main] org.hibernate.orm.core                   : HHH000001: Hibernate ORM core version 7.2.12.Final
2026-05-16T15:24:14.248-04:00  INFO 12820 --- [product] [main] o.s.o.j.p.SpringPersistenceUnitInfo      : No LoadTimeWeaver setup: ignoring JPA class transformer
2026-05-16T15:24:14.315-04:00  INFO 12820 --- [product] [main] org.hibernate.orm.connections.pooling    : HHH10001005: Database info:
	Database JDBC URL [jdbc:mysql://localhost:3306/product_db]
	Database driver: MySQL Connector/J
	Database dialect: MySQLDialect
	Database version: 8.4.3
	Default catalog/schema: product_db/undefined
	Autocommit mode: undefined/unknown
	Isolation level: REPEATABLE_READ [default REPEATABLE_READ]
	JDBC fetch size: none
	Pool: DataSourceConnectionProvider
	Minimum pool size: undefined/unknown
	Maximum pool size: undefined/unknown
2026-05-16T15:24:14.882-04:00  INFO 12820 --- [product] [main] org.hibernate.orm.core                   : HHH000489: No JTA platform available (set 'hibernate.transaction.jta.platform' to enable JTA platform integration)
2026-05-16T15:24:14.912-04:00  INFO 12820 --- [product] [main] j.LocalContainerEntityManagerFactoryBean : Initialized JPA EntityManagerFactory for persistence unit 'default'
2026-05-16T15:24:15.131-04:00  INFO 12820 --- [product] [main] o.s.d.j.r.query.QueryEnhancerFactories   : Hibernate is in classpath; If applicable, HQL parser will be used.
2026-05-16T15:24:15.778-04:00  INFO 12820 --- [product] [main] o.s.boot.tomcat.TomcatWebServer          : Tomcat started on port 8085 (http) with context path '/api'
2026-05-16T15:24:15.784-04:00  INFO 12820 --- [product] [main] c.g.ventas.product.ProductApplication    : Started ProductApplication in 5.012 seconds (process running for 5.414)
2026-05-16T15:27:12.451-04:00  INFO 21272 --- [product] [main] c.g.ventas.review.ReviewApplication      : Starting ReviewApplication using Java 21.0.10 with PID 21272 (C:\Users\ferdi\Documents\gestion-de-ventas-online\review\target\classes started by ferdi in C:\Users\ferdi\Documents\gestion-de-ventas-online)
2026-05-16T15:27:12.456-04:00 DEBUG 21272 --- [product] [main] c.g.ventas.review.ReviewApplication      : Running with Spring Boot v4.0.6, Spring v7.0.7
2026-05-16T15:27:12.457-04:00  INFO 21272 --- [product] [main] c.g.ventas.review.ReviewApplication      : No active profile set, falling back to 1 default profile: "default"
2026-05-16T15:27:13.250-04:00  INFO 21272 --- [product] [main] .s.d.r.c.RepositoryConfigurationDelegate : Bootstrapping Spring Data JPA repositories in DEFAULT mode.
2026-05-16T15:27:13.368-04:00  INFO 21272 --- [product] [main] .s.d.r.c.RepositoryConfigurationDelegate : Finished Spring Data repository scanning in 109 ms. Found 1 JPA repository interface.
2026-05-16T15:27:13.864-04:00  INFO 21272 --- [product] [main] o.s.boot.tomcat.TomcatWebServer          : Tomcat initialized with port 8087 (http)
2026-05-16T15:27:13.881-04:00  INFO 21272 --- [product] [main] o.apache.catalina.core.StandardService   : Starting service [Tomcat]
2026-05-16T15:27:13.882-04:00  INFO 21272 --- [product] [main] o.apache.catalina.core.StandardEngine    : Starting Servlet engine: [Apache Tomcat/11.0.21]
2026-05-16T15:27:13.961-04:00  INFO 21272 --- [product] [main] b.w.c.s.WebApplicationContextInitializer : Root WebApplicationContext: initialization completed in 1462 ms
2026-05-16T15:27:14.030-04:00 DEBUG 21272 --- [product] [main] c.g.v.r.s.JwtAuthenticationFilter        : Filter 'jwtAuthenticationFilter' configured for use
2026-05-16T15:27:14.346-04:00  INFO 21272 --- [product] [main] com.zaxxer.hikari.HikariDataSource       : HikariPool-1 - Starting...
2026-05-16T15:27:14.647-04:00  INFO 21272 --- [product] [main] com.zaxxer.hikari.pool.HikariPool        : HikariPool-1 - Added connection com.mysql.cj.jdbc.ConnectionImpl@15cee630
2026-05-16T15:27:14.649-04:00  INFO 21272 --- [product] [main] com.zaxxer.hikari.HikariDataSource       : HikariPool-1 - Start completed.
2026-05-16T15:27:14.691-04:00  INFO 21272 --- [product] [main] org.flywaydb.core.FlywayExecutor         : Database: jdbc:mysql://localhost:3306/review_db (MySQL 8.4)
2026-05-16T15:27:14.702-04:00  WARN 21272 --- [product] [main] o.f.c.internal.database.base.Database    : Using MySQL 8.4 which is newer than the version Flyway has been verified with. The latest verified version of MySQL is 8.1.
2026-05-16T15:27:14.730-04:00  INFO 21272 --- [product] [main] o.f.c.i.s.JdbcTableSchemaHistory         : Schema history table `review_db`.`flyway_schema_history` does not exist yet
2026-05-16T15:27:14.733-04:00  INFO 21272 --- [product] [main] o.f.core.internal.command.DbValidate     : Successfully validated 2 migrations (execution time 00:00.020s)
2026-05-16T15:27:14.746-04:00  INFO 21272 --- [product] [main] org.flywaydb.core.Flyway                 : All configured schemas are empty; baseline operation skipped. A baseline or migration script with a lower version than the baseline version may execute if available. Check the Schemas parameter if this is not intended.
2026-05-16T15:27:14.750-04:00  INFO 21272 --- [product] [main] o.f.c.i.s.JdbcTableSchemaHistory         : Creating Schema History table `review_db`.`flyway_schema_history` ...
2026-05-16T15:27:14.806-04:00  INFO 21272 --- [product] [main] o.f.core.internal.command.DbMigrate      : Current version of schema `review_db`: << Empty Schema >>
2026-05-16T15:27:14.814-04:00  INFO 21272 --- [product] [main] o.f.core.internal.command.DbMigrate      : Migrating schema `review_db` to version "1 - create table reviews"
2026-05-16T15:27:14.854-04:00  INFO 21272 --- [product] [main] o.f.core.internal.command.DbMigrate      : Migrating schema `review_db` to version "2 - initial data"
2026-05-16T15:27:14.878-04:00  INFO 21272 --- [product] [main] o.f.core.internal.command.DbMigrate      : Successfully applied 2 migrations to schema `review_db`, now at version v2 (execution time 00:00.023s)
2026-05-16T15:27:14.969-04:00  INFO 21272 --- [product] [main] org.hibernate.orm.jpa                    : HHH008540: Processing PersistenceUnitInfo [name: default]
2026-05-16T15:27:15.019-04:00  INFO 21272 --- [product] [main] org.hibernate.orm.core                   : HHH000001: Hibernate ORM core version 7.2.12.Final
2026-05-16T15:27:15.390-04:00  INFO 21272 --- [product] [main] o.s.o.j.p.SpringPersistenceUnitInfo      : No LoadTimeWeaver setup: ignoring JPA class transformer
2026-05-16T15:27:15.456-04:00  INFO 21272 --- [product] [main] org.hibernate.orm.connections.pooling    : HHH10001005: Database info:
	Database JDBC URL [jdbc:mysql://localhost:3306/review_db]
	Database driver: MySQL Connector/J
	Database dialect: MySQLDialect
	Database version: 8.4.3
	Default catalog/schema: review_db/undefined
	Autocommit mode: undefined/unknown
	Isolation level: REPEATABLE_READ [default REPEATABLE_READ]
	JDBC fetch size: none
	Pool: DataSourceConnectionProvider
	Minimum pool size: undefined/unknown
	Maximum pool size: undefined/unknown
2026-05-16T15:27:16.080-04:00  INFO 21272 --- [product] [main] org.hibernate.orm.core                   : HHH000489: No JTA platform available (set 'hibernate.transaction.jta.platform' to enable JTA platform integration)
2026-05-16T15:27:16.113-04:00  INFO 21272 --- [product] [main] j.LocalContainerEntityManagerFactoryBean : Initialized JPA EntityManagerFactory for persistence unit 'default'
2026-05-16T15:27:16.305-04:00  INFO 21272 --- [product] [main] o.s.d.j.r.query.QueryEnhancerFactories   : Hibernate is in classpath; If applicable, HQL parser will be used.
2026-05-16T15:27:16.983-04:00  INFO 21272 --- [product] [main] o.s.boot.tomcat.TomcatWebServer          : Tomcat started on port 8087 (http) with context path '/api'
2026-05-16T15:27:17.001-04:00  INFO 21272 --- [product] [main] c.g.ventas.review.ReviewApplication      : Started ReviewApplication in 4.987 seconds (process running for 5.411)
2026-05-16T16:01:56.615-04:00  INFO 12820 --- [product] [http-nio-8085-exec-1] o.a.c.c.C.[Tomcat].[localhost].[/api]    : Initializing Spring DispatcherServlet 'dispatcherServlet'
2026-05-16T16:01:56.616-04:00  INFO 12820 --- [product] [http-nio-8085-exec-1] o.s.web.servlet.DispatcherServlet        : Initializing Servlet 'dispatcherServlet'
2026-05-16T16:01:56.618-04:00  INFO 12820 --- [product] [http-nio-8085-exec-1] o.s.web.servlet.DispatcherServlet        : Completed initialization in 2 ms
2026-05-16T16:01:56.706-04:00  INFO 12820 --- [product] [http-nio-8085-exec-1] c.g.v.p.s.JwtAuthenticationFilter        : Token valido para usuario: 1
2026-05-16T16:01:56.728-04:00  INFO 12820 --- [product] [http-nio-8085-exec-1] c.g.v.p.controller.ProductController     : GET api/product/productoPorId
2026-05-16T16:01:56.735-04:00  INFO 12820 --- [product] [http-nio-8085-exec-1] c.g.v.product.service.ProductService     : Buscando producto por su id..
2026-05-16T16:01:56.841-04:00  INFO 12820 --- [product] [http-nio-8085-exec-2] c.g.v.p.s.JwtAuthenticationFilter        : Token valido para usuario: 1
2026-05-16T16:01:56.841-04:00  INFO 12820 --- [product] [http-nio-8085-exec-2] c.g.v.p.controller.ProductController     : GET api/product/productoPorId
2026-05-16T16:01:56.842-04:00  INFO 12820 --- [product] [http-nio-8085-exec-2] c.g.v.product.service.ProductService     : Buscando producto por su id..
2026-05-16T16:01:56.873-04:00  INFO 12820 --- [product] [http-nio-8085-exec-3] c.g.v.p.s.JwtAuthenticationFilter        : Token valido para usuario: 1
2026-05-16T16:01:56.874-04:00  INFO 12820 --- [product] [http-nio-8085-exec-3] c.g.v.p.controller.ProductController     : GET api/product/productoPorId
2026-05-16T16:01:56.875-04:00  INFO 12820 --- [product] [http-nio-8085-exec-3] c.g.v.product.service.ProductService     : Buscando producto por su id..
2026-05-16T16:01:56.880-04:00  INFO 12820 --- [product] [http-nio-8085-exec-4] c.g.v.p.s.JwtAuthenticationFilter        : Token valido para usuario: 1
2026-05-16T16:01:56.881-04:00  INFO 12820 --- [product] [http-nio-8085-exec-4] c.g.v.p.controller.ProductController     : GET api/product/productoPorId
2026-05-16T16:01:56.882-04:00  INFO 12820 --- [product] [http-nio-8085-exec-4] c.g.v.product.service.ProductService     : Buscando producto por su id..
2026-05-16T16:02:21.355-04:00  INFO 12820 --- [product] [http-nio-8085-exec-5] c.g.v.p.s.JwtAuthenticationFilter        : Token valido para usuario: 1
2026-05-16T16:02:21.356-04:00  INFO 12820 --- [product] [http-nio-8085-exec-5] c.g.v.p.controller.ProductController     : GET api/product/productoPorId
2026-05-16T16:02:21.357-04:00  INFO 12820 --- [product] [http-nio-8085-exec-5] c.g.v.product.service.ProductService     : Buscando producto por su id..
2026-05-16T16:02:21.362-04:00  INFO 12820 --- [product] [http-nio-8085-exec-6] c.g.v.p.s.JwtAuthenticationFilter        : Token valido para usuario: 1
2026-05-16T16:02:21.363-04:00  INFO 12820 --- [product] [http-nio-8085-exec-6] c.g.v.p.controller.ProductController     : GET api/product/productoPorId
2026-05-16T16:02:21.363-04:00  INFO 12820 --- [product] [http-nio-8085-exec-6] c.g.v.product.service.ProductService     : Buscando producto por su id..
2026-05-16T16:02:21.371-04:00  INFO 12820 --- [product] [http-nio-8085-exec-7] c.g.v.p.s.JwtAuthenticationFilter        : Token valido para usuario: 1
2026-05-16T16:02:21.372-04:00  INFO 12820 --- [product] [http-nio-8085-exec-7] c.g.v.p.controller.ProductController     : GET api/product/productoPorId
2026-05-16T16:02:21.373-04:00  INFO 12820 --- [product] [http-nio-8085-exec-7] c.g.v.product.service.ProductService     : Buscando producto por su id..
2026-05-16T16:02:21.379-04:00  INFO 12820 --- [product] [http-nio-8085-exec-8] c.g.v.p.s.JwtAuthenticationFilter        : Token valido para usuario: 1
2026-05-16T16:02:21.380-04:00  INFO 12820 --- [product] [http-nio-8085-exec-8] c.g.v.p.controller.ProductController     : GET api/product/productoPorId
2026-05-16T16:02:21.381-04:00  INFO 12820 --- [product] [http-nio-8085-exec-8] c.g.v.product.service.ProductService     : Buscando producto por su id..
2026-05-16T16:02:26.004-04:00  INFO 12820 --- [product] [http-nio-8085-exec-9] c.g.v.p.s.JwtAuthenticationFilter        : Token valido para usuario: 1
2026-05-16T16:02:26.005-04:00  INFO 12820 --- [product] [http-nio-8085-exec-9] c.g.v.p.controller.ProductController     : GET api/product/productoPorId
2026-05-16T16:02:26.006-04:00  INFO 12820 --- [product] [http-nio-8085-exec-9] c.g.v.product.service.ProductService     : Buscando producto por su id..
2026-05-16T16:02:26.011-04:00  INFO 12820 --- [product] [http-nio-8085-exec-10] c.g.v.p.s.JwtAuthenticationFilter        : Token valido para usuario: 1
2026-05-16T16:02:26.011-04:00  INFO 12820 --- [product] [http-nio-8085-exec-10] c.g.v.p.controller.ProductController     : GET api/product/productoPorId
2026-05-16T16:02:26.012-04:00  INFO 12820 --- [product] [http-nio-8085-exec-10] c.g.v.product.service.ProductService     : Buscando producto por su id..
2026-05-16T16:02:26.020-04:00  INFO 12820 --- [product] [http-nio-8085-exec-1] c.g.v.p.s.JwtAuthenticationFilter        : Token valido para usuario: 1
2026-05-16T16:02:26.020-04:00  INFO 12820 --- [product] [http-nio-8085-exec-1] c.g.v.p.controller.ProductController     : GET api/product/productoPorId
2026-05-16T16:02:26.021-04:00  INFO 12820 --- [product] [http-nio-8085-exec-1] c.g.v.product.service.ProductService     : Buscando producto por su id..
2026-05-16T16:02:26.027-04:00  INFO 12820 --- [product] [http-nio-8085-exec-2] c.g.v.p.s.JwtAuthenticationFilter        : Token valido para usuario: 1
2026-05-16T16:02:26.027-04:00  INFO 12820 --- [product] [http-nio-8085-exec-2] c.g.v.p.controller.ProductController     : GET api/product/productoPorId
2026-05-16T16:02:26.028-04:00  INFO 12820 --- [product] [http-nio-8085-exec-2] c.g.v.product.service.ProductService     : Buscando producto por su id..
2026-05-16T16:22:56.122-04:00  INFO 17288 --- [product] [main] c.g.ventas.product.ProductApplication    : Starting ProductApplication using Java 21.0.10 with PID 17288 (C:\Users\ferdi\Documents\gestion-de-ventas-online\product\target\classes started by ferdi in C:\Users\ferdi\Documents\gestion-de-ventas-online)
2026-05-16T16:22:56.125-04:00  INFO 17288 --- [product] [main] c.g.ventas.product.ProductApplication    : No active profile set, falling back to 1 default profile: "default"
2026-05-16T16:22:56.755-04:00  INFO 17288 --- [product] [main] .s.d.r.c.RepositoryConfigurationDelegate : Bootstrapping Spring Data JPA repositories in DEFAULT mode.
2026-05-16T16:22:56.881-04:00  INFO 17288 --- [product] [main] .s.d.r.c.RepositoryConfigurationDelegate : Finished Spring Data repository scanning in 118 ms. Found 1 JPA repository interface.
2026-05-16T16:22:57.345-04:00  INFO 17288 --- [product] [main] o.s.boot.tomcat.TomcatWebServer          : Tomcat initialized with port 8085 (http)
2026-05-16T16:22:57.360-04:00  INFO 17288 --- [product] [main] o.apache.catalina.core.StandardService   : Starting service [Tomcat]
2026-05-16T16:22:57.360-04:00  INFO 17288 --- [product] [main] o.apache.catalina.core.StandardEngine    : Starting Servlet engine: [Apache Tomcat/11.0.21]
2026-05-16T16:22:57.428-04:00  INFO 17288 --- [product] [main] b.w.c.s.WebApplicationContextInitializer : Root WebApplicationContext: initialization completed in 1260 ms
2026-05-16T16:22:57.836-04:00  INFO 17288 --- [product] [main] com.zaxxer.hikari.HikariDataSource       : HikariPool-1 - Starting...
2026-05-16T16:22:58.150-04:00  INFO 17288 --- [product] [main] com.zaxxer.hikari.pool.HikariPool        : HikariPool-1 - Added connection com.mysql.cj.jdbc.ConnectionImpl@16e907b6
2026-05-16T16:22:58.152-04:00  INFO 17288 --- [product] [main] com.zaxxer.hikari.HikariDataSource       : HikariPool-1 - Start completed.
2026-05-16T16:22:58.194-04:00  INFO 17288 --- [product] [main] org.flywaydb.core.FlywayExecutor         : Database: jdbc:mysql://localhost:3306/product_db (MySQL 8.4)
2026-05-16T16:22:58.208-04:00  WARN 17288 --- [product] [main] o.f.c.internal.database.base.Database    : Using MySQL 8.4 which is newer than the version Flyway has been verified with. The latest verified version of MySQL is 8.1.
2026-05-16T16:22:58.255-04:00  INFO 17288 --- [product] [main] o.f.core.internal.command.DbValidate     : Successfully validated 2 migrations (execution time 00:00.032s)
2026-05-16T16:22:58.275-04:00  INFO 17288 --- [product] [main] o.f.core.internal.command.DbMigrate      : Current version of schema `product_db`: 2
2026-05-16T16:22:58.278-04:00  INFO 17288 --- [product] [main] o.f.core.internal.command.DbMigrate      : Schema `product_db` is up to date. No migration necessary.
2026-05-16T16:22:58.373-04:00  INFO 17288 --- [product] [main] org.hibernate.orm.jpa                    : HHH008540: Processing PersistenceUnitInfo [name: default]
2026-05-16T16:22:58.427-04:00  INFO 17288 --- [product] [main] org.hibernate.orm.core                   : HHH000001: Hibernate ORM core version 7.2.12.Final
2026-05-16T16:22:58.814-04:00  INFO 17288 --- [product] [main] o.s.o.j.p.SpringPersistenceUnitInfo      : No LoadTimeWeaver setup: ignoring JPA class transformer
2026-05-16T16:22:58.890-04:00  INFO 17288 --- [product] [main] org.hibernate.orm.connections.pooling    : HHH10001005: Database info:
	Database JDBC URL [jdbc:mysql://localhost:3306/product_db]
	Database driver: MySQL Connector/J
	Database dialect: MySQLDialect
	Database version: 8.4.3
	Default catalog/schema: product_db/undefined
	Autocommit mode: undefined/unknown
	Isolation level: REPEATABLE_READ [default REPEATABLE_READ]
	JDBC fetch size: none
	Pool: DataSourceConnectionProvider
	Minimum pool size: undefined/unknown
	Maximum pool size: undefined/unknown
2026-05-16T16:22:59.483-04:00  INFO 17288 --- [product] [main] org.hibernate.orm.core                   : HHH000489: No JTA platform available (set 'hibernate.transaction.jta.platform' to enable JTA platform integration)
2026-05-16T16:22:59.514-04:00  INFO 17288 --- [product] [main] j.LocalContainerEntityManagerFactoryBean : Initialized JPA EntityManagerFactory for persistence unit 'default'
2026-05-16T16:22:59.698-04:00  INFO 17288 --- [product] [main] o.s.d.j.r.query.QueryEnhancerFactories   : Hibernate is in classpath; If applicable, HQL parser will be used.
2026-05-16T16:23:00.349-04:00  INFO 17288 --- [product] [main] o.s.boot.tomcat.TomcatWebServer          : Tomcat started on port 8085 (http) with context path '/api'
2026-05-16T16:23:00.355-04:00  INFO 17288 --- [product] [main] c.g.ventas.product.ProductApplication    : Started ProductApplication in 4.672 seconds (process running for 5.069)
2026-05-16T16:24:11.173-04:00  INFO 4248 --- [product] [main] c.g.ventas.review.ReviewApplication      : Starting ReviewApplication using Java 21.0.10 with PID 4248 (C:\Users\ferdi\Documents\gestion-de-ventas-online\review\target\classes started by ferdi in C:\Users\ferdi\Documents\gestion-de-ventas-online)
2026-05-16T16:24:11.176-04:00 DEBUG 4248 --- [product] [main] c.g.ventas.review.ReviewApplication      : Running with Spring Boot v4.0.6, Spring v7.0.7
2026-05-16T16:24:11.177-04:00  INFO 4248 --- [product] [main] c.g.ventas.review.ReviewApplication      : No active profile set, falling back to 1 default profile: "default"
2026-05-16T16:24:11.904-04:00  INFO 4248 --- [product] [main] .s.d.r.c.RepositoryConfigurationDelegate : Bootstrapping Spring Data JPA repositories in DEFAULT mode.
2026-05-16T16:24:12.026-04:00  INFO 4248 --- [product] [main] .s.d.r.c.RepositoryConfigurationDelegate : Finished Spring Data repository scanning in 114 ms. Found 1 JPA repository interface.
2026-05-16T16:24:12.514-04:00  INFO 4248 --- [product] [main] o.s.boot.tomcat.TomcatWebServer          : Tomcat initialized with port 8087 (http)
2026-05-16T16:24:12.527-04:00  INFO 4248 --- [product] [main] o.apache.catalina.core.StandardService   : Starting service [Tomcat]
2026-05-16T16:24:12.527-04:00  INFO 4248 --- [product] [main] o.apache.catalina.core.StandardEngine    : Starting Servlet engine: [Apache Tomcat/11.0.21]
2026-05-16T16:24:12.594-04:00  INFO 4248 --- [product] [main] b.w.c.s.WebApplicationContextInitializer : Root WebApplicationContext: initialization completed in 1372 ms
2026-05-16T16:24:12.653-04:00 DEBUG 4248 --- [product] [main] c.g.v.r.s.JwtAuthenticationFilter        : Filter 'jwtAuthenticationFilter' configured for use
2026-05-16T16:24:13.011-04:00  INFO 4248 --- [product] [main] com.zaxxer.hikari.HikariDataSource       : HikariPool-1 - Starting...
2026-05-16T16:24:13.307-04:00  INFO 4248 --- [product] [main] com.zaxxer.hikari.pool.HikariPool        : HikariPool-1 - Added connection com.mysql.cj.jdbc.ConnectionImpl@67f591c2
2026-05-16T16:24:13.308-04:00  INFO 4248 --- [product] [main] com.zaxxer.hikari.HikariDataSource       : HikariPool-1 - Start completed.
2026-05-16T16:24:13.351-04:00  INFO 4248 --- [product] [main] org.flywaydb.core.FlywayExecutor         : Database: jdbc:mysql://localhost:3306/review_db (MySQL 8.4)
2026-05-16T16:24:13.361-04:00  WARN 4248 --- [product] [main] o.f.c.internal.database.base.Database    : Using MySQL 8.4 which is newer than the version Flyway has been verified with. The latest verified version of MySQL is 8.1.
2026-05-16T16:24:13.403-04:00  INFO 4248 --- [product] [main] o.f.core.internal.command.DbValidate     : Successfully validated 2 migrations (execution time 00:00.029s)
2026-05-16T16:24:13.421-04:00  INFO 4248 --- [product] [main] o.f.core.internal.command.DbMigrate      : Current version of schema `review_db`: 2
2026-05-16T16:24:13.425-04:00  INFO 4248 --- [product] [main] o.f.core.internal.command.DbMigrate      : Schema `review_db` is up to date. No migration necessary.
2026-05-16T16:24:13.549-04:00  INFO 4248 --- [product] [main] org.hibernate.orm.jpa                    : HHH008540: Processing PersistenceUnitInfo [name: default]
2026-05-16T16:24:13.635-04:00  INFO 4248 --- [product] [main] org.hibernate.orm.core                   : HHH000001: Hibernate ORM core version 7.2.12.Final
2026-05-16T16:24:14.159-04:00  INFO 4248 --- [product] [main] o.s.o.j.p.SpringPersistenceUnitInfo      : No LoadTimeWeaver setup: ignoring JPA class transformer
2026-05-16T16:24:14.238-04:00  INFO 4248 --- [product] [main] org.hibernate.orm.connections.pooling    : HHH10001005: Database info:
	Database JDBC URL [jdbc:mysql://localhost:3306/review_db]
	Database driver: MySQL Connector/J
	Database dialect: MySQLDialect
	Database version: 8.4.3
	Default catalog/schema: review_db/undefined
	Autocommit mode: undefined/unknown
	Isolation level: REPEATABLE_READ [default REPEATABLE_READ]
	JDBC fetch size: none
	Pool: DataSourceConnectionProvider
	Minimum pool size: undefined/unknown
	Maximum pool size: undefined/unknown
2026-05-16T16:24:14.854-04:00  INFO 4248 --- [product] [main] org.hibernate.orm.core                   : HHH000489: No JTA platform available (set 'hibernate.transaction.jta.platform' to enable JTA platform integration)
2026-05-16T16:24:14.886-04:00  INFO 4248 --- [product] [main] j.LocalContainerEntityManagerFactoryBean : Initialized JPA EntityManagerFactory for persistence unit 'default'
2026-05-16T16:24:15.093-04:00  INFO 4248 --- [product] [main] o.s.d.j.r.query.QueryEnhancerFactories   : Hibernate is in classpath; If applicable, HQL parser will be used.
2026-05-16T16:24:16.029-04:00  INFO 4248 --- [product] [main] o.s.boot.tomcat.TomcatWebServer          : Tomcat started on port 8087 (http) with context path '/api'
2026-05-16T16:24:16.037-04:00  INFO 4248 --- [product] [main] c.g.ventas.review.ReviewApplication      : Started ReviewApplication in 5.297 seconds (process running for 5.69)
2026-05-16T18:03:03.046-04:00  INFO 4248 --- [product] [http-nio-8087-exec-1] o.a.c.c.C.[Tomcat].[localhost].[/api]    : Initializing Spring DispatcherServlet 'dispatcherServlet'
2026-05-16T18:03:03.047-04:00  INFO 4248 --- [product] [http-nio-8087-exec-1] o.s.web.servlet.DispatcherServlet        : Initializing Servlet 'dispatcherServlet'
2026-05-16T18:03:03.050-04:00  INFO 4248 --- [product] [http-nio-8087-exec-1] o.s.web.servlet.DispatcherServlet        : Completed initialization in 1 ms
2026-05-16T18:03:03.150-04:00  INFO 4248 --- [product] [http-nio-8087-exec-1] c.g.v.r.s.JwtAuthenticationFilter        : Token valido para usuario: 1
2026-05-16T18:03:03.173-04:00  INFO 4248 --- [product] [http-nio-8087-exec-1] c.g.v.r.controller.ReviewController      : GET api/v1/review/allreviews
2026-05-16T18:03:03.178-04:00  INFO 4248 --- [product] [http-nio-8087-exec-1] c.g.ventas.review.service.ReviewService  : Buscando todos los reviews..
2026-05-16T18:03:15.174-04:00  INFO 4248 --- [product] [http-nio-8087-exec-2] c.g.v.r.s.JwtAuthenticationFilter        : Token valido para usuario: 1
2026-05-16T18:03:15.180-04:00  INFO 4248 --- [product] [http-nio-8087-exec-2] c.g.v.r.controller.ReviewController      : GET api/v1/review/reviewPorId
2026-05-16T18:03:15.180-04:00  INFO 4248 --- [product] [http-nio-8087-exec-2] c.g.ventas.review.service.ReviewService  : Buscando review con la id: 1
2026-05-16T18:03:33.761-04:00  INFO 4248 --- [product] [http-nio-8087-exec-3] c.g.v.r.s.JwtAuthenticationFilter        : Token valido para usuario: 1
2026-05-16T18:03:33.761-04:00  INFO 4248 --- [product] [http-nio-8087-exec-3] c.g.v.r.controller.ReviewController      : GET api/v1/review/allreviews
2026-05-16T18:03:33.762-04:00  INFO 4248 --- [product] [http-nio-8087-exec-3] c.g.ventas.review.service.ReviewService  : Buscando todos los reviews..
2026-05-16T18:03:46.880-04:00  INFO 4248 --- [product] [http-nio-8087-exec-4] c.g.v.r.s.JwtAuthenticationFilter        : Token valido para usuario: 1
2026-05-16T18:03:46.881-04:00  INFO 4248 --- [product] [http-nio-8087-exec-4] c.g.v.r.controller.ReviewController      : GET api/v1/review/reviewPorId
2026-05-16T18:03:46.882-04:00  INFO 4248 --- [product] [http-nio-8087-exec-4] c.g.ventas.review.service.ReviewService  : Buscando review con la id: 1
2026-05-16T18:04:35.375-04:00  INFO 4248 --- [product] [http-nio-8087-exec-5] c.g.v.r.s.JwtAuthenticationFilter        : Token valido para usuario: 1
2026-05-16T18:04:35.376-04:00  INFO 4248 --- [product] [http-nio-8087-exec-5] c.g.v.r.controller.ReviewController      : DELETE api/v1/review/deleteReview
2026-05-16T18:04:35.376-04:00  INFO 4248 --- [product] [http-nio-8087-exec-5] c.g.ventas.review.service.ReviewService  : Eliminando producto con la id: 1
2026-05-16T18:04:39.025-04:00  INFO 4248 --- [product] [http-nio-8087-exec-6] c.g.v.r.s.JwtAuthenticationFilter        : Token valido para usuario: 1
2026-05-16T18:04:39.026-04:00  INFO 4248 --- [product] [http-nio-8087-exec-6] c.g.v.r.controller.ReviewController      : GET api/v1/review/reviewPorId
2026-05-16T18:04:39.026-04:00  INFO 4248 --- [product] [http-nio-8087-exec-6] c.g.ventas.review.service.ReviewService  : Buscando review con la id: 1
2026-05-16T18:04:39.032-04:00 ERROR 4248 --- [product] [http-nio-8087-exec-6] c.g.v.r.e.GlobalExceptionHandler         : Usuario no encontrado: No se encontro la review con esa id.
2026-05-16T18:04:46.737-04:00  INFO 4248 --- [product] [http-nio-8087-exec-7] c.g.v.r.s.JwtAuthenticationFilter        : Token valido para usuario: 1
2026-05-16T18:04:46.738-04:00  INFO 4248 --- [product] [http-nio-8087-exec-7] c.g.v.r.controller.ReviewController      : GET api/v1/review/reviewPorId
2026-05-16T18:04:46.738-04:00  INFO 4248 --- [product] [http-nio-8087-exec-7] c.g.ventas.review.service.ReviewService  : Buscando review con la id: 2
2026-05-16T18:05:36.924-04:00  INFO 4248 --- [product] [http-nio-8087-exec-8] c.g.v.r.s.JwtAuthenticationFilter        : Token valido para usuario: 1
2026-05-16T18:05:37.002-04:00 ERROR 4248 --- [product] [http-nio-8087-exec-8] c.g.v.r.e.GlobalExceptionHandler         : Solicitud invalida: Validation failed for argument [1] in public org.springframework.http.ResponseEntity<cl.gestion.ventas.review.dto.ReviewResponse> cl.gestion.ventas.review.controller.ReviewController.putReview(java.lang.Long,cl.gestion.ventas.review.dto.ReviewRequestDTO,java.lang.String) with 2 errors: [Field error in object 'reviewRequestDTO' on field 'rating': rejected value [null]; codes [NotNull.reviewRequestDTO.rating,NotNull.rating,NotNull.java.lang.Integer,NotNull]; arguments [org.springframework.context.support.DefaultMessageSourceResolvable: codes [reviewRequestDTO.rating,rating]; arguments []; default message [rating]]; default message [La calificacion es obligatoria]] [Field error in object 'reviewRequestDTO' on field 'productId': rejected value [null]; codes [NotNull.reviewRequestDTO.productId,NotNull.productId,NotNull.java.lang.Long,NotNull]; arguments [org.springframework.context.support.DefaultMessageSourceResolvable: codes [reviewRequestDTO.productId,productId]; arguments []; default message [productId]]; default message [El id del producto es obligatorio]] 
2026-05-16T18:05:45.497-04:00  INFO 4248 --- [product] [http-nio-8087-exec-9] c.g.v.r.s.JwtAuthenticationFilter        : Token valido para usuario: 1
2026-05-16T18:05:45.499-04:00 ERROR 4248 --- [product] [http-nio-8087-exec-9] c.g.v.r.e.GlobalExceptionHandler         : Solicitud invalida: Validation failed for argument [1] in public org.springframework.http.ResponseEntity<cl.gestion.ventas.review.dto.ReviewResponse> cl.gestion.ventas.review.controller.ReviewController.putReview(java.lang.Long,cl.gestion.ventas.review.dto.ReviewRequestDTO,java.lang.String) with 2 errors: [Field error in object 'reviewRequestDTO' on field 'productId': rejected value [null]; codes [NotNull.reviewRequestDTO.productId,NotNull.productId,NotNull.java.lang.Long,NotNull]; arguments [org.springframework.context.support.DefaultMessageSourceResolvable: codes [reviewRequestDTO.productId,productId]; arguments []; default message [productId]]; default message [El id del producto es obligatorio]] [Field error in object 'reviewRequestDTO' on field 'rating': rejected value [null]; codes [NotNull.reviewRequestDTO.rating,NotNull.rating,NotNull.java.lang.Integer,NotNull]; arguments [org.springframework.context.support.DefaultMessageSourceResolvable: codes [reviewRequestDTO.rating,rating]; arguments []; default message [rating]]; default message [La calificacion es obligatoria]] 
2026-05-16T18:05:45.896-04:00  INFO 4248 --- [product] [http-nio-8087-exec-10] c.g.v.r.s.JwtAuthenticationFilter        : Token valido para usuario: 1
2026-05-16T18:05:45.898-04:00 ERROR 4248 --- [product] [http-nio-8087-exec-10] c.g.v.r.e.GlobalExceptionHandler         : Solicitud invalida: Validation failed for argument [1] in public org.springframework.http.ResponseEntity<cl.gestion.ventas.review.dto.ReviewResponse> cl.gestion.ventas.review.controller.ReviewController.putReview(java.lang.Long,cl.gestion.ventas.review.dto.ReviewRequestDTO,java.lang.String) with 2 errors: [Field error in object 'reviewRequestDTO' on field 'rating': rejected value [null]; codes [NotNull.reviewRequestDTO.rating,NotNull.rating,NotNull.java.lang.Integer,NotNull]; arguments [org.springframework.context.support.DefaultMessageSourceResolvable: codes [reviewRequestDTO.rating,rating]; arguments []; default message [rating]]; default message [La calificacion es obligatoria]] [Field error in object 'reviewRequestDTO' on field 'productId': rejected value [null]; codes [NotNull.reviewRequestDTO.productId,NotNull.productId,NotNull.java.lang.Long,NotNull]; arguments [org.springframework.context.support.DefaultMessageSourceResolvable: codes [reviewRequestDTO.productId,productId]; arguments []; default message [productId]]; default message [El id del producto es obligatorio]] 
2026-05-16T18:05:46.040-04:00  INFO 4248 --- [product] [http-nio-8087-exec-1] c.g.v.r.s.JwtAuthenticationFilter        : Token valido para usuario: 1
2026-05-16T18:05:46.041-04:00 ERROR 4248 --- [product] [http-nio-8087-exec-1] c.g.v.r.e.GlobalExceptionHandler         : Solicitud invalida: Validation failed for argument [1] in public org.springframework.http.ResponseEntity<cl.gestion.ventas.review.dto.ReviewResponse> cl.gestion.ventas.review.controller.ReviewController.putReview(java.lang.Long,cl.gestion.ventas.review.dto.ReviewRequestDTO,java.lang.String) with 2 errors: [Field error in object 'reviewRequestDTO' on field 'rating': rejected value [null]; codes [NotNull.reviewRequestDTO.rating,NotNull.rating,NotNull.java.lang.Integer,NotNull]; arguments [org.springframework.context.support.DefaultMessageSourceResolvable: codes [reviewRequestDTO.rating,rating]; arguments []; default message [rating]]; default message [La calificacion es obligatoria]] [Field error in object 'reviewRequestDTO' on field 'productId': rejected value [null]; codes [NotNull.reviewRequestDTO.productId,NotNull.productId,NotNull.java.lang.Long,NotNull]; arguments [org.springframework.context.support.DefaultMessageSourceResolvable: codes [reviewRequestDTO.productId,productId]; arguments []; default message [productId]]; default message [El id del producto es obligatorio]] 
2026-05-16T18:05:46.472-04:00  INFO 4248 --- [product] [http-nio-8087-exec-2] c.g.v.r.s.JwtAuthenticationFilter        : Token valido para usuario: 1
2026-05-16T18:05:46.474-04:00 ERROR 4248 --- [product] [http-nio-8087-exec-2] c.g.v.r.e.GlobalExceptionHandler         : Solicitud invalida: Validation failed for argument [1] in public org.springframework.http.ResponseEntity<cl.gestion.ventas.review.dto.ReviewResponse> cl.gestion.ventas.review.controller.ReviewController.putReview(java.lang.Long,cl.gestion.ventas.review.dto.ReviewRequestDTO,java.lang.String) with 2 errors: [Field error in object 'reviewRequestDTO' on field 'rating': rejected value [null]; codes [NotNull.reviewRequestDTO.rating,NotNull.rating,NotNull.java.lang.Integer,NotNull]; arguments [org.springframework.context.support.DefaultMessageSourceResolvable: codes [reviewRequestDTO.rating,rating]; arguments []; default message [rating]]; default message [La calificacion es obligatoria]] [Field error in object 'reviewRequestDTO' on field 'productId': rejected value [null]; codes [NotNull.reviewRequestDTO.productId,NotNull.productId,NotNull.java.lang.Long,NotNull]; arguments [org.springframework.context.support.DefaultMessageSourceResolvable: codes [reviewRequestDTO.productId,productId]; arguments []; default message [productId]]; default message [El id del producto es obligatorio]] 
2026-05-16T18:05:46.638-04:00  INFO 4248 --- [product] [http-nio-8087-exec-3] c.g.v.r.s.JwtAuthenticationFilter        : Token valido para usuario: 1
2026-05-16T18:05:46.640-04:00 ERROR 4248 --- [product] [http-nio-8087-exec-3] c.g.v.r.e.GlobalExceptionHandler         : Solicitud invalida: Validation failed for argument [1] in public org.springframework.http.ResponseEntity<cl.gestion.ventas.review.dto.ReviewResponse> cl.gestion.ventas.review.controller.ReviewController.putReview(java.lang.Long,cl.gestion.ventas.review.dto.ReviewRequestDTO,java.lang.String) with 2 errors: [Field error in object 'reviewRequestDTO' on field 'rating': rejected value [null]; codes [NotNull.reviewRequestDTO.rating,NotNull.rating,NotNull.java.lang.Integer,NotNull]; arguments [org.springframework.context.support.DefaultMessageSourceResolvable: codes [reviewRequestDTO.rating,rating]; arguments []; default message [rating]]; default message [La calificacion es obligatoria]] [Field error in object 'reviewRequestDTO' on field 'productId': rejected value [null]; codes [NotNull.reviewRequestDTO.productId,NotNull.productId,NotNull.java.lang.Long,NotNull]; arguments [org.springframework.context.support.DefaultMessageSourceResolvable: codes [reviewRequestDTO.productId,productId]; arguments []; default message [productId]]; default message [El id del producto es obligatorio]] 
2026-05-16T18:05:46.768-04:00  INFO 4248 --- [product] [http-nio-8087-exec-4] c.g.v.r.s.JwtAuthenticationFilter        : Token valido para usuario: 1
2026-05-16T18:05:46.770-04:00 ERROR 4248 --- [product] [http-nio-8087-exec-4] c.g.v.r.e.GlobalExceptionHandler         : Solicitud invalida: Validation failed for argument [1] in public org.springframework.http.ResponseEntity<cl.gestion.ventas.review.dto.ReviewResponse> cl.gestion.ventas.review.controller.ReviewController.putReview(java.lang.Long,cl.gestion.ventas.review.dto.ReviewRequestDTO,java.lang.String) with 2 errors: [Field error in object 'reviewRequestDTO' on field 'rating': rejected value [null]; codes [NotNull.reviewRequestDTO.rating,NotNull.rating,NotNull.java.lang.Integer,NotNull]; arguments [org.springframework.context.support.DefaultMessageSourceResolvable: codes [reviewRequestDTO.rating,rating]; arguments []; default message [rating]]; default message [La calificacion es obligatoria]] [Field error in object 'reviewRequestDTO' on field 'productId': rejected value [null]; codes [NotNull.reviewRequestDTO.productId,NotNull.productId,NotNull.java.lang.Long,NotNull]; arguments [org.springframework.context.support.DefaultMessageSourceResolvable: codes [reviewRequestDTO.productId,productId]; arguments []; default message [productId]]; default message [El id del producto es obligatorio]] 
2026-05-16T18:05:46.892-04:00  INFO 4248 --- [product] [http-nio-8087-exec-5] c.g.v.r.s.JwtAuthenticationFilter        : Token valido para usuario: 1
2026-05-16T18:05:46.894-04:00 ERROR 4248 --- [product] [http-nio-8087-exec-5] c.g.v.r.e.GlobalExceptionHandler         : Solicitud invalida: Validation failed for argument [1] in public org.springframework.http.ResponseEntity<cl.gestion.ventas.review.dto.ReviewResponse> cl.gestion.ventas.review.controller.ReviewController.putReview(java.lang.Long,cl.gestion.ventas.review.dto.ReviewRequestDTO,java.lang.String) with 2 errors: [Field error in object 'reviewRequestDTO' on field 'rating': rejected value [null]; codes [NotNull.reviewRequestDTO.rating,NotNull.rating,NotNull.java.lang.Integer,NotNull]; arguments [org.springframework.context.support.DefaultMessageSourceResolvable: codes [reviewRequestDTO.rating,rating]; arguments []; default message [rating]]; default message [La calificacion es obligatoria]] [Field error in object 'reviewRequestDTO' on field 'productId': rejected value [null]; codes [NotNull.reviewRequestDTO.productId,NotNull.productId,NotNull.java.lang.Long,NotNull]; arguments [org.springframework.context.support.DefaultMessageSourceResolvable: codes [reviewRequestDTO.productId,productId]; arguments []; default message [productId]]; default message [El id del producto es obligatorio]] 
2026-05-16T18:05:47.016-04:00  INFO 4248 --- [product] [http-nio-8087-exec-6] c.g.v.r.s.JwtAuthenticationFilter        : Token valido para usuario: 1
2026-05-16T18:05:47.018-04:00 ERROR 4248 --- [product] [http-nio-8087-exec-6] c.g.v.r.e.GlobalExceptionHandler         : Solicitud invalida: Validation failed for argument [1] in public org.springframework.http.ResponseEntity<cl.gestion.ventas.review.dto.ReviewResponse> cl.gestion.ventas.review.controller.ReviewController.putReview(java.lang.Long,cl.gestion.ventas.review.dto.ReviewRequestDTO,java.lang.String) with 2 errors: [Field error in object 'reviewRequestDTO' on field 'rating': rejected value [null]; codes [NotNull.reviewRequestDTO.rating,NotNull.rating,NotNull.java.lang.Integer,NotNull]; arguments [org.springframework.context.support.DefaultMessageSourceResolvable: codes [reviewRequestDTO.rating,rating]; arguments []; default message [rating]]; default message [La calificacion es obligatoria]] [Field error in object 'reviewRequestDTO' on field 'productId': rejected value [null]; codes [NotNull.reviewRequestDTO.productId,NotNull.productId,NotNull.java.lang.Long,NotNull]; arguments [org.springframework.context.support.DefaultMessageSourceResolvable: codes [reviewRequestDTO.productId,productId]; arguments []; default message [productId]]; default message [El id del producto es obligatorio]] 
2026-05-16T18:05:47.264-04:00  INFO 4248 --- [product] [http-nio-8087-exec-7] c.g.v.r.s.JwtAuthenticationFilter        : Token valido para usuario: 1
2026-05-16T18:05:47.266-04:00 ERROR 4248 --- [product] [http-nio-8087-exec-7] c.g.v.r.e.GlobalExceptionHandler         : Solicitud invalida: Validation failed for argument [1] in public org.springframework.http.ResponseEntity<cl.gestion.ventas.review.dto.ReviewResponse> cl.gestion.ventas.review.controller.ReviewController.putReview(java.lang.Long,cl.gestion.ventas.review.dto.ReviewRequestDTO,java.lang.String) with 2 errors: [Field error in object 'reviewRequestDTO' on field 'productId': rejected value [null]; codes [NotNull.reviewRequestDTO.productId,NotNull.productId,NotNull.java.lang.Long,NotNull]; arguments [org.springframework.context.support.DefaultMessageSourceResolvable: codes [reviewRequestDTO.productId,productId]; arguments []; default message [productId]]; default message [El id del producto es obligatorio]] [Field error in object 'reviewRequestDTO' on field 'rating': rejected value [null]; codes [NotNull.reviewRequestDTO.rating,NotNull.rating,NotNull.java.lang.Integer,NotNull]; arguments [org.springframework.context.support.DefaultMessageSourceResolvable: codes [reviewRequestDTO.rating,rating]; arguments []; default message [rating]]; default message [La calificacion es obligatoria]] 
2026-05-16T18:05:47.677-04:00  INFO 4248 --- [product] [http-nio-8087-exec-8] c.g.v.r.s.JwtAuthenticationFilter        : Token valido para usuario: 1
2026-05-16T18:05:47.679-04:00 ERROR 4248 --- [product] [http-nio-8087-exec-8] c.g.v.r.e.GlobalExceptionHandler         : Solicitud invalida: Validation failed for argument [1] in public org.springframework.http.ResponseEntity<cl.gestion.ventas.review.dto.ReviewResponse> cl.gestion.ventas.review.controller.ReviewController.putReview(java.lang.Long,cl.gestion.ventas.review.dto.ReviewRequestDTO,java.lang.String) with 2 errors: [Field error in object 'reviewRequestDTO' on field 'productId': rejected value [null]; codes [NotNull.reviewRequestDTO.productId,NotNull.productId,NotNull.java.lang.Long,NotNull]; arguments [org.springframework.context.support.DefaultMessageSourceResolvable: codes [reviewRequestDTO.productId,productId]; arguments []; default message [productId]]; default message [El id del producto es obligatorio]] [Field error in object 'reviewRequestDTO' on field 'rating': rejected value [null]; codes [NotNull.reviewRequestDTO.rating,NotNull.rating,NotNull.java.lang.Integer,NotNull]; arguments [org.springframework.context.support.DefaultMessageSourceResolvable: codes [reviewRequestDTO.rating,rating]; arguments []; default message [rating]]; default message [La calificacion es obligatoria]] 
2026-05-16T18:05:47.815-04:00  INFO 4248 --- [product] [http-nio-8087-exec-9] c.g.v.r.s.JwtAuthenticationFilter        : Token valido para usuario: 1
2026-05-16T18:05:47.817-04:00 ERROR 4248 --- [product] [http-nio-8087-exec-9] c.g.v.r.e.GlobalExceptionHandler         : Solicitud invalida: Validation failed for argument [1] in public org.springframework.http.ResponseEntity<cl.gestion.ventas.review.dto.ReviewResponse> cl.gestion.ventas.review.controller.ReviewController.putReview(java.lang.Long,cl.gestion.ventas.review.dto.ReviewRequestDTO,java.lang.String) with 2 errors: [Field error in object 'reviewRequestDTO' on field 'productId': rejected value [null]; codes [NotNull.reviewRequestDTO.productId,NotNull.productId,NotNull.java.lang.Long,NotNull]; arguments [org.springframework.context.support.DefaultMessageSourceResolvable: codes [reviewRequestDTO.productId,productId]; arguments []; default message [productId]]; default message [El id del producto es obligatorio]] [Field error in object 'reviewRequestDTO' on field 'rating': rejected value [null]; codes [NotNull.reviewRequestDTO.rating,NotNull.rating,NotNull.java.lang.Integer,NotNull]; arguments [org.springframework.context.support.DefaultMessageSourceResolvable: codes [reviewRequestDTO.rating,rating]; arguments []; default message [rating]]; default message [La calificacion es obligatoria]] 
2026-05-16T18:05:47.952-04:00  INFO 4248 --- [product] [http-nio-8087-exec-10] c.g.v.r.s.JwtAuthenticationFilter        : Token valido para usuario: 1
2026-05-16T18:05:47.954-04:00 ERROR 4248 --- [product] [http-nio-8087-exec-10] c.g.v.r.e.GlobalExceptionHandler         : Solicitud invalida: Validation failed for argument [1] in public org.springframework.http.ResponseEntity<cl.gestion.ventas.review.dto.ReviewResponse> cl.gestion.ventas.review.controller.ReviewController.putReview(java.lang.Long,cl.gestion.ventas.review.dto.ReviewRequestDTO,java.lang.String) with 2 errors: [Field error in object 'reviewRequestDTO' on field 'rating': rejected value [null]; codes [NotNull.reviewRequestDTO.rating,NotNull.rating,NotNull.java.lang.Integer,NotNull]; arguments [org.springframework.context.support.DefaultMessageSourceResolvable: codes [reviewRequestDTO.rating,rating]; arguments []; default message [rating]]; default message [La calificacion es obligatoria]] [Field error in object 'reviewRequestDTO' on field 'productId': rejected value [null]; codes [NotNull.reviewRequestDTO.productId,NotNull.productId,NotNull.java.lang.Long,NotNull]; arguments [org.springframework.context.support.DefaultMessageSourceResolvable: codes [reviewRequestDTO.productId,productId]; arguments []; default message [productId]]; default message [El id del producto es obligatorio]] 
2026-05-16T18:05:48.089-04:00  INFO 4248 --- [product] [http-nio-8087-exec-1] c.g.v.r.s.JwtAuthenticationFilter        : Token valido para usuario: 1
2026-05-16T18:05:48.091-04:00 ERROR 4248 --- [product] [http-nio-8087-exec-1] c.g.v.r.e.GlobalExceptionHandler         : Solicitud invalida: Validation failed for argument [1] in public org.springframework.http.ResponseEntity<cl.gestion.ventas.review.dto.ReviewResponse> cl.gestion.ventas.review.controller.ReviewController.putReview(java.lang.Long,cl.gestion.ventas.review.dto.ReviewRequestDTO,java.lang.String) with 2 errors: [Field error in object 'reviewRequestDTO' on field 'rating': rejected value [null]; codes [NotNull.reviewRequestDTO.rating,NotNull.rating,NotNull.java.lang.Integer,NotNull]; arguments [org.springframework.context.support.DefaultMessageSourceResolvable: codes [reviewRequestDTO.rating,rating]; arguments []; default message [rating]]; default message [La calificacion es obligatoria]] [Field error in object 'reviewRequestDTO' on field 'productId': rejected value [null]; codes [NotNull.reviewRequestDTO.productId,NotNull.productId,NotNull.java.lang.Long,NotNull]; arguments [org.springframework.context.support.DefaultMessageSourceResolvable: codes [reviewRequestDTO.productId,productId]; arguments []; default message [productId]]; default message [El id del producto es obligatorio]] 
2026-05-16T18:05:48.221-04:00  INFO 4248 --- [product] [http-nio-8087-exec-2] c.g.v.r.s.JwtAuthenticationFilter        : Token valido para usuario: 1
2026-05-16T18:05:48.223-04:00 ERROR 4248 --- [product] [http-nio-8087-exec-2] c.g.v.r.e.GlobalExceptionHandler         : Solicitud invalida: Validation failed for argument [1] in public org.springframework.http.ResponseEntity<cl.gestion.ventas.review.dto.ReviewResponse> cl.gestion.ventas.review.controller.ReviewController.putReview(java.lang.Long,cl.gestion.ventas.review.dto.ReviewRequestDTO,java.lang.String) with 2 errors: [Field error in object 'reviewRequestDTO' on field 'rating': rejected value [null]; codes [NotNull.reviewRequestDTO.rating,NotNull.rating,NotNull.java.lang.Integer,NotNull]; arguments [org.springframework.context.support.DefaultMessageSourceResolvable: codes [reviewRequestDTO.rating,rating]; arguments []; default message [rating]]; default message [La calificacion es obligatoria]] [Field error in object 'reviewRequestDTO' on field 'productId': rejected value [null]; codes [NotNull.reviewRequestDTO.productId,NotNull.productId,NotNull.java.lang.Long,NotNull]; arguments [org.springframework.context.support.DefaultMessageSourceResolvable: codes [reviewRequestDTO.productId,productId]; arguments []; default message [productId]]; default message [El id del producto es obligatorio]] 
2026-05-16T18:05:48.360-04:00  INFO 4248 --- [product] [http-nio-8087-exec-3] c.g.v.r.s.JwtAuthenticationFilter        : Token valido para usuario: 1
2026-05-16T18:05:48.362-04:00 ERROR 4248 --- [product] [http-nio-8087-exec-3] c.g.v.r.e.GlobalExceptionHandler         : Solicitud invalida: Validation failed for argument [1] in public org.springframework.http.ResponseEntity<cl.gestion.ventas.review.dto.ReviewResponse> cl.gestion.ventas.review.controller.ReviewController.putReview(java.lang.Long,cl.gestion.ventas.review.dto.ReviewRequestDTO,java.lang.String) with 2 errors: [Field error in object 'reviewRequestDTO' on field 'productId': rejected value [null]; codes [NotNull.reviewRequestDTO.productId,NotNull.productId,NotNull.java.lang.Long,NotNull]; arguments [org.springframework.context.support.DefaultMessageSourceResolvable: codes [reviewRequestDTO.productId,productId]; arguments []; default message [productId]]; default message [El id del producto es obligatorio]] [Field error in object 'reviewRequestDTO' on field 'rating': rejected value [null]; codes [NotNull.reviewRequestDTO.rating,NotNull.rating,NotNull.java.lang.Integer,NotNull]; arguments [org.springframework.context.support.DefaultMessageSourceResolvable: codes [reviewRequestDTO.rating,rating]; arguments []; default message [rating]]; default message [La calificacion es obligatoria]] 
2026-05-16T18:05:48.504-04:00  INFO 4248 --- [product] [http-nio-8087-exec-4] c.g.v.r.s.JwtAuthenticationFilter        : Token valido para usuario: 1
2026-05-16T18:05:48.506-04:00 ERROR 4248 --- [product] [http-nio-8087-exec-4] c.g.v.r.e.GlobalExceptionHandler         : Solicitud invalida: Validation failed for argument [1] in public org.springframework.http.ResponseEntity<cl.gestion.ventas.review.dto.ReviewResponse> cl.gestion.ventas.review.controller.ReviewController.putReview(java.lang.Long,cl.gestion.ventas.review.dto.ReviewRequestDTO,java.lang.String) with 2 errors: [Field error in object 'reviewRequestDTO' on field 'rating': rejected value [null]; codes [NotNull.reviewRequestDTO.rating,NotNull.rating,NotNull.java.lang.Integer,NotNull]; arguments [org.springframework.context.support.DefaultMessageSourceResolvable: codes [reviewRequestDTO.rating,rating]; arguments []; default message [rating]]; default message [La calificacion es obligatoria]] [Field error in object 'reviewRequestDTO' on field 'productId': rejected value [null]; codes [NotNull.reviewRequestDTO.productId,NotNull.productId,NotNull.java.lang.Long,NotNull]; arguments [org.springframework.context.support.DefaultMessageSourceResolvable: codes [reviewRequestDTO.productId,productId]; arguments []; default message [productId]]; default message [El id del producto es obligatorio]] 
2026-05-16T18:05:48.627-04:00  INFO 4248 --- [product] [http-nio-8087-exec-5] c.g.v.r.s.JwtAuthenticationFilter        : Token valido para usuario: 1
2026-05-16T18:05:48.628-04:00 ERROR 4248 --- [product] [http-nio-8087-exec-5] c.g.v.r.e.GlobalExceptionHandler         : Solicitud invalida: Validation failed for argument [1] in public org.springframework.http.ResponseEntity<cl.gestion.ventas.review.dto.ReviewResponse> cl.gestion.ventas.review.controller.ReviewController.putReview(java.lang.Long,cl.gestion.ventas.review.dto.ReviewRequestDTO,java.lang.String) with 2 errors: [Field error in object 'reviewRequestDTO' on field 'productId': rejected value [null]; codes [NotNull.reviewRequestDTO.productId,NotNull.productId,NotNull.java.lang.Long,NotNull]; arguments [org.springframework.context.support.DefaultMessageSourceResolvable: codes [reviewRequestDTO.productId,productId]; arguments []; default message [productId]]; default message [El id del producto es obligatorio]] [Field error in object 'reviewRequestDTO' on field 'rating': rejected value [null]; codes [NotNull.reviewRequestDTO.rating,NotNull.rating,NotNull.java.lang.Integer,NotNull]; arguments [org.springframework.context.support.DefaultMessageSourceResolvable: codes [reviewRequestDTO.rating,rating]; arguments []; default message [rating]]; default message [La calificacion es obligatoria]] 
2026-05-16T18:05:48.761-04:00  INFO 4248 --- [product] [http-nio-8087-exec-6] c.g.v.r.s.JwtAuthenticationFilter        : Token valido para usuario: 1
2026-05-16T18:05:48.763-04:00 ERROR 4248 --- [product] [http-nio-8087-exec-6] c.g.v.r.e.GlobalExceptionHandler         : Solicitud invalida: Validation failed for argument [1] in public org.springframework.http.ResponseEntity<cl.gestion.ventas.review.dto.ReviewResponse> cl.gestion.ventas.review.controller.ReviewController.putReview(java.lang.Long,cl.gestion.ventas.review.dto.ReviewRequestDTO,java.lang.String) with 2 errors: [Field error in object 'reviewRequestDTO' on field 'rating': rejected value [null]; codes [NotNull.reviewRequestDTO.rating,NotNull.rating,NotNull.java.lang.Integer,NotNull]; arguments [org.springframework.context.support.DefaultMessageSourceResolvable: codes [reviewRequestDTO.rating,rating]; arguments []; default message [rating]]; default message [La calificacion es obligatoria]] [Field error in object 'reviewRequestDTO' on field 'productId': rejected value [null]; codes [NotNull.reviewRequestDTO.productId,NotNull.productId,NotNull.java.lang.Long,NotNull]; arguments [org.springframework.context.support.DefaultMessageSourceResolvable: codes [reviewRequestDTO.productId,productId]; arguments []; default message [productId]]; default message [El id del producto es obligatorio]] 
2026-05-16T18:05:48.923-04:00  INFO 4248 --- [product] [http-nio-8087-exec-7] c.g.v.r.s.JwtAuthenticationFilter        : Token valido para usuario: 1
2026-05-16T18:05:48.924-04:00 ERROR 4248 --- [product] [http-nio-8087-exec-7] c.g.v.r.e.GlobalExceptionHandler         : Solicitud invalida: Validation failed for argument [1] in public org.springframework.http.ResponseEntity<cl.gestion.ventas.review.dto.ReviewResponse> cl.gestion.ventas.review.controller.ReviewController.putReview(java.lang.Long,cl.gestion.ventas.review.dto.ReviewRequestDTO,java.lang.String) with 2 errors: [Field error in object 'reviewRequestDTO' on field 'productId': rejected value [null]; codes [NotNull.reviewRequestDTO.productId,NotNull.productId,NotNull.java.lang.Long,NotNull]; arguments [org.springframework.context.support.DefaultMessageSourceResolvable: codes [reviewRequestDTO.productId,productId]; arguments []; default message [productId]]; default message [El id del producto es obligatorio]] [Field error in object 'reviewRequestDTO' on field 'rating': rejected value [null]; codes [NotNull.reviewRequestDTO.rating,NotNull.rating,NotNull.java.lang.Integer,NotNull]; arguments [org.springframework.context.support.DefaultMessageSourceResolvable: codes [reviewRequestDTO.rating,rating]; arguments []; default message [rating]]; default message [La calificacion es obligatoria]] 
2026-05-16T18:05:49.052-04:00  INFO 4248 --- [product] [http-nio-8087-exec-8] c.g.v.r.s.JwtAuthenticationFilter        : Token valido para usuario: 1
2026-05-16T18:05:49.054-04:00 ERROR 4248 --- [product] [http-nio-8087-exec-8] c.g.v.r.e.GlobalExceptionHandler         : Solicitud invalida: Validation failed for argument [1] in public org.springframework.http.ResponseEntity<cl.gestion.ventas.review.dto.ReviewResponse> cl.gestion.ventas.review.controller.ReviewController.putReview(java.lang.Long,cl.gestion.ventas.review.dto.ReviewRequestDTO,java.lang.String) with 2 errors: [Field error in object 'reviewRequestDTO' on field 'productId': rejected value [null]; codes [NotNull.reviewRequestDTO.productId,NotNull.productId,NotNull.java.lang.Long,NotNull]; arguments [org.springframework.context.support.DefaultMessageSourceResolvable: codes [reviewRequestDTO.productId,productId]; arguments []; default message [productId]]; default message [El id del producto es obligatorio]] [Field error in object 'reviewRequestDTO' on field 'rating': rejected value [null]; codes [NotNull.reviewRequestDTO.rating,NotNull.rating,NotNull.java.lang.Integer,NotNull]; arguments [org.springframework.context.support.DefaultMessageSourceResolvable: codes [reviewRequestDTO.rating,rating]; arguments []; default message [rating]]; default message [La calificacion es obligatoria]] 
2026-05-16T18:05:49.214-04:00  INFO 4248 --- [product] [http-nio-8087-exec-9] c.g.v.r.s.JwtAuthenticationFilter        : Token valido para usuario: 1
2026-05-16T18:05:49.215-04:00 ERROR 4248 --- [product] [http-nio-8087-exec-9] c.g.v.r.e.GlobalExceptionHandler         : Solicitud invalida: Validation failed for argument [1] in public org.springframework.http.ResponseEntity<cl.gestion.ventas.review.dto.ReviewResponse> cl.gestion.ventas.review.controller.ReviewController.putReview(java.lang.Long,cl.gestion.ventas.review.dto.ReviewRequestDTO,java.lang.String) with 2 errors: [Field error in object 'reviewRequestDTO' on field 'rating': rejected value [null]; codes [NotNull.reviewRequestDTO.rating,NotNull.rating,NotNull.java.lang.Integer,NotNull]; arguments [org.springframework.context.support.DefaultMessageSourceResolvable: codes [reviewRequestDTO.rating,rating]; arguments []; default message [rating]]; default message [La calificacion es obligatoria]] [Field error in object 'reviewRequestDTO' on field 'productId': rejected value [null]; codes [NotNull.reviewRequestDTO.productId,NotNull.productId,NotNull.java.lang.Long,NotNull]; arguments [org.springframework.context.support.DefaultMessageSourceResolvable: codes [reviewRequestDTO.productId,productId]; arguments []; default message [productId]]; default message [El id del producto es obligatorio]] 
2026-05-16T18:06:02.965-04:00  INFO 4248 --- [product] [http-nio-8087-exec-10] c.g.v.r.s.JwtAuthenticationFilter        : Token valido para usuario: 1
2026-05-16T18:06:02.967-04:00 ERROR 4248 --- [product] [http-nio-8087-exec-10] c.g.v.r.e.GlobalExceptionHandler         : Solicitud invalida: Validation failed for argument [1] in public org.springframework.http.ResponseEntity<cl.gestion.ventas.review.dto.ReviewResponse> cl.gestion.ventas.review.controller.ReviewController.putReview(java.lang.Long,cl.gestion.ventas.review.dto.ReviewRequestDTO,java.lang.String): [Field error in object 'reviewRequestDTO' on field 'productId': rejected value [null]; codes [NotNull.reviewRequestDTO.productId,NotNull.productId,NotNull.java.lang.Long,NotNull]; arguments [org.springframework.context.support.DefaultMessageSourceResolvable: codes [reviewRequestDTO.productId,productId]; arguments []; default message [productId]]; default message [El id del producto es obligatorio]] 
2026-05-16T18:06:07.776-04:00  INFO 4248 --- [product] [http-nio-8087-exec-1] c.g.v.r.s.JwtAuthenticationFilter        : Token valido para usuario: 1
2026-05-16T18:06:07.778-04:00 ERROR 4248 --- [product] [http-nio-8087-exec-1] c.g.v.r.e.GlobalExceptionHandler         : Solicitud invalida: Validation failed for argument [1] in public org.springframework.http.ResponseEntity<cl.gestion.ventas.review.dto.ReviewResponse> cl.gestion.ventas.review.controller.ReviewController.putReview(java.lang.Long,cl.gestion.ventas.review.dto.ReviewRequestDTO,java.lang.String): [Field error in object 'reviewRequestDTO' on field 'productId': rejected value [null]; codes [NotNull.reviewRequestDTO.productId,NotNull.productId,NotNull.java.lang.Long,NotNull]; arguments [org.springframework.context.support.DefaultMessageSourceResolvable: codes [reviewRequestDTO.productId,productId]; arguments []; default message [productId]]; default message [El id del producto es obligatorio]] 
2026-05-16T18:06:18.208-04:00  INFO 4248 --- [product] [http-nio-8087-exec-2] c.g.v.r.s.JwtAuthenticationFilter        : Token valido para usuario: 1
2026-05-16T18:06:18.210-04:00 ERROR 4248 --- [product] [http-nio-8087-exec-2] c.g.v.r.e.GlobalExceptionHandler         : Solicitud invalida: Validation failed for argument [1] in public org.springframework.http.ResponseEntity<cl.gestion.ventas.review.dto.ReviewResponse> cl.gestion.ventas.review.controller.ReviewController.putReview(java.lang.Long,cl.gestion.ventas.review.dto.ReviewRequestDTO,java.lang.String): [Field error in object 'reviewRequestDTO' on field 'productId': rejected value [null]; codes [NotNull.reviewRequestDTO.productId,NotNull.productId,NotNull.java.lang.Long,NotNull]; arguments [org.springframework.context.support.DefaultMessageSourceResolvable: codes [reviewRequestDTO.productId,productId]; arguments []; default message [productId]]; default message [El id del producto es obligatorio]] 
2026-05-16T18:06:22.630-04:00  INFO 4248 --- [product] [http-nio-8087-exec-3] c.g.v.r.s.JwtAuthenticationFilter        : Token valido para usuario: 1
2026-05-16T18:06:22.639-04:00  INFO 4248 --- [product] [http-nio-8087-exec-3] c.g.v.r.controller.ReviewController      : PUT api/v1/review/modificarReview
2026-05-16T18:06:22.640-04:00  INFO 4248 --- [product] [http-nio-8087-exec-3] c.g.ventas.review.service.ReviewService  : Modificando review del product: 2
2026-05-16T18:06:27.116-04:00  INFO 4248 --- [product] [http-nio-8087-exec-4] c.g.v.r.s.JwtAuthenticationFilter        : Token valido para usuario: 1
2026-05-16T18:06:27.116-04:00  INFO 4248 --- [product] [http-nio-8087-exec-4] c.g.v.r.controller.ReviewController      : GET api/v1/review/reviewPorId
2026-05-16T18:06:27.116-04:00  INFO 4248 --- [product] [http-nio-8087-exec-4] c.g.ventas.review.service.ReviewService  : Buscando review con la id: 2
